[0.156s] Invoking command in 'C:\ws\techical_test_ROS\build\radar_pkg': C:\opt\ros\foxy\x64\Scripts\cmake.EXE C:\ws\techical_test_ROS\radar_ws\src\radar_pkg -DCMAKE_INSTALL_PREFIX=C:\ws\techical_test_ROS\install\radar_pkg
[0.297s] -- Selecting Windows SDK version 10.0.22621.0 to target Windows 10.0.19045.
[0.328s] -- Found ament_cmake: 0.9.9 (C:/opt/ros/foxy/x64/share/ament_cmake/cmake)
[0.406s] -- Using PYTHON_EXECUTABLE: C:/msys64/mingw64/bin/python3.exe
[0.890s] -- Found rclcpp: 2.4.0 (C:/opt/ros/foxy/x64/share/rclcpp/cmake)
[0.984s] -- Using all available rosidl_typesupport_c: rosidl_typesupport_fastrtps_c;rosidl_typesupport_introspection_c
[1.000s] -- Found rosidl_adapter: 1.2.1 (C:/opt/ros/foxy/x64/share/rosidl_adapter/cmake)
[2.234s] -- Using all available rosidl_typesupport_cpp: rosidl_typesupport_fastrtps_cpp;rosidl_typesupport_introspection_cpp
[2.390s] -- Found rmw_implementation_cmake: 1.0.3 (C:/opt/ros/foxy/x64/share/rmw_implementation_cmake/cmake)
[2.406s] -- Using RMW implementation 'rmw_fastrtps_cpp' as default
[2.640s] -- Found ament_lint_auto: 0.9.6 (C:/opt/ros/foxy/x64/share/ament_lint_auto/cmake)
[2.843s] -- Added test 'copyright' to check source files copyright and LICENSE
[2.859s] -- Added test 'cppcheck' to perform static code analysis on C / C++ code
[2.859s] -- Configured cppcheck include dirs: C:/ws/techical_test_ROS/radar_ws/src/radar_pkg/include
[2.859s] -- Configured cppcheck exclude dirs and/or files: 
[2.875s] -- Added test 'cpplint' to check C / C++ code against the Google style
[2.875s] -- Configured cpplint exclude dirs and/or files: 
[2.875s] -- Added test 'lint_cmake' to check CMake code style
[2.890s] -- Added test 'uncrustify' to check C / C++ code style
[2.890s] -- Configured uncrustify additional arguments: 
[2.890s] -- Added test 'xmllint' to check XML markup files
[2.968s] -- Configuring done
[3.359s] -- Generating done
[3.375s] -- Build files have been written to: C:/ws/techical_test_ROS/build/radar_pkg
[3.390s] Invoked command in 'C:\ws\techical_test_ROS\build\radar_pkg' returned '0': C:\opt\ros\foxy\x64\Scripts\cmake.EXE C:\ws\techical_test_ROS\radar_ws\src\radar_pkg -DCMAKE_INSTALL_PREFIX=C:\ws\techical_test_ROS\install\radar_pkg
[3.390s] Invoking command in 'C:\ws\techical_test_ROS\build\radar_pkg': CL=/MP C:\opt\ros\foxy\x64\Scripts\cmake.EXE --build C:\ws\techical_test_ROS\build\radar_pkg --config Release
[3.656s] Microsoft (R) Build Engine version 16.11.2+f32259642 for .NET Framework
[3.656s] Copyright (C) Microsoft Corporation. All rights reserved.
[3.656s] 
[4.218s]   Checking Build System
[4.468s]   Building Custom Rule C:/ws/techical_test_ROS/radar_ws/src/radar_pkg/CMakeLists.txt
[4.656s]   main.vcxproj -> C:\ws\techical_test_ROS\build\radar_pkg\Release\main.exe
[4.750s]   Building Custom Rule C:/ws/techical_test_ROS/radar_ws/src/radar_pkg/CMakeLists.txt
[4.843s] Invoked command in 'C:\ws\techical_test_ROS\build\radar_pkg' returned '0': CL=/MP C:\opt\ros\foxy\x64\Scripts\cmake.EXE --build C:\ws\techical_test_ROS\build\radar_pkg --config Release
[5.015s] Invoking command in 'C:\ws\techical_test_ROS\build\radar_pkg': C:\opt\ros\foxy\x64\Scripts\cmake.EXE --install C:\ws\techical_test_ROS\build\radar_pkg --config Release
[5.203s] -- Up-to-date: C:/ws/techical_test_ROS/install/radar_pkg/bin/main.exe
[5.218s] -- Up-to-date: C:/ws/techical_test_ROS/install/radar_pkg/lib/radar_pkg/main.exe
[5.234s] -- Up-to-date: C:/ws/techical_test_ROS/install/radar_pkg/share/ament_index/resource_index/package_run_dependencies/radar_pkg
[5.234s] -- Up-to-date: C:/ws/techical_test_ROS/install/radar_pkg/share/ament_index/resource_index/parent_prefix_path/radar_pkg
[5.234s] -- Up-to-date: C:/ws/techical_test_ROS/install/radar_pkg/share/radar_pkg/environment/ament_prefix_path.bat
[5.234s] -- Installing: C:/ws/techical_test_ROS/install/radar_pkg/share/radar_pkg/environment/ament_prefix_path.dsv
[5.234s] -- Up-to-date: C:/ws/techical_test_ROS/install/radar_pkg/share/radar_pkg/environment/path.bat
[5.250s] -- Installing: C:/ws/techical_test_ROS/install/radar_pkg/share/radar_pkg/environment/path.dsv
[5.250s] -- Up-to-date: C:/ws/techical_test_ROS/install/radar_pkg/share/radar_pkg/local_setup.bat
[5.250s] -- Installing: C:/ws/techical_test_ROS/install/radar_pkg/share/radar_pkg/local_setup.dsv
[5.265s] -- Installing: C:/ws/techical_test_ROS/install/radar_pkg/share/radar_pkg/package.dsv
[5.265s] -- Up-to-date: C:/ws/techical_test_ROS/install/radar_pkg/share/ament_index/resource_index/packages/radar_pkg
[5.265s] -- Up-to-date: C:/ws/techical_test_ROS/install/radar_pkg/share/radar_pkg/cmake/radar_pkgConfig.cmake
[5.265s] -- Up-to-date: C:/ws/techical_test_ROS/install/radar_pkg/share/radar_pkg/cmake/radar_pkgConfig-version.cmake
[5.265s] -- Up-to-date: C:/ws/techical_test_ROS/install/radar_pkg/share/radar_pkg/package.xml
[5.281s] Invoked command in 'C:\ws\techical_test_ROS\build\radar_pkg' returned '0': C:\opt\ros\foxy\x64\Scripts\cmake.EXE --install C:\ws\techical_test_ROS\build\radar_pkg --config Release
