[0.093s] Invoking command in 'C:\ws\techical_test_ROS\rl_ws\src\build\rl_pkg': C:\opt\ros\foxy\x64\Scripts\cmake.EXE C:\ws\techical_test_ROS\rl_ws\src\rl_pkg -DCMAKE_INSTALL_PREFIX=C:\ws\techical_test_ROS\rl_ws\src\install\rl_pkg -G Visual Studio 16 2019
[0.234s] -- Selecting Windows SDK version 10.0.22621.0 to target Windows 10.0.19045.
[2.093s] -- The C compiler identification is MSVC 19.29.30152.0
[3.218s] -- The CXX compiler identification is MSVC 19.29.30152.0
[3.281s] -- Detecting C compiler ABI info
[4.343s] -- Detecting C compiler ABI info - done
[4.375s] -- Check for working C compiler: C:/Program Files (x86)/Microsoft Visual Studio/2019/Community/VC/Tools/MSVC/14.29.30133/bin/Hostx64/x64/cl.exe - skipped
[4.375s] -- Detecting C compile features
[4.375s] -- Detecting C compile features - done
[4.390s] -- Detecting CXX compiler ABI info
[5.500s] -- Detecting CXX compiler ABI info - done
[5.531s] -- Check for working CXX compiler: C:/Program Files (x86)/Microsoft Visual Studio/2019/Community/VC/Tools/MSVC/14.29.30133/bin/Hostx64/x64/cl.exe - skipped
[5.531s] -- Detecting CXX compile features
[5.531s] -- Detecting CXX compile features - done
[5.562s] -- Found ament_cmake: 0.9.9 (C:/opt/ros/foxy/x64/share/ament_cmake/cmake)
[5.781s] -- Found PythonInterp: C:/msys64/mingw64/bin/python3.exe (found suitable version "3.9.6", minimum required is "3") 
[5.781s] -- Using PYTHON_EXECUTABLE: C:/msys64/mingw64/bin/python3.exe
[6.562s] -- Found ament_lint_auto: 0.9.6 (C:/opt/ros/foxy/x64/share/ament_lint_auto/cmake)
[6.937s] -- Added test 'copyright' to check source files copyright and LICENSE
[6.968s] -- Added test 'cppcheck' to perform static code analysis on C / C++ code
[6.968s] -- Configured cppcheck include dirs: 
[6.968s] -- Configured cppcheck exclude dirs and/or files: 
[6.984s] -- Added test 'cpplint' to check C / C++ code against the Google style
[6.984s] -- Configured cpplint exclude dirs and/or files: 
[7.000s] -- Added test 'lint_cmake' to check CMake code style
[7.015s] -- Added test 'uncrustify' to check C / C++ code style
[7.015s] -- Configured uncrustify additional arguments: 
[7.031s] -- Added test 'xmllint' to check XML markup files
[7.109s] -- Configuring done
[7.234s] -- Generating done
[7.265s] -- Build files have been written to: C:/ws/techical_test_ROS/rl_ws/src/build/rl_pkg
[7.281s] Invoked command in 'C:\ws\techical_test_ROS\rl_ws\src\build\rl_pkg' returned '0': C:\opt\ros\foxy\x64\Scripts\cmake.EXE C:\ws\techical_test_ROS\rl_ws\src\rl_pkg -DCMAKE_INSTALL_PREFIX=C:\ws\techical_test_ROS\rl_ws\src\install\rl_pkg -G Visual Studio 16 2019
[7.281s] Invoking command in 'C:\ws\techical_test_ROS\rl_ws\src\build\rl_pkg': CL=/MP C:\opt\ros\foxy\x64\Scripts\cmake.EXE --build C:\ws\techical_test_ROS\rl_ws\src\build\rl_pkg --config Release
[7.578s] Microsoft (R) Build Engine version 16.11.2+f32259642 for .NET Framework
[7.578s] Copyright (C) Microsoft Corporation. All rights reserved.
[7.578s] 
[8.109s]   Checking Build System
[8.265s]   Building Custom Rule C:/ws/techical_test_ROS/rl_ws/src/rl_pkg/CMakeLists.txt
[8.359s] Invoked command in 'C:\ws\techical_test_ROS\rl_ws\src\build\rl_pkg' returned '0': CL=/MP C:\opt\ros\foxy\x64\Scripts\cmake.EXE --build C:\ws\techical_test_ROS\rl_ws\src\build\rl_pkg --config Release
[8.500s] Invoking command in 'C:\ws\techical_test_ROS\rl_ws\src\build\rl_pkg': C:\opt\ros\foxy\x64\Scripts\cmake.EXE --install C:\ws\techical_test_ROS\rl_ws\src\build\rl_pkg --config Release
[8.625s] -- Installing: C:/ws/techical_test_ROS/rl_ws/src/install/rl_pkg/share/ament_index/resource_index/package_run_dependencies/rl_pkg
[8.640s] -- Installing: C:/ws/techical_test_ROS/rl_ws/src/install/rl_pkg/share/ament_index/resource_index/parent_prefix_path/rl_pkg
[8.640s] -- Installing: C:/ws/techical_test_ROS/rl_ws/src/install/rl_pkg/share/rl_pkg/environment/ament_prefix_path.bat
[8.640s] -- Installing: C:/ws/techical_test_ROS/rl_ws/src/install/rl_pkg/share/rl_pkg/environment/ament_prefix_path.dsv
[8.640s] -- Installing: C:/ws/techical_test_ROS/rl_ws/src/install/rl_pkg/share/rl_pkg/environment/path.bat
[8.640s] -- Installing: C:/ws/techical_test_ROS/rl_ws/src/install/rl_pkg/share/rl_pkg/environment/path.dsv
[8.640s] -- Installing: C:/ws/techical_test_ROS/rl_ws/src/install/rl_pkg/share/rl_pkg/local_setup.bat
[8.656s] -- Installing: C:/ws/techical_test_ROS/rl_ws/src/install/rl_pkg/share/rl_pkg/local_setup.dsv
[8.656s] -- Installing: C:/ws/techical_test_ROS/rl_ws/src/install/rl_pkg/share/rl_pkg/package.dsv
[8.656s] -- Installing: C:/ws/techical_test_ROS/rl_ws/src/install/rl_pkg/share/ament_index/resource_index/packages/rl_pkg
[8.656s] -- Installing: C:/ws/techical_test_ROS/rl_ws/src/install/rl_pkg/share/rl_pkg/cmake/rl_pkgConfig.cmake
[8.656s] -- Installing: C:/ws/techical_test_ROS/rl_ws/src/install/rl_pkg/share/rl_pkg/cmake/rl_pkgConfig-version.cmake
[8.656s] -- Installing: C:/ws/techical_test_ROS/rl_ws/src/install/rl_pkg/share/rl_pkg/package.xml
[8.672s] Invoked command in 'C:\ws\techical_test_ROS\rl_ws\src\build\rl_pkg' returned '0': C:\opt\ros\foxy\x64\Scripts\cmake.EXE --install C:\ws\techical_test_ROS\rl_ws\src\build\rl_pkg --config Release
