-- Selecting Windows SDK version 10.0.22621.0 to target Windows 10.0.19045.
-- The C compiler identification is MSVC 19.29.30152.0
-- The CXX compiler identification is MSVC 19.29.30152.0
-- Detecting C compiler ABI info
-- Detecting C compiler ABI info - done
-- Check for working C compiler: C:/Program Files (x86)/Microsoft Visual Studio/2019/Community/VC/Tools/MSVC/14.29.30133/bin/Hostx64/x64/cl.exe - skipped
-- Detecting C compile features
-- Detecting C compile features - done
-- Detecting CXX compiler ABI info
-- Detecting CXX compiler ABI info - done
-- Check for working CXX compiler: C:/Program Files (x86)/Microsoft Visual Studio/2019/Community/VC/Tools/MSVC/14.29.30133/bin/Hostx64/x64/cl.exe - skipped
-- Detecting CXX compile features
-- Detecting CXX compile features - done
-- Found ament_cmake: 0.9.9 (C:/opt/ros/foxy/x64/share/ament_cmake/cmake)
-- Found PythonInterp: C:/msys64/mingw64/bin/python3.exe (found suitable version "3.9.6", minimum required is "3") 
-- Using PYTHON_EXECUTABLE: C:/msys64/mingw64/bin/python3.exe
-- Found rclcpp: 2.4.0 (C:/opt/ros/foxy/x64/share/rclcpp/cmake)
-- Using all available rosidl_typesupport_c: rosidl_typesupport_fastrtps_c;rosidl_typesupport_introspection_c
-- Found rosidl_adapter: 1.2.1 (C:/opt/ros/foxy/x64/share/rosidl_adapter/cmake)
-- Found OpenSSL: C:/opt/ros/foxy/x64/Lib/libcrypto.lib (found version "1.1.1g")  
-- Found FastRTPS: C:/opt/ros/foxy/x64/include  
-- Using all available rosidl_typesupport_cpp: rosidl_typesupport_fastrtps_cpp;rosidl_typesupport_introspection_cpp
-- Found rmw_implementation_cmake: 1.0.3 (C:/opt/ros/foxy/x64/share/rmw_implementation_cmake/cmake)
-- Using RMW implementation 'rmw_fastrtps_cpp' as default
-- Looking for pthread.h
-- Looking for pthread.h - not found
-- Found Threads: TRUE  
-- Found ament_lint_auto: 0.9.6 (C:/opt/ros/foxy/x64/share/ament_lint_auto/cmake)
-- Added test 'copyright' to check source files copyright and LICENSE
-- Added test 'cppcheck' to perform static code analysis on C / C++ code
-- Configured cppcheck include dirs: C:/ws/techical_test_ROS/radar_ws/src/radar_pkg/include
-- Configured cppcheck exclude dirs and/or files: 
-- Added test 'cpplint' to check C / C++ code against the Google style
-- Configured cpplint exclude dirs and/or files: 
-- Added test 'lint_cmake' to check CMake code style
-- Added test 'uncrustify' to check C / C++ code style
-- Configured uncrustify additional arguments: 
-- Added test 'xmllint' to check XML markup files
-- Configuring done
-- Generating done
-- Build files have been written to: C:/ws/techical_test_ROS/build/radar_pkg
Microsoft (R) Build Engine version 16.11.2+f32259642 for .NET Framework
Copyright (C) Microsoft Corporation. All rights reserved.

  Checking Build System
  Building Custom Rule C:/ws/techical_test_ROS/radar_ws/src/radar_pkg/CMakeLists.txt
  main.cpp
  functions.cpp
  main.vcxproj -> C:\ws\techical_test_ROS\build\radar_pkg\Release\main.exe
  Building Custom Rule C:/ws/techical_test_ROS/radar_ws/src/radar_pkg/CMakeLists.txt
-- Installing: C:/ws/techical_test_ROS/install/radar_pkg/bin/main.exe
-- Installing: C:/ws/techical_test_ROS/install/radar_pkg/lib/radar_pkg/main.exe
-- Installing: C:/ws/techical_test_ROS/install/radar_pkg/share/ament_index/resource_index/package_run_dependencies/radar_pkg
-- Installing: C:/ws/techical_test_ROS/install/radar_pkg/share/ament_index/resource_index/parent_prefix_path/radar_pkg
-- Installing: C:/ws/techical_test_ROS/install/radar_pkg/share/radar_pkg/environment/ament_prefix_path.bat
-- Installing: C:/ws/techical_test_ROS/install/radar_pkg/share/radar_pkg/environment/ament_prefix_path.dsv
-- Installing: C:/ws/techical_test_ROS/install/radar_pkg/share/radar_pkg/environment/path.bat
-- Installing: C:/ws/techical_test_ROS/install/radar_pkg/share/radar_pkg/environment/path.dsv
-- Installing: C:/ws/techical_test_ROS/install/radar_pkg/share/radar_pkg/local_setup.bat
-- Installing: C:/ws/techical_test_ROS/install/radar_pkg/share/radar_pkg/local_setup.dsv
-- Installing: C:/ws/techical_test_ROS/install/radar_pkg/share/radar_pkg/package.dsv
-- Installing: C:/ws/techical_test_ROS/install/radar_pkg/share/ament_index/resource_index/packages/radar_pkg
-- Installing: C:/ws/techical_test_ROS/install/radar_pkg/share/radar_pkg/cmake/radar_pkgConfig.cmake
-- Installing: C:/ws/techical_test_ROS/install/radar_pkg/share/radar_pkg/cmake/radar_pkgConfig-version.cmake
-- Installing: C:/ws/techical_test_ROS/install/radar_pkg/share/radar_pkg/package.xml
