[0.172s] Invoking command in 'C:\ws\techical_test_ROS\build\radar_pkg': C:\opt\ros\foxy\x64\Scripts\cmake.EXE C:\ws\techical_test_ROS\radar_ws\src\radar_pkg -DCMAKE_INSTALL_PREFIX=C:\ws\techical_test_ROS\install\radar_pkg -G Visual Studio 16 2019
[0.312s] -- Selecting Windows SDK version 10.0.22621.0 to target Windows 10.0.19045.
[2.391s] -- The C compiler identification is MSVC 19.29.30152.0
[3.562s] -- The CXX compiler identification is MSVC 19.29.30152.0
[3.656s] -- Detecting C compiler ABI info
[4.781s] -- Detecting C compiler ABI info - done
[4.812s] -- Check for working C compiler: C:/Program Files (x86)/Microsoft Visual Studio/2019/Community/VC/Tools/MSVC/14.29.30133/bin/Hostx64/x64/cl.exe - skipped
[4.812s] -- Detecting C compile features
[4.812s] -- Detecting C compile features - done
[4.828s] -- Detecting CXX compiler ABI info
[6.125s] -- Detecting CXX compiler ABI info - done
[6.141s] -- Check for working CXX compiler: C:/Program Files (x86)/Microsoft Visual Studio/2019/Community/VC/Tools/MSVC/14.29.30133/bin/Hostx64/x64/cl.exe - skipped
[6.141s] -- Detecting CXX compile features
[6.141s] -- Detecting CXX compile features - done
[6.172s] -- Found ament_cmake: 0.9.9 (C:/opt/ros/foxy/x64/share/ament_cmake/cmake)
[6.344s] -- Found PythonInterp: C:/msys64/mingw64/bin/python3.exe (found suitable version "3.9.6", minimum required is "3") 
[6.344s] -- Using PYTHON_EXECUTABLE: C:/msys64/mingw64/bin/python3.exe
[7.125s] -- Found rclcpp: 2.4.0 (C:/opt/ros/foxy/x64/share/rclcpp/cmake)
[7.406s] -- Using all available rosidl_typesupport_c: rosidl_typesupport_fastrtps_c;rosidl_typesupport_introspection_c
[7.469s] -- Found rosidl_adapter: 1.2.1 (C:/opt/ros/foxy/x64/share/rosidl_adapter/cmake)
[7.953s] -- Found OpenSSL: C:/opt/ros/foxy/x64/Lib/libcrypto.lib (found version "1.1.1g")  
[8.219s] -- Found FastRTPS: C:/opt/ros/foxy/x64/include  
[8.937s] -- Using all available rosidl_typesupport_cpp: rosidl_typesupport_fastrtps_cpp;rosidl_typesupport_introspection_cpp
[9.219s] -- Found rmw_implementation_cmake: 1.0.3 (C:/opt/ros/foxy/x64/share/rmw_implementation_cmake/cmake)
[9.234s] -- Using RMW implementation 'rmw_fastrtps_cpp' as default
[9.234s] -- Looking for pthread.h
[10.047s] -- Looking for pthread.h - not found
[10.047s] -- Found Threads: TRUE  
[10.406s] -- Found ament_lint_auto: 0.9.6 (C:/opt/ros/foxy/x64/share/ament_lint_auto/cmake)
[10.797s] -- Added test 'copyright' to check source files copyright and LICENSE
[10.812s] -- Added test 'cppcheck' to perform static code analysis on C / C++ code
[10.812s] -- Configured cppcheck include dirs: C:/ws/techical_test_ROS/radar_ws/src/radar_pkg/include
[10.812s] -- Configured cppcheck exclude dirs and/or files: 
[10.844s] -- Added test 'cpplint' to check C / C++ code against the Google style
[10.844s] -- Configured cpplint exclude dirs and/or files: 
[10.859s] -- Added test 'lint_cmake' to check CMake code style
[10.875s] -- Added test 'uncrustify' to check C / C++ code style
[10.875s] -- Configured uncrustify additional arguments: 
[10.891s] -- Added test 'xmllint' to check XML markup files
[10.984s] -- Configuring done
[11.281s] -- Generating done
[11.312s] -- Build files have been written to: C:/ws/techical_test_ROS/build/radar_pkg
[11.328s] Invoked command in 'C:\ws\techical_test_ROS\build\radar_pkg' returned '0': C:\opt\ros\foxy\x64\Scripts\cmake.EXE C:\ws\techical_test_ROS\radar_ws\src\radar_pkg -DCMAKE_INSTALL_PREFIX=C:\ws\techical_test_ROS\install\radar_pkg -G Visual Studio 16 2019
[11.328s] Invoking command in 'C:\ws\techical_test_ROS\build\radar_pkg': CL=/MP C:\opt\ros\foxy\x64\Scripts\cmake.EXE --build C:\ws\techical_test_ROS\build\radar_pkg --config Release
[11.641s] Microsoft (R) Build Engine version 16.11.2+f32259642 for .NET Framework
[11.641s] Copyright (C) Microsoft Corporation. All rights reserved.
[11.641s] 
[12.266s]   Checking Build System
[12.516s]   Building Custom Rule C:/ws/techical_test_ROS/radar_ws/src/radar_pkg/CMakeLists.txt
[12.781s]   main.cpp
[12.781s]   functions.cpp
[13.672s]   main.vcxproj -> C:\ws\techical_test_ROS\build\radar_pkg\Release\main.exe
[13.750s]   Building Custom Rule C:/ws/techical_test_ROS/radar_ws/src/radar_pkg/CMakeLists.txt
[13.969s] Invoked command in 'C:\ws\techical_test_ROS\build\radar_pkg' returned '0': CL=/MP C:\opt\ros\foxy\x64\Scripts\cmake.EXE --build C:\ws\techical_test_ROS\build\radar_pkg --config Release
[13.969s] Invoking command in 'C:\ws\techical_test_ROS\build\radar_pkg': C:\opt\ros\foxy\x64\Scripts\cmake.EXE --install C:\ws\techical_test_ROS\build\radar_pkg --config Release
[14.125s] -- Installing: C:/ws/techical_test_ROS/install/radar_pkg/bin/main.exe
[14.125s] -- Installing: C:/ws/techical_test_ROS/install/radar_pkg/lib/radar_pkg/main.exe
[14.125s] -- Installing: C:/ws/techical_test_ROS/install/radar_pkg/share/ament_index/resource_index/package_run_dependencies/radar_pkg
[14.125s] -- Installing: C:/ws/techical_test_ROS/install/radar_pkg/share/ament_index/resource_index/parent_prefix_path/radar_pkg
[14.125s] -- Installing: C:/ws/techical_test_ROS/install/radar_pkg/share/radar_pkg/environment/ament_prefix_path.bat
[14.125s] -- Installing: C:/ws/techical_test_ROS/install/radar_pkg/share/radar_pkg/environment/ament_prefix_path.dsv
[14.141s] -- Installing: C:/ws/techical_test_ROS/install/radar_pkg/share/radar_pkg/environment/path.bat
[14.141s] -- Installing: C:/ws/techical_test_ROS/install/radar_pkg/share/radar_pkg/environment/path.dsv
[14.141s] -- Installing: C:/ws/techical_test_ROS/install/radar_pkg/share/radar_pkg/local_setup.bat
[14.156s] -- Installing: C:/ws/techical_test_ROS/install/radar_pkg/share/radar_pkg/local_setup.dsv
[14.156s] -- Installing: C:/ws/techical_test_ROS/install/radar_pkg/share/radar_pkg/package.dsv
[14.156s] -- Installing: C:/ws/techical_test_ROS/install/radar_pkg/share/ament_index/resource_index/packages/radar_pkg
[14.156s] -- Installing: C:/ws/techical_test_ROS/install/radar_pkg/share/radar_pkg/cmake/radar_pkgConfig.cmake
[14.172s] -- Installing: C:/ws/techical_test_ROS/install/radar_pkg/share/radar_pkg/cmake/radar_pkgConfig-version.cmake
[14.172s] -- Installing: C:/ws/techical_test_ROS/install/radar_pkg/share/radar_pkg/package.xml
[14.328s] Invoked command in 'C:\ws\techical_test_ROS\build\radar_pkg' returned '0': C:\opt\ros\foxy\x64\Scripts\cmake.EXE --install C:\ws\techical_test_ROS\build\radar_pkg --config Release
