[0.893s] [34mcolcon[0m [1;30mDEBUG[0m [32mCommand line arguments: ['C:\\opt\\ros\\foxy\\x64\\Scripts\\colcon', 'build'][0m
[0.893s] [34mcolcon[0m [1;30mDEBUG[0m [32mParsed command line arguments: Namespace(ament_cmake_args=None, base_paths=['.'], build_base='build', catkin_cmake_args=None, catkin_skip_building_tests=False, cmake_args=None, cmake_clean_cache=False, cmake_clean_first=False, cmake_force_configure=False, cmake_target=None, cmake_target_skip_unavailable=False, continue_on_error=False, event_handlers=None, executor='parallel', ignore_user_meta=False, install_base='install', log_base=None, log_level=None, main=<bound method BuildVerb.main of <colcon_core.verb.build.BuildVerb object at 0x00000248D55899D0>>, merge_install=False, metas=['./colcon.meta'], packages_above=None, packages_above_and_dependencies=None, packages_above_depth=None, packages_end=None, packages_ignore=None, packages_ignore_regex=None, packages_select=None, packages_select_build_failed=False, packages_select_by_dep=None, packages_select_regex=None, packages_select_test_failures=False, packages_skip=None, packages_skip_build_finished=False, packages_skip_by_dep=None, packages_skip_regex=None, packages_skip_test_passed=False, packages_skip_up_to=None, packages_start=None, packages_up_to=None, packages_up_to_regex=None, parallel_workers=4, paths=None, symlink_install=False, test_result_base=None, verb_extension=<colcon_core.verb.build.BuildVerb object at 0x00000248D55899D0>, verb_name='build', verb_parser=<colcon_defaults.argument_parser.defaults.DefaultArgumentsDecorator object at 0x00000248D5589EB0>)[0m
[0.957s] [34mcolcon.colcon_core.package_discovery[0m [1;30mLevel 1[0m discover_packages(colcon_meta) check parameters
[0.958s] [34mcolcon.colcon_core.package_discovery[0m [1;30mLevel 1[0m discover_packages(recursive) check parameters
[0.958s] [34mcolcon.colcon_core.package_discovery[0m [1;30mLevel 1[0m discover_packages(ignore) check parameters
[0.958s] [34mcolcon.colcon_core.package_discovery[0m [1;30mLevel 1[0m discover_packages(path) check parameters
[0.958s] [34mcolcon.colcon_core.package_discovery[0m [1;30mLevel 1[0m discover_packages(colcon_meta) discover
[0.958s] [34mcolcon.colcon_core.package_discovery[0m [1;30mLevel 1[0m discover_packages(recursive) discover
[0.958s] [34mcolcon.colcon_core.package_discovery[0m [1;30mINFO[0m Crawling recursively for packages in 'C:\ws\techical_test_ROS'
[0.958s] [34mcolcon.colcon_core.package_identification[0m [1;30mLevel 1[0m _identify(.) by extensions ['ignore', 'ignore_ament_install']
[0.959s] [34mcolcon.colcon_core.package_identification[0m [1;30mLevel 1[0m _identify(.) by extension 'ignore'
[0.959s] [34mcolcon.colcon_core.package_identification[0m [1;30mLevel 1[0m _identify(.) by extension 'ignore_ament_install'
[0.959s] [34mcolcon.colcon_core.package_identification[0m [1;30mLevel 1[0m _identify(.) by extensions ['colcon_pkg']
[0.959s] [34mcolcon.colcon_core.package_identification[0m [1;30mLevel 1[0m _identify(.) by extension 'colcon_pkg'
[0.959s] [34mcolcon.colcon_core.package_identification[0m [1;30mLevel 1[0m _identify(.) by extensions ['colcon_meta']
[0.959s] [34mcolcon.colcon_core.package_identification[0m [1;30mLevel 1[0m _identify(.) by extension 'colcon_meta'
[0.959s] [34mcolcon.colcon_core.package_identification[0m [1;30mLevel 1[0m _identify(.) by extensions ['ros']
[0.959s] [34mcolcon.colcon_core.package_identification[0m [1;30mLevel 1[0m _identify(.) by extension 'ros'
[0.980s] [34mcolcon.colcon_core.package_identification[0m [1;30mLevel 1[0m _identify(.) by extensions ['cmake', 'python']
[0.980s] [34mcolcon.colcon_core.package_identification[0m [1;30mLevel 1[0m _identify(.) by extension 'cmake'
[0.980s] [34mcolcon.colcon_core.package_identification[0m [1;30mLevel 1[0m _identify(.) by extension 'python'
[0.981s] [34mcolcon.colcon_core.package_identification[0m [1;30mLevel 1[0m _identify(.) by extensions ['python_setup_py']
[0.981s] [34mcolcon.colcon_core.package_identification[0m [1;30mLevel 1[0m _identify(.) by extension 'python_setup_py'
[0.981s] [34mcolcon.colcon_core.package_identification[0m [1;30mLevel 1[0m _identify(build) by extensions ['ignore', 'ignore_ament_install']
[0.981s] [34mcolcon.colcon_core.package_identification[0m [1;30mLevel 1[0m _identify(build) by extension 'ignore'
[0.981s] [34mcolcon.colcon_core.package_identification[0m [1;30mLevel 1[0m _identify(build) ignored
[0.982s] [34mcolcon.colcon_core.package_identification[0m [1;30mLevel 1[0m _identify(install) by extensions ['ignore', 'ignore_ament_install']
[0.982s] [34mcolcon.colcon_core.package_identification[0m [1;30mLevel 1[0m _identify(install) by extension 'ignore'
[0.982s] [34mcolcon.colcon_core.package_identification[0m [1;30mLevel 1[0m _identify(install) ignored
[0.983s] [34mcolcon.colcon_core.package_identification[0m [1;30mLevel 1[0m _identify(log) by extensions ['ignore', 'ignore_ament_install']
[0.983s] [34mcolcon.colcon_core.package_identification[0m [1;30mLevel 1[0m _identify(log) by extension 'ignore'
[0.983s] [34mcolcon.colcon_core.package_identification[0m [1;30mLevel 1[0m _identify(log) ignored
[0.984s] [34mcolcon.colcon_core.package_identification[0m [1;30mLevel 1[0m _identify(radar_ws) by extensions ['ignore', 'ignore_ament_install']
[0.984s] [34mcolcon.colcon_core.package_identification[0m [1;30mLevel 1[0m _identify(radar_ws) by extension 'ignore'
[0.984s] [34mcolcon.colcon_core.package_identification[0m [1;30mLevel 1[0m _identify(radar_ws) by extension 'ignore_ament_install'
[0.984s] [34mcolcon.colcon_core.package_identification[0m [1;30mLevel 1[0m _identify(radar_ws) by extensions ['colcon_pkg']
[0.984s] [34mcolcon.colcon_core.package_identification[0m [1;30mLevel 1[0m _identify(radar_ws) by extension 'colcon_pkg'
[0.984s] [34mcolcon.colcon_core.package_identification[0m [1;30mLevel 1[0m _identify(radar_ws) by extensions ['colcon_meta']
[0.985s] [34mcolcon.colcon_core.package_identification[0m [1;30mLevel 1[0m _identify(radar_ws) by extension 'colcon_meta'
[0.985s] [34mcolcon.colcon_core.package_identification[0m [1;30mLevel 1[0m _identify(radar_ws) by extensions ['ros']
[0.985s] [34mcolcon.colcon_core.package_identification[0m [1;30mLevel 1[0m _identify(radar_ws) by extension 'ros'
[0.985s] [34mcolcon.colcon_core.package_identification[0m [1;30mLevel 1[0m _identify(radar_ws) by extensions ['cmake', 'python']
[0.986s] [34mcolcon.colcon_core.package_identification[0m [1;30mLevel 1[0m _identify(radar_ws) by extension 'cmake'
[0.986s] [34mcolcon.colcon_core.package_identification[0m [1;30mLevel 1[0m _identify(radar_ws) by extension 'python'
[0.986s] [34mcolcon.colcon_core.package_identification[0m [1;30mLevel 1[0m _identify(radar_ws) by extensions ['python_setup_py']
[0.986s] [34mcolcon.colcon_core.package_identification[0m [1;30mLevel 1[0m _identify(radar_ws) by extension 'python_setup_py'
[0.987s] [34mcolcon.colcon_core.package_identification[0m [1;30mLevel 1[0m _identify(radar_ws\build) by extensions ['ignore', 'ignore_ament_install']
[0.987s] [34mcolcon.colcon_core.package_identification[0m [1;30mLevel 1[0m _identify(radar_ws\build) by extension 'ignore'
[0.987s] [34mcolcon.colcon_core.package_identification[0m [1;30mLevel 1[0m _identify(radar_ws\build) ignored
[0.987s] [34mcolcon.colcon_core.package_identification[0m [1;30mLevel 1[0m _identify(radar_ws\install) by extensions ['ignore', 'ignore_ament_install']
[0.988s] [34mcolcon.colcon_core.package_identification[0m [1;30mLevel 1[0m _identify(radar_ws\install) by extension 'ignore'
[0.988s] [34mcolcon.colcon_core.package_identification[0m [1;30mLevel 1[0m _identify(radar_ws\install) ignored
[0.988s] [34mcolcon.colcon_core.package_identification[0m [1;30mLevel 1[0m _identify(radar_ws\log) by extensions ['ignore', 'ignore_ament_install']
[0.988s] [34mcolcon.colcon_core.package_identification[0m [1;30mLevel 1[0m _identify(radar_ws\log) by extension 'ignore'
[0.989s] [34mcolcon.colcon_core.package_identification[0m [1;30mLevel 1[0m _identify(radar_ws\log) ignored
[0.989s] [34mcolcon.colcon_core.package_identification[0m [1;30mLevel 1[0m _identify(radar_ws\src) by extensions ['ignore', 'ignore_ament_install']
[0.989s] [34mcolcon.colcon_core.package_identification[0m [1;30mLevel 1[0m _identify(radar_ws\src) by extension 'ignore'
[0.989s] [34mcolcon.colcon_core.package_identification[0m [1;30mLevel 1[0m _identify(radar_ws\src) by extension 'ignore_ament_install'
[0.989s] [34mcolcon.colcon_core.package_identification[0m [1;30mLevel 1[0m _identify(radar_ws\src) by extensions ['colcon_pkg']
[0.989s] [34mcolcon.colcon_core.package_identification[0m [1;30mLevel 1[0m _identify(radar_ws\src) by extension 'colcon_pkg'
[0.990s] [34mcolcon.colcon_core.package_identification[0m [1;30mLevel 1[0m _identify(radar_ws\src) by extensions ['colcon_meta']
[0.990s] [34mcolcon.colcon_core.package_identification[0m [1;30mLevel 1[0m _identify(radar_ws\src) by extension 'colcon_meta'
[0.990s] [34mcolcon.colcon_core.package_identification[0m [1;30mLevel 1[0m _identify(radar_ws\src) by extensions ['ros']
[0.990s] [34mcolcon.colcon_core.package_identification[0m [1;30mLevel 1[0m _identify(radar_ws\src) by extension 'ros'
[0.991s] [34mcolcon.colcon_core.package_identification[0m [1;30mLevel 1[0m _identify(radar_ws\src) by extensions ['cmake', 'python']
[0.991s] [34mcolcon.colcon_core.package_identification[0m [1;30mLevel 1[0m _identify(radar_ws\src) by extension 'cmake'
[0.991s] [34mcolcon.colcon_core.package_identification[0m [1;30mLevel 1[0m _identify(radar_ws\src) by extension 'python'
[0.992s] [34mcolcon.colcon_core.package_identification[0m [1;30mLevel 1[0m _identify(radar_ws\src) by extensions ['python_setup_py']
[0.992s] [34mcolcon.colcon_core.package_identification[0m [1;30mLevel 1[0m _identify(radar_ws\src) by extension 'python_setup_py'
[0.992s] [34mcolcon.colcon_core.package_identification[0m [1;30mLevel 1[0m _identify(radar_ws\src\radar_pkg) by extensions ['ignore', 'ignore_ament_install']
[0.992s] [34mcolcon.colcon_core.package_identification[0m [1;30mLevel 1[0m _identify(radar_ws\src\radar_pkg) by extension 'ignore'
[0.993s] [34mcolcon.colcon_core.package_identification[0m [1;30mLevel 1[0m _identify(radar_ws\src\radar_pkg) by extension 'ignore_ament_install'
[0.993s] [34mcolcon.colcon_core.package_identification[0m [1;30mLevel 1[0m _identify(radar_ws\src\radar_pkg) by extensions ['colcon_pkg']
[0.993s] [34mcolcon.colcon_core.package_identification[0m [1;30mLevel 1[0m _identify(radar_ws\src\radar_pkg) by extension 'colcon_pkg'
[0.993s] [34mcolcon.colcon_core.package_identification[0m [1;30mLevel 1[0m _identify(radar_ws\src\radar_pkg) by extensions ['colcon_meta']
[0.993s] [34mcolcon.colcon_core.package_identification[0m [1;30mLevel 1[0m _identify(radar_ws\src\radar_pkg) by extension 'colcon_meta'
[0.994s] [34mcolcon.colcon_core.package_identification[0m [1;30mLevel 1[0m _identify(radar_ws\src\radar_pkg) by extensions ['ros']
[0.994s] [34mcolcon.colcon_core.package_identification[0m [1;30mLevel 1[0m _identify(radar_ws\src\radar_pkg) by extension 'ros'
[0.999s] [34mcolcon.colcon_core.package_identification[0m [1;30mDEBUG[0m [32mPackage 'radar_ws\src\radar_pkg' with type 'ros.ament_cmake' and name 'radar_pkg'[0m
[1.000s] [34mcolcon.colcon_core.package_identification[0m [1;30mLevel 1[0m _identify(rl_ws) by extensions ['ignore', 'ignore_ament_install']
[1.000s] [34mcolcon.colcon_core.package_identification[0m [1;30mLevel 1[0m _identify(rl_ws) by extension 'ignore'
[1.000s] [34mcolcon.colcon_core.package_identification[0m [1;30mLevel 1[0m _identify(rl_ws) by extension 'ignore_ament_install'
[1.000s] [34mcolcon.colcon_core.package_identification[0m [1;30mLevel 1[0m _identify(rl_ws) by extensions ['colcon_pkg']
[1.000s] [34mcolcon.colcon_core.package_identification[0m [1;30mLevel 1[0m _identify(rl_ws) by extension 'colcon_pkg'
[1.001s] [34mcolcon.colcon_core.package_identification[0m [1;30mLevel 1[0m _identify(rl_ws) by extensions ['colcon_meta']
[1.001s] [34mcolcon.colcon_core.package_identification[0m [1;30mLevel 1[0m _identify(rl_ws) by extension 'colcon_meta'
[1.001s] [34mcolcon.colcon_core.package_identification[0m [1;30mLevel 1[0m _identify(rl_ws) by extensions ['ros']
[1.001s] [34mcolcon.colcon_core.package_identification[0m [1;30mLevel 1[0m _identify(rl_ws) by extension 'ros'
[1.001s] [34mcolcon.colcon_core.package_identification[0m [1;30mLevel 1[0m _identify(rl_ws) by extensions ['cmake', 'python']
[1.001s] [34mcolcon.colcon_core.package_identification[0m [1;30mLevel 1[0m _identify(rl_ws) by extension 'cmake'
[1.001s] [34mcolcon.colcon_core.package_identification[0m [1;30mLevel 1[0m _identify(rl_ws) by extension 'python'
[1.001s] [34mcolcon.colcon_core.package_identification[0m [1;30mLevel 1[0m _identify(rl_ws) by extensions ['python_setup_py']
[1.001s] [34mcolcon.colcon_core.package_identification[0m [1;30mLevel 1[0m _identify(rl_ws) by extension 'python_setup_py'
[1.002s] [34mcolcon.colcon_core.package_identification[0m [1;30mLevel 1[0m _identify(rl_ws\build) by extensions ['ignore', 'ignore_ament_install']
[1.002s] [34mcolcon.colcon_core.package_identification[0m [1;30mLevel 1[0m _identify(rl_ws\build) by extension 'ignore'
[1.002s] [34mcolcon.colcon_core.package_identification[0m [1;30mLevel 1[0m _identify(rl_ws\build) ignored
[1.002s] [34mcolcon.colcon_core.package_identification[0m [1;30mLevel 1[0m _identify(rl_ws\install) by extensions ['ignore', 'ignore_ament_install']
[1.003s] [34mcolcon.colcon_core.package_identification[0m [1;30mLevel 1[0m _identify(rl_ws\install) by extension 'ignore'
[1.003s] [34mcolcon.colcon_core.package_identification[0m [1;30mLevel 1[0m _identify(rl_ws\install) ignored
[1.003s] [34mcolcon.colcon_core.package_identification[0m [1;30mLevel 1[0m _identify(rl_ws\src) by extensions ['ignore', 'ignore_ament_install']
[1.003s] [34mcolcon.colcon_core.package_identification[0m [1;30mLevel 1[0m _identify(rl_ws\src) by extension 'ignore'
[1.003s] [34mcolcon.colcon_core.package_identification[0m [1;30mLevel 1[0m _identify(rl_ws\src) by extension 'ignore_ament_install'
[1.003s] [34mcolcon.colcon_core.package_identification[0m [1;30mLevel 1[0m _identify(rl_ws\src) by extensions ['colcon_pkg']
[1.004s] [34mcolcon.colcon_core.package_identification[0m [1;30mLevel 1[0m _identify(rl_ws\src) by extension 'colcon_pkg'
[1.004s] [34mcolcon.colcon_core.package_identification[0m [1;30mLevel 1[0m _identify(rl_ws\src) by extensions ['colcon_meta']
[1.004s] [34mcolcon.colcon_core.package_identification[0m [1;30mLevel 1[0m _identify(rl_ws\src) by extension 'colcon_meta'
[1.004s] [34mcolcon.colcon_core.package_identification[0m [1;30mLevel 1[0m _identify(rl_ws\src) by extensions ['ros']
[1.004s] [34mcolcon.colcon_core.package_identification[0m [1;30mLevel 1[0m _identify(rl_ws\src) by extension 'ros'
[1.004s] [34mcolcon.colcon_core.package_identification[0m [1;30mLevel 1[0m _identify(rl_ws\src) by extensions ['cmake', 'python']
[1.004s] [34mcolcon.colcon_core.package_identification[0m [1;30mLevel 1[0m _identify(rl_ws\src) by extension 'cmake'
[1.005s] [34mcolcon.colcon_core.package_identification[0m [1;30mLevel 1[0m _identify(rl_ws\src) by extension 'python'
[1.005s] [34mcolcon.colcon_core.package_identification[0m [1;30mLevel 1[0m _identify(rl_ws\src) by extensions ['python_setup_py']
[1.005s] [34mcolcon.colcon_core.package_identification[0m [1;30mLevel 1[0m _identify(rl_ws\src) by extension 'python_setup_py'
[1.005s] [34mcolcon.colcon_core.package_identification[0m [1;30mLevel 1[0m _identify(rl_ws\src\rl_pkg) by extensions ['ignore', 'ignore_ament_install']
[1.005s] [34mcolcon.colcon_core.package_identification[0m [1;30mLevel 1[0m _identify(rl_ws\src\rl_pkg) by extension 'ignore'
[1.005s] [34mcolcon.colcon_core.package_identification[0m [1;30mLevel 1[0m _identify(rl_ws\src\rl_pkg) by extension 'ignore_ament_install'
[1.006s] [34mcolcon.colcon_core.package_identification[0m [1;30mLevel 1[0m _identify(rl_ws\src\rl_pkg) by extensions ['colcon_pkg']
[1.006s] [34mcolcon.colcon_core.package_identification[0m [1;30mLevel 1[0m _identify(rl_ws\src\rl_pkg) by extension 'colcon_pkg'
[1.006s] [34mcolcon.colcon_core.package_identification[0m [1;30mLevel 1[0m _identify(rl_ws\src\rl_pkg) by extensions ['colcon_meta']
[1.006s] [34mcolcon.colcon_core.package_identification[0m [1;30mLevel 1[0m _identify(rl_ws\src\rl_pkg) by extension 'colcon_meta'
[1.006s] [34mcolcon.colcon_core.package_identification[0m [1;30mLevel 1[0m _identify(rl_ws\src\rl_pkg) by extensions ['ros']
[1.006s] [34mcolcon.colcon_core.package_identification[0m [1;30mLevel 1[0m _identify(rl_ws\src\rl_pkg) by extension 'ros'
[1.007s] [34mcolcon.colcon_core.package_identification[0m [1;30mDEBUG[0m [32mPackage 'rl_ws\src\rl_pkg' with type 'ros.ament_cmake' and name 'rl_pkg'[0m
[1.007s] [34mcolcon.colcon_core.package_discovery[0m [1;30mLevel 1[0m discover_packages(recursive) using defaults
[1.008s] [34mcolcon.colcon_core.package_discovery[0m [1;30mLevel 1[0m discover_packages(ignore) discover
[1.008s] [34mcolcon.colcon_core.package_discovery[0m [1;30mLevel 1[0m discover_packages(ignore) using defaults
[1.008s] [34mcolcon.colcon_core.package_discovery[0m [1;30mLevel 1[0m discover_packages(path) discover
[1.008s] [34mcolcon.colcon_core.package_discovery[0m [1;30mLevel 1[0m discover_packages(path) using defaults
[1.052s] [34mcolcon.colcon_core.verb[0m [1;30mLevel 5[0m set package 'radar_pkg' build argument 'cmake_args' from command line to 'None'
[1.052s] [34mcolcon.colcon_core.verb[0m [1;30mLevel 5[0m set package 'radar_pkg' build argument 'cmake_target' from command line to 'None'
[1.052s] [34mcolcon.colcon_core.verb[0m [1;30mLevel 5[0m set package 'radar_pkg' build argument 'cmake_target_skip_unavailable' from command line to 'False'
[1.052s] [34mcolcon.colcon_core.verb[0m [1;30mLevel 5[0m set package 'radar_pkg' build argument 'cmake_clean_cache' from command line to 'False'
[1.052s] [34mcolcon.colcon_core.verb[0m [1;30mLevel 5[0m set package 'radar_pkg' build argument 'cmake_clean_first' from command line to 'False'
[1.053s] [34mcolcon.colcon_core.verb[0m [1;30mLevel 5[0m set package 'radar_pkg' build argument 'cmake_force_configure' from command line to 'False'
[1.053s] [34mcolcon.colcon_core.verb[0m [1;30mLevel 5[0m set package 'radar_pkg' build argument 'ament_cmake_args' from command line to 'None'
[1.053s] [34mcolcon.colcon_core.verb[0m [1;30mLevel 5[0m set package 'radar_pkg' build argument 'catkin_cmake_args' from command line to 'None'
[1.053s] [34mcolcon.colcon_core.verb[0m [1;30mLevel 5[0m set package 'radar_pkg' build argument 'catkin_skip_building_tests' from command line to 'False'
[1.053s] [34mcolcon.colcon_core.verb[0m [1;30mDEBUG[0m [32mBuilding package 'radar_pkg' with the following arguments: {'ament_cmake_args': None, 'build_base': 'C:\\ws\\techical_test_ROS\\build\\radar_pkg', 'catkin_cmake_args': None, 'catkin_skip_building_tests': False, 'cmake_args': None, 'cmake_clean_cache': False, 'cmake_clean_first': False, 'cmake_force_configure': False, 'cmake_target': None, 'cmake_target_skip_unavailable': False, 'install_base': 'C:\\ws\\techical_test_ROS\\install\\radar_pkg', 'merge_install': False, 'path': 'C:\\ws\\techical_test_ROS\\radar_ws\\src\\radar_pkg', 'symlink_install': False, 'test_result_base': None}[0m
[1.068s] [34mcolcon.colcon_core.verb[0m [1;30mLevel 5[0m set package 'rl_pkg' build argument 'cmake_args' from command line to 'None'
[1.068s] [34mcolcon.colcon_core.verb[0m [1;30mLevel 5[0m set package 'rl_pkg' build argument 'cmake_target' from command line to 'None'
[1.068s] [34mcolcon.colcon_core.verb[0m [1;30mLevel 5[0m set package 'rl_pkg' build argument 'cmake_target_skip_unavailable' from command line to 'False'
[1.068s] [34mcolcon.colcon_core.verb[0m [1;30mLevel 5[0m set package 'rl_pkg' build argument 'cmake_clean_cache' from command line to 'False'
[1.069s] [34mcolcon.colcon_core.verb[0m [1;30mLevel 5[0m set package 'rl_pkg' build argument 'cmake_clean_first' from command line to 'False'
[1.069s] [34mcolcon.colcon_core.verb[0m [1;30mLevel 5[0m set package 'rl_pkg' build argument 'cmake_force_configure' from command line to 'False'
[1.069s] [34mcolcon.colcon_core.verb[0m [1;30mLevel 5[0m set package 'rl_pkg' build argument 'ament_cmake_args' from command line to 'None'
[1.069s] [34mcolcon.colcon_core.verb[0m [1;30mLevel 5[0m set package 'rl_pkg' build argument 'catkin_cmake_args' from command line to 'None'
[1.069s] [34mcolcon.colcon_core.verb[0m [1;30mLevel 5[0m set package 'rl_pkg' build argument 'catkin_skip_building_tests' from command line to 'False'
[1.069s] [34mcolcon.colcon_core.verb[0m [1;30mDEBUG[0m [32mBuilding package 'rl_pkg' with the following arguments: {'ament_cmake_args': None, 'build_base': 'C:\\ws\\techical_test_ROS\\build\\rl_pkg', 'catkin_cmake_args': None, 'catkin_skip_building_tests': False, 'cmake_args': None, 'cmake_clean_cache': False, 'cmake_clean_first': False, 'cmake_force_configure': False, 'cmake_target': None, 'cmake_target_skip_unavailable': False, 'install_base': 'C:\\ws\\techical_test_ROS\\install\\rl_pkg', 'merge_install': False, 'path': 'C:\\ws\\techical_test_ROS\\rl_ws\\src\\rl_pkg', 'symlink_install': False, 'test_result_base': None}[0m
[1.072s] [34mcolcon.colcon_core.executor[0m [1;30mINFO[0m Executing jobs using 'parallel' executor
[1.102s] [34mcolcon.colcon_parallel_executor.executor.parallel[0m [1;30mDEBUG[0m [32mrun_until_complete[0m
[1.102s] [34mcolcon.colcon_ros.task.ament_cmake.build[0m [1;30mINFO[0m Building ROS package in 'C:\ws\techical_test_ROS\radar_ws\src\radar_pkg' with build type 'ament_cmake'
[1.103s] [34mcolcon.colcon_cmake.task.cmake.build[0m [1;30mINFO[0m Building CMake package in 'C:\ws\techical_test_ROS\radar_ws\src\radar_pkg'
[1.113s] [34mcolcon.colcon_core.plugin_system[0m [1;30mINFO[0m Skipping extension 'colcon_core.shell.sh': Not used on Windows systems
[1.114s] [34mcolcon.colcon_core.shell[0m [1;30mINFO[0m Skip shell extension 'powershell' for command environment: Not usable outside of PowerShell
[1.131s] [34mcolcon.colcon_ros.prefix_path.catkin[0m [1;30mWARNING[0m [33mThe path 'C:\opt\ros\foxy\x64\tools\vcpkg\installed\x64-windows' in the environment variable CMAKE_PREFIX_PATH doesn't exist[0m
[1.196s] [34mcolcon.colcon_ros.task.ament_cmake.build[0m [1;30mINFO[0m Building ROS package in 'C:\ws\techical_test_ROS\rl_ws\src\rl_pkg' with build type 'ament_cmake'
[1.196s] [34mcolcon.colcon_cmake.task.cmake.build[0m [1;30mINFO[0m Building CMake package in 'C:\ws\techical_test_ROS\rl_ws\src\rl_pkg'
[1.205s] [34mcolcon.colcon_core.shell[0m [1;30mINFO[0m Skip shell extension 'powershell' for command environment: Not usable outside of PowerShell
[1.305s] [34mcolcon.colcon_core.event_handler.log_command[0m [1;30mDEBUG[0m [32mInvoking command in 'C:\ws\techical_test_ROS\build\radar_pkg': C:\opt\ros\foxy\x64\Scripts\cmake.EXE C:\ws\techical_test_ROS\radar_ws\src\radar_pkg -DCMAKE_INSTALL_PREFIX=C:\ws\techical_test_ROS\install\radar_pkg[0m
[1.314s] [34mcolcon.colcon_core.event_handler.log_command[0m [1;30mDEBUG[0m [32mInvoking command in 'C:\ws\techical_test_ROS\build\rl_pkg': C:\opt\ros\foxy\x64\Scripts\cmake.EXE C:\ws\techical_test_ROS\rl_ws\src\rl_pkg -DCMAKE_INSTALL_PREFIX=C:\ws\techical_test_ROS\install\rl_pkg[0m
[4.671s] [34mcolcon.colcon_core.event_handler.log_command[0m [1;30mDEBUG[0m [32mInvoked command in 'C:\ws\techical_test_ROS\build\rl_pkg' returned '0': C:\opt\ros\foxy\x64\Scripts\cmake.EXE C:\ws\techical_test_ROS\rl_ws\src\rl_pkg -DCMAKE_INSTALL_PREFIX=C:\ws\techical_test_ROS\install\rl_pkg[0m
[4.673s] [34mcolcon.colcon_core.event_handler.log_command[0m [1;30mDEBUG[0m [32mInvoking command in 'C:\ws\techical_test_ROS\build\rl_pkg': CL=/MP C:\opt\ros\foxy\x64\Scripts\cmake.EXE --build C:\ws\techical_test_ROS\build\rl_pkg --config Release[0m
[4.698s] [34mcolcon.colcon_core.event_handler.log_command[0m [1;30mDEBUG[0m [32mInvoked command in 'C:\ws\techical_test_ROS\build\radar_pkg' returned '0': C:\opt\ros\foxy\x64\Scripts\cmake.EXE C:\ws\techical_test_ROS\radar_ws\src\radar_pkg -DCMAKE_INSTALL_PREFIX=C:\ws\techical_test_ROS\install\radar_pkg[0m
[4.701s] [34mcolcon.colcon_core.event_handler.log_command[0m [1;30mDEBUG[0m [32mInvoking command in 'C:\ws\techical_test_ROS\build\radar_pkg': CL=/MP C:\opt\ros\foxy\x64\Scripts\cmake.EXE --build C:\ws\techical_test_ROS\build\radar_pkg --config Release[0m
[5.787s] [34mcolcon.colcon_core.event_handler.log_command[0m [1;30mDEBUG[0m [32mInvoked command in 'C:\ws\techical_test_ROS\build\radar_pkg' returned '0': CL=/MP C:\opt\ros\foxy\x64\Scripts\cmake.EXE --build C:\ws\techical_test_ROS\build\radar_pkg --config Release[0m
[5.943s] [34mcolcon.colcon_core.event_handler.log_command[0m [1;30mDEBUG[0m [32mInvoking command in 'C:\ws\techical_test_ROS\build\radar_pkg': C:\opt\ros\foxy\x64\Scripts\cmake.EXE --install C:\ws\techical_test_ROS\build\radar_pkg --config Release[0m
[6.163s] [34mcolcon.colcon_core.environment[0m [1;30mLevel 1[0m create_environment_scripts_only(radar_pkg)
[6.166s] [34mcolcon.colcon_core.event_handler.log_command[0m [1;30mDEBUG[0m [32mInvoked command in 'C:\ws\techical_test_ROS\build\radar_pkg' returned '0': C:\opt\ros\foxy\x64\Scripts\cmake.EXE --install C:\ws\techical_test_ROS\build\radar_pkg --config Release[0m
[6.188s] [34mcolcon.colcon_core.environment[0m [1;30mLevel 1[0m checking 'C:\ws\techical_test_ROS\install\radar_pkg' for CMake module files
[6.190s] [34mcolcon.colcon_core.environment[0m [1;30mLevel 1[0m checking 'C:\ws\techical_test_ROS\install\radar_pkg' for CMake config files
[6.192s] [34mcolcon.colcon_core.shell[0m [1;30mLevel 1[0m create_environment_hook('radar_pkg', 'cmake_prefix_path')
[6.200s] [34mcolcon.colcon_core.shell[0m [1;30mINFO[0m Creating environment hook 'C:\ws\techical_test_ROS\install\radar_pkg\share\radar_pkg\hook\cmake_prefix_path.ps1'
[6.202s] [34mcolcon.colcon_core.shell[0m [1;30mINFO[0m Creating environment hook 'C:\ws\techical_test_ROS\install\radar_pkg\share\radar_pkg\hook\cmake_prefix_path.bat'
[6.203s] [34mcolcon.colcon_core.shell[0m [1;30mINFO[0m Creating environment descriptor 'C:\ws\techical_test_ROS\install\radar_pkg\share\radar_pkg\hook\cmake_prefix_path.dsv'
[6.204s] [34mcolcon.colcon_core.environment[0m [1;30mLevel 1[0m checking 'C:\ws\techical_test_ROS\install\radar_pkg\bin'
[6.205s] [34mcolcon.colcon_core.environment[0m [1;30mLevel 1[0m checking 'C:\ws\techical_test_ROS\install\radar_pkg\bin'
[6.205s] [34mcolcon.colcon_core.shell[0m [1;30mLevel 1[0m create_environment_hook('radar_pkg', 'path')
[6.213s] [34mcolcon.colcon_core.shell[0m [1;30mINFO[0m Creating environment hook 'C:\ws\techical_test_ROS\install\radar_pkg\share\radar_pkg\hook\path.ps1'
[6.214s] [34mcolcon.colcon_core.shell[0m [1;30mINFO[0m Creating environment hook 'C:\ws\techical_test_ROS\install\radar_pkg\share\radar_pkg\hook\path.bat'
[6.215s] [34mcolcon.colcon_core.shell[0m [1;30mINFO[0m Creating environment descriptor 'C:\ws\techical_test_ROS\install\radar_pkg\share\radar_pkg\hook\path.dsv'
[6.217s] [34mcolcon.colcon_core.environment[0m [1;30mLevel 1[0m checking 'C:\ws\techical_test_ROS\install\radar_pkg\Scripts'
[6.217s] [34mcolcon.colcon_core.environment[0m [1;30mLevel 1[0m checking 'C:\ws\techical_test_ROS\install\radar_pkg\lib\pkgconfig\radar_pkg.pc'
[6.217s] [34mcolcon.colcon_core.environment[0m [1;30mLevel 1[0m checking 'C:\ws\techical_test_ROS\install\radar_pkg\Lib\site-packages'
[6.225s] [34mcolcon.colcon_core.shell[0m [1;30mINFO[0m Creating package script 'C:\ws\techical_test_ROS\install\radar_pkg\share\radar_pkg\package.ps1'
[6.227s] [34mcolcon.colcon_core.shell[0m [1;30mINFO[0m Creating package script 'C:\ws\techical_test_ROS\install\radar_pkg\share\radar_pkg\package.bat'
[6.229s] [34mcolcon.colcon_core.shell[0m [1;30mINFO[0m Creating package descriptor 'C:\ws\techical_test_ROS\install\radar_pkg\share\radar_pkg\package.dsv'
[6.230s] [34mcolcon.colcon_core.environment[0m [1;30mLevel 1[0m create_file_with_runtime_dependencies(C:\ws\techical_test_ROS\install\radar_pkg\share\colcon-core\packages\radar_pkg)
[6.239s] [34mcolcon.colcon_core.environment[0m [1;30mLevel 1[0m create_environment_scripts_only(radar_pkg)
[6.251s] [34mcolcon.colcon_core.environment[0m [1;30mLevel 1[0m checking 'C:\ws\techical_test_ROS\install\radar_pkg' for CMake module files
[6.253s] [34mcolcon.colcon_core.environment[0m [1;30mLevel 1[0m checking 'C:\ws\techical_test_ROS\install\radar_pkg' for CMake config files
[6.255s] [34mcolcon.colcon_core.shell[0m [1;30mLevel 1[0m create_environment_hook('radar_pkg', 'cmake_prefix_path')
[6.262s] [34mcolcon.colcon_core.shell[0m [1;30mINFO[0m Creating environment hook 'C:\ws\techical_test_ROS\install\radar_pkg\share\radar_pkg\hook\cmake_prefix_path.ps1'
[6.264s] [34mcolcon.colcon_core.shell[0m [1;30mINFO[0m Creating environment hook 'C:\ws\techical_test_ROS\install\radar_pkg\share\radar_pkg\hook\cmake_prefix_path.bat'
[6.265s] [34mcolcon.colcon_core.shell[0m [1;30mINFO[0m Creating environment descriptor 'C:\ws\techical_test_ROS\install\radar_pkg\share\radar_pkg\hook\cmake_prefix_path.dsv'
[6.266s] [34mcolcon.colcon_core.environment[0m [1;30mLevel 1[0m checking 'C:\ws\techical_test_ROS\install\radar_pkg\bin'
[6.266s] [34mcolcon.colcon_core.environment[0m [1;30mLevel 1[0m checking 'C:\ws\techical_test_ROS\install\radar_pkg\bin'
[6.267s] [34mcolcon.colcon_core.shell[0m [1;30mLevel 1[0m create_environment_hook('radar_pkg', 'path')
[6.274s] [34mcolcon.colcon_core.shell[0m [1;30mINFO[0m Creating environment hook 'C:\ws\techical_test_ROS\install\radar_pkg\share\radar_pkg\hook\path.ps1'
[6.275s] [34mcolcon.colcon_core.shell[0m [1;30mINFO[0m Creating environment hook 'C:\ws\techical_test_ROS\install\radar_pkg\share\radar_pkg\hook\path.bat'
[6.276s] [34mcolcon.colcon_core.shell[0m [1;30mINFO[0m Creating environment descriptor 'C:\ws\techical_test_ROS\install\radar_pkg\share\radar_pkg\hook\path.dsv'
[6.277s] [34mcolcon.colcon_core.environment[0m [1;30mLevel 1[0m checking 'C:\ws\techical_test_ROS\install\radar_pkg\Scripts'
[6.278s] [34mcolcon.colcon_core.environment[0m [1;30mLevel 1[0m checking 'C:\ws\techical_test_ROS\install\radar_pkg\lib\pkgconfig\radar_pkg.pc'
[6.278s] [34mcolcon.colcon_core.environment[0m [1;30mLevel 1[0m checking 'C:\ws\techical_test_ROS\install\radar_pkg\Lib\site-packages'
[6.285s] [34mcolcon.colcon_core.shell[0m [1;30mINFO[0m Creating package script 'C:\ws\techical_test_ROS\install\radar_pkg\share\radar_pkg\package.ps1'
[6.287s] [34mcolcon.colcon_core.shell[0m [1;30mINFO[0m Creating package script 'C:\ws\techical_test_ROS\install\radar_pkg\share\radar_pkg\package.bat'
[6.288s] [34mcolcon.colcon_core.shell[0m [1;30mINFO[0m Creating package descriptor 'C:\ws\techical_test_ROS\install\radar_pkg\share\radar_pkg\package.dsv'
[6.290s] [34mcolcon.colcon_core.environment[0m [1;30mLevel 1[0m create_file_with_runtime_dependencies(C:\ws\techical_test_ROS\install\radar_pkg\share\colcon-core\packages\radar_pkg)
[7.024s] [34mcolcon.colcon_core.event_handler.log_command[0m [1;30mDEBUG[0m [32mInvoked command in 'C:\ws\techical_test_ROS\build\rl_pkg' returned '0': CL=/MP C:\opt\ros\foxy\x64\Scripts\cmake.EXE --build C:\ws\techical_test_ROS\build\rl_pkg --config Release[0m
[7.027s] [34mcolcon.colcon_core.event_handler.log_command[0m [1;30mDEBUG[0m [32mInvoking command in 'C:\ws\techical_test_ROS\build\rl_pkg': C:\opt\ros\foxy\x64\Scripts\cmake.EXE --install C:\ws\techical_test_ROS\build\rl_pkg --config Release[0m
[7.214s] [34mcolcon.colcon_core.environment[0m [1;30mLevel 1[0m create_environment_scripts_only(rl_pkg)
[7.227s] [34mcolcon.colcon_core.environment[0m [1;30mLevel 1[0m checking 'C:\ws\techical_test_ROS\install\rl_pkg' for CMake module files
[7.227s] [34mcolcon.colcon_core.event_handler.log_command[0m [1;30mDEBUG[0m [32mInvoked command in 'C:\ws\techical_test_ROS\build\rl_pkg' returned '0': C:\opt\ros\foxy\x64\Scripts\cmake.EXE --install C:\ws\techical_test_ROS\build\rl_pkg --config Release[0m
[7.229s] [34mcolcon.colcon_core.environment[0m [1;30mLevel 1[0m checking 'C:\ws\techical_test_ROS\install\rl_pkg' for CMake config files
[7.231s] [34mcolcon.colcon_core.shell[0m [1;30mLevel 1[0m create_environment_hook('rl_pkg', 'cmake_prefix_path')
[7.239s] [34mcolcon.colcon_core.shell[0m [1;30mINFO[0m Creating environment hook 'C:\ws\techical_test_ROS\install\rl_pkg\share\rl_pkg\hook\cmake_prefix_path.ps1'
[7.241s] [34mcolcon.colcon_core.shell[0m [1;30mINFO[0m Creating environment hook 'C:\ws\techical_test_ROS\install\rl_pkg\share\rl_pkg\hook\cmake_prefix_path.bat'
[7.242s] [34mcolcon.colcon_core.shell[0m [1;30mINFO[0m Creating environment descriptor 'C:\ws\techical_test_ROS\install\rl_pkg\share\rl_pkg\hook\cmake_prefix_path.dsv'
[7.243s] [34mcolcon.colcon_core.environment[0m [1;30mLevel 1[0m checking 'C:\ws\techical_test_ROS\install\rl_pkg\bin'
[7.243s] [34mcolcon.colcon_core.environment[0m [1;30mLevel 1[0m checking 'C:\ws\techical_test_ROS\install\rl_pkg\bin'
[7.243s] [34mcolcon.colcon_core.shell[0m [1;30mLevel 1[0m create_environment_hook('rl_pkg', 'path')
[7.251s] [34mcolcon.colcon_core.shell[0m [1;30mINFO[0m Creating environment hook 'C:\ws\techical_test_ROS\install\rl_pkg\share\rl_pkg\hook\path.ps1'
[7.252s] [34mcolcon.colcon_core.shell[0m [1;30mINFO[0m Creating environment hook 'C:\ws\techical_test_ROS\install\rl_pkg\share\rl_pkg\hook\path.bat'
[7.254s] [34mcolcon.colcon_core.shell[0m [1;30mINFO[0m Creating environment descriptor 'C:\ws\techical_test_ROS\install\rl_pkg\share\rl_pkg\hook\path.dsv'
[7.254s] [34mcolcon.colcon_core.environment[0m [1;30mLevel 1[0m checking 'C:\ws\techical_test_ROS\install\rl_pkg\Scripts'
[7.255s] [34mcolcon.colcon_core.environment[0m [1;30mLevel 1[0m checking 'C:\ws\techical_test_ROS\install\rl_pkg\lib\pkgconfig\rl_pkg.pc'
[7.255s] [34mcolcon.colcon_core.environment[0m [1;30mLevel 1[0m checking 'C:\ws\techical_test_ROS\install\rl_pkg\Lib\site-packages'
[7.263s] [34mcolcon.colcon_core.shell[0m [1;30mINFO[0m Creating package script 'C:\ws\techical_test_ROS\install\rl_pkg\share\rl_pkg\package.ps1'
[7.265s] [34mcolcon.colcon_core.shell[0m [1;30mINFO[0m Creating package script 'C:\ws\techical_test_ROS\install\rl_pkg\share\rl_pkg\package.bat'
[7.266s] [34mcolcon.colcon_core.shell[0m [1;30mINFO[0m Creating package descriptor 'C:\ws\techical_test_ROS\install\rl_pkg\share\rl_pkg\package.dsv'
[7.267s] [34mcolcon.colcon_core.environment[0m [1;30mLevel 1[0m create_file_with_runtime_dependencies(C:\ws\techical_test_ROS\install\rl_pkg\share\colcon-core\packages\rl_pkg)
[7.275s] [34mcolcon.colcon_core.environment[0m [1;30mLevel 1[0m create_environment_scripts_only(rl_pkg)
[7.286s] [34mcolcon.colcon_core.environment[0m [1;30mLevel 1[0m checking 'C:\ws\techical_test_ROS\install\rl_pkg' for CMake module files
[7.288s] [34mcolcon.colcon_core.environment[0m [1;30mLevel 1[0m checking 'C:\ws\techical_test_ROS\install\rl_pkg' for CMake config files
[7.290s] [34mcolcon.colcon_core.shell[0m [1;30mLevel 1[0m create_environment_hook('rl_pkg', 'cmake_prefix_path')
[7.296s] [34mcolcon.colcon_core.shell[0m [1;30mINFO[0m Creating environment hook 'C:\ws\techical_test_ROS\install\rl_pkg\share\rl_pkg\hook\cmake_prefix_path.ps1'
[7.298s] [34mcolcon.colcon_core.shell[0m [1;30mINFO[0m Creating environment hook 'C:\ws\techical_test_ROS\install\rl_pkg\share\rl_pkg\hook\cmake_prefix_path.bat'
[7.299s] [34mcolcon.colcon_core.shell[0m [1;30mINFO[0m Creating environment descriptor 'C:\ws\techical_test_ROS\install\rl_pkg\share\rl_pkg\hook\cmake_prefix_path.dsv'
[7.300s] [34mcolcon.colcon_core.environment[0m [1;30mLevel 1[0m checking 'C:\ws\techical_test_ROS\install\rl_pkg\bin'
[7.300s] [34mcolcon.colcon_core.environment[0m [1;30mLevel 1[0m checking 'C:\ws\techical_test_ROS\install\rl_pkg\bin'
[7.301s] [34mcolcon.colcon_core.shell[0m [1;30mLevel 1[0m create_environment_hook('rl_pkg', 'path')
[7.308s] [34mcolcon.colcon_core.shell[0m [1;30mINFO[0m Creating environment hook 'C:\ws\techical_test_ROS\install\rl_pkg\share\rl_pkg\hook\path.ps1'
[7.310s] [34mcolcon.colcon_core.shell[0m [1;30mINFO[0m Creating environment hook 'C:\ws\techical_test_ROS\install\rl_pkg\share\rl_pkg\hook\path.bat'
[7.311s] [34mcolcon.colcon_core.shell[0m [1;30mINFO[0m Creating environment descriptor 'C:\ws\techical_test_ROS\install\rl_pkg\share\rl_pkg\hook\path.dsv'
[7.312s] [34mcolcon.colcon_core.environment[0m [1;30mLevel 1[0m checking 'C:\ws\techical_test_ROS\install\rl_pkg\Scripts'
[7.312s] [34mcolcon.colcon_core.environment[0m [1;30mLevel 1[0m checking 'C:\ws\techical_test_ROS\install\rl_pkg\lib\pkgconfig\rl_pkg.pc'
[7.312s] [34mcolcon.colcon_core.environment[0m [1;30mLevel 1[0m checking 'C:\ws\techical_test_ROS\install\rl_pkg\Lib\site-packages'
[7.321s] [34mcolcon.colcon_core.shell[0m [1;30mINFO[0m Creating package script 'C:\ws\techical_test_ROS\install\rl_pkg\share\rl_pkg\package.ps1'
[7.322s] [34mcolcon.colcon_core.shell[0m [1;30mINFO[0m Creating package script 'C:\ws\techical_test_ROS\install\rl_pkg\share\rl_pkg\package.bat'
[7.324s] [34mcolcon.colcon_core.shell[0m [1;30mINFO[0m Creating package descriptor 'C:\ws\techical_test_ROS\install\rl_pkg\share\rl_pkg\package.dsv'
[7.325s] [34mcolcon.colcon_core.environment[0m [1;30mLevel 1[0m create_file_with_runtime_dependencies(C:\ws\techical_test_ROS\install\rl_pkg\share\colcon-core\packages\rl_pkg)
[7.326s] [34mcolcon.colcon_parallel_executor.executor.parallel[0m [1;30mDEBUG[0m [32mrun_until_complete finished with '0'[0m
[7.326s] [34mcolcon.colcon_core.event_reactor[0m [1;30mDEBUG[0m [32mjoining thread[0m
[7.343s] [34mcolcon.colcon_core.plugin_system[0m [1;30mINFO[0m Skipping extension 'colcon_notification.desktop_notification.notify2': 'notify2' not found
[7.343s] [34mcolcon.colcon_core.plugin_system[0m [1;30mINFO[0m Skipping extension 'colcon_notification.desktop_notification.notify_send': Not used on non-Linux systems
[7.343s] [34mcolcon.colcon_core.plugin_system[0m [1;30mINFO[0m Skipping extension 'colcon_notification.desktop_notification.terminal_notifier': Not used on non-Darwin systems
[7.344s] [34mcolcon.colcon_notification.desktop_notification[0m [1;30mINFO[0m Sending desktop notification using 'win32'
[12.419s] [34mcolcon.colcon_core.event_reactor[0m [1;30mDEBUG[0m [32mjoined thread[0m
[12.429s] [34mcolcon.colcon_core.shell[0m [1;30mINFO[0m Creating prefix script 'C:\ws\techical_test_ROS\install\local_setup.ps1'
[12.431s] [34mcolcon.colcon_core.shell[0m [1;30mINFO[0m Creating prefix util module 'C:\ws\techical_test_ROS\install\_local_setup_util_ps1.py'
[12.433s] [34mcolcon.colcon_core.shell[0m [1;30mINFO[0m Creating prefix chain script 'C:\ws\techical_test_ROS\install\setup.ps1'
[12.445s] [34mcolcon.colcon_core.shell[0m [1;30mINFO[0m Creating prefix script 'C:\ws\techical_test_ROS\install\local_setup.bat'
[12.447s] [34mcolcon.colcon_core.shell[0m [1;30mINFO[0m Creating prefix util module 'C:\ws\techical_test_ROS\install\_local_setup_util_bat.py'
[12.449s] [34mcolcon.colcon_core.shell[0m [1;30mINFO[0m Creating prefix chain script 'C:\ws\techical_test_ROS\install\setup.bat'
