[0.375s] Invoking command in 'C:\radar_ws\build\radar_pkg': C:\opt\ros\foxy\x64\Scripts\cmake.EXE C:\radar_ws\src\radar_pkg -DCMAKE_INSTALL_PREFIX=C:\radar_ws\install\radar_pkg
[0.515s] -- Selecting Windows SDK version 10.0.22621.0 to target Windows 10.0.19045.
[0.546s] -- Found ament_cmake: 0.9.9 (C:/opt/ros/foxy/x64/share/ament_cmake/cmake)
[0.625s] -- Using PYTHON_EXECUTABLE: C:/msys64/mingw64/bin/python3.exe
[1.109s] -- Found rclcpp: 2.4.0 (C:/opt/ros/foxy/x64/share/rclcpp/cmake)
[1.375s] -- Using all available rosidl_typesupport_c: rosidl_typesupport_fastrtps_c;rosidl_typesupport_introspection_c
[1.437s] -- Found rosidl_adapter: 1.2.1 (C:/opt/ros/foxy/x64/share/rosidl_adapter/cmake)
[1.859s] -- Found OpenSSL: C:/opt/ros/foxy/x64/Lib/libcrypto.lib (found version "1.1.1g")  
[2.109s] -- Found FastRTPS: C:/opt/ros/foxy/x64/include  
[2.796s] -- Using all available rosidl_typesupport_cpp: rosidl_typesupport_fastrtps_cpp;rosidl_typesupport_introspection_cpp
[3.062s] -- Found rmw_implementation_cmake: 1.0.3 (C:/opt/ros/foxy/x64/share/rmw_implementation_cmake/cmake)
[3.062s] -- Using RMW implementation 'rmw_fastrtps_cpp' as default
[3.062s] -- Looking for pthread.h
[4.140s] -- Looking for pthread.h - not found
[4.140s] -- Found Threads: TRUE  
[4.546s] -- Found ament_lint_auto: 0.9.6 (C:/opt/ros/foxy/x64/share/ament_lint_auto/cmake)
[4.750s] -- Added test 'copyright' to check source files copyright and LICENSE
[4.765s] -- Added test 'cppcheck' to perform static code analysis on C / C++ code
[4.765s] -- Configured cppcheck include dirs: C:/radar_ws/src/radar_pkg/include
[4.765s] -- Configured cppcheck exclude dirs and/or files: 
[4.765s] -- Added test 'cpplint' to check C / C++ code against the Google style
[4.765s] -- Configured cpplint exclude dirs and/or files: 
[4.765s] -- Added test 'lint_cmake' to check CMake code style
[4.781s] -- Added test 'uncrustify' to check C / C++ code style
[4.781s] -- Configured uncrustify additional arguments: 
[4.781s] -- Added test 'xmllint' to check XML markup files
[4.859s] -- Configuring done
[5.125s] -- Generating done
[5.140s] -- Build files have been written to: C:/radar_ws/build/radar_pkg
[5.171s] Invoked command in 'C:\radar_ws\build\radar_pkg' returned '0': C:\opt\ros\foxy\x64\Scripts\cmake.EXE C:\radar_ws\src\radar_pkg -DCMAKE_INSTALL_PREFIX=C:\radar_ws\install\radar_pkg
[5.171s] Invoking command in 'C:\radar_ws\build\radar_pkg': CL=/MP C:\opt\ros\foxy\x64\Scripts\cmake.EXE --build C:\radar_ws\build\radar_pkg --config Release
[5.437s] Microsoft (R) Build Engine version 16.11.2+f32259642 for .NET Framework
[5.437s] Copyright (C) Microsoft Corporation. All rights reserved.
[5.437s] 
[6.156s]   Checking Build System
[6.406s]   Building Custom Rule C:/radar_ws/src/radar_pkg/CMakeLists.txt
[6.625s]   main.cpp
[7.437s]   main.vcxproj -> C:\radar_ws\build\radar_pkg\Release\main.exe
[7.500s]   Building Custom Rule C:/radar_ws/src/radar_pkg/CMakeLists.txt
[7.609s] Invoked command in 'C:\radar_ws\build\radar_pkg' returned '0': CL=/MP C:\opt\ros\foxy\x64\Scripts\cmake.EXE --build C:\radar_ws\build\radar_pkg --config Release
[7.765s] Invoking command in 'C:\radar_ws\build\radar_pkg': C:\opt\ros\foxy\x64\Scripts\cmake.EXE --install C:\radar_ws\build\radar_pkg --config Release
[7.906s] -- Installing: C:/radar_ws/install/radar_pkg/bin/main.exe
[7.906s] -- Installing: C:/radar_ws/install/radar_pkg/lib/radar_pkg/main.exe
[7.906s] -- Up-to-date: C:/radar_ws/install/radar_pkg/share/ament_index/resource_index/package_run_dependencies/radar_pkg
[7.906s] -- Up-to-date: C:/radar_ws/install/radar_pkg/share/ament_index/resource_index/parent_prefix_path/radar_pkg
[7.906s] -- Up-to-date: C:/radar_ws/install/radar_pkg/share/radar_pkg/environment/ament_prefix_path.bat
[7.906s] -- Installing: C:/radar_ws/install/radar_pkg/share/radar_pkg/environment/ament_prefix_path.dsv
[7.906s] -- Up-to-date: C:/radar_ws/install/radar_pkg/share/radar_pkg/environment/path.bat
[7.921s] -- Installing: C:/radar_ws/install/radar_pkg/share/radar_pkg/environment/path.dsv
[7.921s] -- Up-to-date: C:/radar_ws/install/radar_pkg/share/radar_pkg/local_setup.bat
[7.921s] -- Installing: C:/radar_ws/install/radar_pkg/share/radar_pkg/local_setup.dsv
[7.921s] -- Installing: C:/radar_ws/install/radar_pkg/share/radar_pkg/package.dsv
[7.921s] -- Up-to-date: C:/radar_ws/install/radar_pkg/share/ament_index/resource_index/packages/radar_pkg
[7.921s] -- Up-to-date: C:/radar_ws/install/radar_pkg/share/radar_pkg/cmake/radar_pkgConfig.cmake
[7.921s] -- Up-to-date: C:/radar_ws/install/radar_pkg/share/radar_pkg/cmake/radar_pkgConfig-version.cmake
[7.921s] -- Up-to-date: C:/radar_ws/install/radar_pkg/share/radar_pkg/package.xml
[7.937s] Invoked command in 'C:\radar_ws\build\radar_pkg' returned '0': C:\opt\ros\foxy\x64\Scripts\cmake.EXE --install C:\radar_ws\build\radar_pkg --config Release
