[0.951s] [34mcolcon[0m [1;30mDEBUG[0m [32mCommand line arguments: ['C:\\opt\\ros\\foxy\\x64\\Scripts\\colcon', 'build'][0m
[0.951s] [34mcolcon[0m [1;30mDEBUG[0m [32mParsed command line arguments: Namespace(ament_cmake_args=None, base_paths=['.'], build_base='build', catkin_cmake_args=None, catkin_skip_building_tests=False, cmake_args=None, cmake_clean_cache=False, cmake_clean_first=False, cmake_force_configure=False, cmake_target=None, cmake_target_skip_unavailable=False, continue_on_error=False, event_handlers=None, executor='parallel', ignore_user_meta=False, install_base='install', log_base=None, log_level=None, main=<bound method BuildVerb.main of <colcon_core.verb.build.BuildVerb object at 0x000001D834284EB0>>, merge_install=False, metas=['./colcon.meta'], packages_above=None, packages_above_and_dependencies=None, packages_above_depth=None, packages_end=None, packages_ignore=None, packages_ignore_regex=None, packages_select=None, packages_select_build_failed=False, packages_select_by_dep=None, packages_select_regex=None, packages_select_test_failures=False, packages_skip=None, packages_skip_build_finished=False, packages_skip_by_dep=None, packages_skip_regex=None, packages_skip_test_passed=False, packages_skip_up_to=None, packages_start=None, packages_up_to=None, packages_up_to_regex=None, parallel_workers=4, paths=None, symlink_install=False, test_result_base=None, verb_extension=<colcon_core.verb.build.BuildVerb object at 0x000001D834284EB0>, verb_name='build', verb_parser=<colcon_defaults.argument_parser.defaults.DefaultArgumentsDecorator object at 0x000001D8342913D0>)[0m
[1.017s] [34mcolcon.colcon_core.package_discovery[0m [1;30mLevel 1[0m discover_packages(colcon_meta) check parameters
[1.017s] [34mcolcon.colcon_core.package_discovery[0m [1;30mLevel 1[0m discover_packages(recursive) check parameters
[1.018s] [34mcolcon.colcon_core.package_discovery[0m [1;30mLevel 1[0m discover_packages(ignore) check parameters
[1.018s] [34mcolcon.colcon_core.package_discovery[0m [1;30mLevel 1[0m discover_packages(path) check parameters
[1.018s] [34mcolcon.colcon_core.package_discovery[0m [1;30mLevel 1[0m discover_packages(colcon_meta) discover
[1.018s] [34mcolcon.colcon_core.package_discovery[0m [1;30mLevel 1[0m discover_packages(recursive) discover
[1.018s] [34mcolcon.colcon_core.package_discovery[0m [1;30mINFO[0m Crawling recursively for packages in 'C:\radar_ws'
[1.018s] [34mcolcon.colcon_core.package_identification[0m [1;30mLevel 1[0m _identify(.) by extensions ['ignore', 'ignore_ament_install']
[1.018s] [34mcolcon.colcon_core.package_identification[0m [1;30mLevel 1[0m _identify(.) by extension 'ignore'
[1.019s] [34mcolcon.colcon_core.package_identification[0m [1;30mLevel 1[0m _identify(.) by extension 'ignore_ament_install'
[1.019s] [34mcolcon.colcon_core.package_identification[0m [1;30mLevel 1[0m _identify(.) by extensions ['colcon_pkg']
[1.019s] [34mcolcon.colcon_core.package_identification[0m [1;30mLevel 1[0m _identify(.) by extension 'colcon_pkg'
[1.019s] [34mcolcon.colcon_core.package_identification[0m [1;30mLevel 1[0m _identify(.) by extensions ['colcon_meta']
[1.019s] [34mcolcon.colcon_core.package_identification[0m [1;30mLevel 1[0m _identify(.) by extension 'colcon_meta'
[1.019s] [34mcolcon.colcon_core.package_identification[0m [1;30mLevel 1[0m _identify(.) by extensions ['ros']
[1.019s] [34mcolcon.colcon_core.package_identification[0m [1;30mLevel 1[0m _identify(.) by extension 'ros'
[1.040s] [34mcolcon.colcon_core.package_identification[0m [1;30mLevel 1[0m _identify(.) by extensions ['cmake', 'python']
[1.040s] [34mcolcon.colcon_core.package_identification[0m [1;30mLevel 1[0m _identify(.) by extension 'cmake'
[1.040s] [34mcolcon.colcon_core.package_identification[0m [1;30mLevel 1[0m _identify(.) by extension 'python'
[1.040s] [34mcolcon.colcon_core.package_identification[0m [1;30mLevel 1[0m _identify(.) by extensions ['python_setup_py']
[1.040s] [34mcolcon.colcon_core.package_identification[0m [1;30mLevel 1[0m _identify(.) by extension 'python_setup_py'
[1.041s] [34mcolcon.colcon_core.package_identification[0m [1;30mLevel 1[0m _identify(build) by extensions ['ignore', 'ignore_ament_install']
[1.041s] [34mcolcon.colcon_core.package_identification[0m [1;30mLevel 1[0m _identify(build) by extension 'ignore'
[1.041s] [34mcolcon.colcon_core.package_identification[0m [1;30mLevel 1[0m _identify(build) ignored
[1.042s] [34mcolcon.colcon_core.package_identification[0m [1;30mLevel 1[0m _identify(install) by extensions ['ignore', 'ignore_ament_install']
[1.042s] [34mcolcon.colcon_core.package_identification[0m [1;30mLevel 1[0m _identify(install) by extension 'ignore'
[1.042s] [34mcolcon.colcon_core.package_identification[0m [1;30mLevel 1[0m _identify(install) ignored
[1.043s] [34mcolcon.colcon_core.package_identification[0m [1;30mLevel 1[0m _identify(log) by extensions ['ignore', 'ignore_ament_install']
[1.043s] [34mcolcon.colcon_core.package_identification[0m [1;30mLevel 1[0m _identify(log) by extension 'ignore'
[1.043s] [34mcolcon.colcon_core.package_identification[0m [1;30mLevel 1[0m _identify(log) ignored
[1.043s] [34mcolcon.colcon_core.package_identification[0m [1;30mLevel 1[0m _identify(src) by extensions ['ignore', 'ignore_ament_install']
[1.043s] [34mcolcon.colcon_core.package_identification[0m [1;30mLevel 1[0m _identify(src) by extension 'ignore'
[1.043s] [34mcolcon.colcon_core.package_identification[0m [1;30mLevel 1[0m _identify(src) by extension 'ignore_ament_install'
[1.044s] [34mcolcon.colcon_core.package_identification[0m [1;30mLevel 1[0m _identify(src) by extensions ['colcon_pkg']
[1.044s] [34mcolcon.colcon_core.package_identification[0m [1;30mLevel 1[0m _identify(src) by extension 'colcon_pkg'
[1.044s] [34mcolcon.colcon_core.package_identification[0m [1;30mLevel 1[0m _identify(src) by extensions ['colcon_meta']
[1.044s] [34mcolcon.colcon_core.package_identification[0m [1;30mLevel 1[0m _identify(src) by extension 'colcon_meta'
[1.044s] [34mcolcon.colcon_core.package_identification[0m [1;30mLevel 1[0m _identify(src) by extensions ['ros']
[1.044s] [34mcolcon.colcon_core.package_identification[0m [1;30mLevel 1[0m _identify(src) by extension 'ros'
[1.044s] [34mcolcon.colcon_core.package_identification[0m [1;30mLevel 1[0m _identify(src) by extensions ['cmake', 'python']
[1.044s] [34mcolcon.colcon_core.package_identification[0m [1;30mLevel 1[0m _identify(src) by extension 'cmake'
[1.045s] [34mcolcon.colcon_core.package_identification[0m [1;30mLevel 1[0m _identify(src) by extension 'python'
[1.045s] [34mcolcon.colcon_core.package_identification[0m [1;30mLevel 1[0m _identify(src) by extensions ['python_setup_py']
[1.045s] [34mcolcon.colcon_core.package_identification[0m [1;30mLevel 1[0m _identify(src) by extension 'python_setup_py'
[1.045s] [34mcolcon.colcon_core.package_identification[0m [1;30mLevel 1[0m _identify(src\radar_pkg) by extensions ['ignore', 'ignore_ament_install']
[1.045s] [34mcolcon.colcon_core.package_identification[0m [1;30mLevel 1[0m _identify(src\radar_pkg) by extension 'ignore'
[1.045s] [34mcolcon.colcon_core.package_identification[0m [1;30mLevel 1[0m _identify(src\radar_pkg) by extension 'ignore_ament_install'
[1.046s] [34mcolcon.colcon_core.package_identification[0m [1;30mLevel 1[0m _identify(src\radar_pkg) by extensions ['colcon_pkg']
[1.046s] [34mcolcon.colcon_core.package_identification[0m [1;30mLevel 1[0m _identify(src\radar_pkg) by extension 'colcon_pkg'
[1.046s] [34mcolcon.colcon_core.package_identification[0m [1;30mLevel 1[0m _identify(src\radar_pkg) by extensions ['colcon_meta']
[1.046s] [34mcolcon.colcon_core.package_identification[0m [1;30mLevel 1[0m _identify(src\radar_pkg) by extension 'colcon_meta'
[1.046s] [34mcolcon.colcon_core.package_identification[0m [1;30mLevel 1[0m _identify(src\radar_pkg) by extensions ['ros']
[1.046s] [34mcolcon.colcon_core.package_identification[0m [1;30mLevel 1[0m _identify(src\radar_pkg) by extension 'ros'
[1.053s] [34mcolcon.colcon_core.package_identification[0m [1;30mDEBUG[0m [32mPackage 'src\radar_pkg' with type 'ros.ament_cmake' and name 'radar_pkg'[0m
[1.054s] [34mcolcon.colcon_core.package_discovery[0m [1;30mLevel 1[0m discover_packages(recursive) using defaults
[1.054s] [34mcolcon.colcon_core.package_discovery[0m [1;30mLevel 1[0m discover_packages(ignore) discover
[1.054s] [34mcolcon.colcon_core.package_discovery[0m [1;30mLevel 1[0m discover_packages(ignore) using defaults
[1.054s] [34mcolcon.colcon_core.package_discovery[0m [1;30mLevel 1[0m discover_packages(path) discover
[1.054s] [34mcolcon.colcon_core.package_discovery[0m [1;30mLevel 1[0m discover_packages(path) using defaults
[1.097s] [34mcolcon.colcon_core.verb[0m [1;30mLevel 5[0m set package 'radar_pkg' build argument 'cmake_args' from command line to 'None'
[1.098s] [34mcolcon.colcon_core.verb[0m [1;30mLevel 5[0m set package 'radar_pkg' build argument 'cmake_target' from command line to 'None'
[1.098s] [34mcolcon.colcon_core.verb[0m [1;30mLevel 5[0m set package 'radar_pkg' build argument 'cmake_target_skip_unavailable' from command line to 'False'
[1.098s] [34mcolcon.colcon_core.verb[0m [1;30mLevel 5[0m set package 'radar_pkg' build argument 'cmake_clean_cache' from command line to 'False'
[1.098s] [34mcolcon.colcon_core.verb[0m [1;30mLevel 5[0m set package 'radar_pkg' build argument 'cmake_clean_first' from command line to 'False'
[1.098s] [34mcolcon.colcon_core.verb[0m [1;30mLevel 5[0m set package 'radar_pkg' build argument 'cmake_force_configure' from command line to 'False'
[1.098s] [34mcolcon.colcon_core.verb[0m [1;30mLevel 5[0m set package 'radar_pkg' build argument 'ament_cmake_args' from command line to 'None'
[1.098s] [34mcolcon.colcon_core.verb[0m [1;30mLevel 5[0m set package 'radar_pkg' build argument 'catkin_cmake_args' from command line to 'None'
[1.098s] [34mcolcon.colcon_core.verb[0m [1;30mLevel 5[0m set package 'radar_pkg' build argument 'catkin_skip_building_tests' from command line to 'False'
[1.098s] [34mcolcon.colcon_core.verb[0m [1;30mDEBUG[0m [32mBuilding package 'radar_pkg' with the following arguments: {'ament_cmake_args': None, 'build_base': 'C:\\radar_ws\\build\\radar_pkg', 'catkin_cmake_args': None, 'catkin_skip_building_tests': False, 'cmake_args': None, 'cmake_clean_cache': False, 'cmake_clean_first': False, 'cmake_force_configure': False, 'cmake_target': None, 'cmake_target_skip_unavailable': False, 'install_base': 'C:\\radar_ws\\install\\radar_pkg', 'merge_install': False, 'path': 'C:\\radar_ws\\src\\radar_pkg', 'symlink_install': False, 'test_result_base': None}[0m
[1.102s] [34mcolcon.colcon_core.executor[0m [1;30mINFO[0m Executing jobs using 'parallel' executor
[1.129s] [34mcolcon.colcon_parallel_executor.executor.parallel[0m [1;30mDEBUG[0m [32mrun_until_complete[0m
[1.130s] [34mcolcon.colcon_ros.task.ament_cmake.build[0m [1;30mINFO[0m Building ROS package in 'C:\radar_ws\src\radar_pkg' with build type 'ament_cmake'
[1.130s] [34mcolcon.colcon_cmake.task.cmake.build[0m [1;30mINFO[0m Building CMake package in 'C:\radar_ws\src\radar_pkg'
[1.141s] [34mcolcon.colcon_core.plugin_system[0m [1;30mINFO[0m Skipping extension 'colcon_core.shell.sh': Not used on Windows systems
[1.141s] [34mcolcon.colcon_core.shell[0m [1;30mINFO[0m Skip shell extension 'powershell' for command environment: Not usable outside of PowerShell
[1.155s] [34mcolcon.colcon_ros.prefix_path.catkin[0m [1;30mWARNING[0m [33mThe path 'C:\opt\ros\foxy\x64\tools\vcpkg\installed\x64-windows' in the environment variable CMAKE_PREFIX_PATH doesn't exist[0m
[1.230s] [34mcolcon.colcon_core.event_handler.log_command[0m [1;30mDEBUG[0m [32mInvoking command in 'C:\radar_ws\build\radar_pkg': C:\opt\ros\foxy\x64\Scripts\cmake.EXE C:\radar_ws\src\radar_pkg -DCMAKE_INSTALL_PREFIX=C:\radar_ws\install\radar_pkg[0m
[4.293s] [34mcolcon.colcon_core.event_handler.log_command[0m [1;30mDEBUG[0m [32mInvoked command in 'C:\radar_ws\build\radar_pkg' returned '0': C:\opt\ros\foxy\x64\Scripts\cmake.EXE C:\radar_ws\src\radar_pkg -DCMAKE_INSTALL_PREFIX=C:\radar_ws\install\radar_pkg[0m
[4.297s] [34mcolcon.colcon_core.event_handler.log_command[0m [1;30mDEBUG[0m [32mInvoking command in 'C:\radar_ws\build\radar_pkg': CL=/MP C:\opt\ros\foxy\x64\Scripts\cmake.EXE --build C:\radar_ws\build\radar_pkg --config Release[0m
[6.505s] [34mcolcon.colcon_core.event_handler.log_command[0m [1;30mDEBUG[0m [32mInvoked command in 'C:\radar_ws\build\radar_pkg' returned '0': CL=/MP C:\opt\ros\foxy\x64\Scripts\cmake.EXE --build C:\radar_ws\build\radar_pkg --config Release[0m
[6.658s] [34mcolcon.colcon_core.event_handler.log_command[0m [1;30mDEBUG[0m [32mInvoking command in 'C:\radar_ws\build\radar_pkg': C:\opt\ros\foxy\x64\Scripts\cmake.EXE --install C:\radar_ws\build\radar_pkg --config Release[0m
[6.825s] [34mcolcon.colcon_core.environment[0m [1;30mLevel 1[0m create_environment_scripts_only(radar_pkg)
[6.827s] [34mcolcon.colcon_core.event_handler.log_command[0m [1;30mDEBUG[0m [32mInvoked command in 'C:\radar_ws\build\radar_pkg' returned '0': C:\opt\ros\foxy\x64\Scripts\cmake.EXE --install C:\radar_ws\build\radar_pkg --config Release[0m
[6.847s] [34mcolcon.colcon_core.environment[0m [1;30mLevel 1[0m checking 'C:\radar_ws\install\radar_pkg' for CMake module files
[6.849s] [34mcolcon.colcon_core.environment[0m [1;30mLevel 1[0m checking 'C:\radar_ws\install\radar_pkg' for CMake config files
[6.851s] [34mcolcon.colcon_core.shell[0m [1;30mLevel 1[0m create_environment_hook('radar_pkg', 'cmake_prefix_path')
[6.858s] [34mcolcon.colcon_core.shell[0m [1;30mINFO[0m Creating environment hook 'C:\radar_ws\install\radar_pkg\share\radar_pkg\hook\cmake_prefix_path.ps1'
[6.859s] [34mcolcon.colcon_core.shell[0m [1;30mINFO[0m Creating environment hook 'C:\radar_ws\install\radar_pkg\share\radar_pkg\hook\cmake_prefix_path.bat'
[6.861s] [34mcolcon.colcon_core.shell[0m [1;30mINFO[0m Creating environment descriptor 'C:\radar_ws\install\radar_pkg\share\radar_pkg\hook\cmake_prefix_path.dsv'
[6.862s] [34mcolcon.colcon_core.environment[0m [1;30mLevel 1[0m checking 'C:\radar_ws\install\radar_pkg\bin'
[6.863s] [34mcolcon.colcon_core.environment[0m [1;30mLevel 1[0m checking 'C:\radar_ws\install\radar_pkg\bin'
[6.863s] [34mcolcon.colcon_core.shell[0m [1;30mLevel 1[0m create_environment_hook('radar_pkg', 'path')
[6.870s] [34mcolcon.colcon_core.shell[0m [1;30mINFO[0m Creating environment hook 'C:\radar_ws\install\radar_pkg\share\radar_pkg\hook\path.ps1'
[6.871s] [34mcolcon.colcon_core.shell[0m [1;30mINFO[0m Creating environment hook 'C:\radar_ws\install\radar_pkg\share\radar_pkg\hook\path.bat'
[6.872s] [34mcolcon.colcon_core.shell[0m [1;30mINFO[0m Creating environment descriptor 'C:\radar_ws\install\radar_pkg\share\radar_pkg\hook\path.dsv'
[6.874s] [34mcolcon.colcon_core.environment[0m [1;30mLevel 1[0m checking 'C:\radar_ws\install\radar_pkg\Scripts'
[6.874s] [34mcolcon.colcon_core.environment[0m [1;30mLevel 1[0m checking 'C:\radar_ws\install\radar_pkg\lib\pkgconfig\radar_pkg.pc'
[6.874s] [34mcolcon.colcon_core.environment[0m [1;30mLevel 1[0m checking 'C:\radar_ws\install\radar_pkg\Lib\site-packages'
[6.882s] [34mcolcon.colcon_core.shell[0m [1;30mINFO[0m Creating package script 'C:\radar_ws\install\radar_pkg\share\radar_pkg\package.ps1'
[6.883s] [34mcolcon.colcon_core.shell[0m [1;30mINFO[0m Creating package script 'C:\radar_ws\install\radar_pkg\share\radar_pkg\package.bat'
[6.885s] [34mcolcon.colcon_core.shell[0m [1;30mINFO[0m Creating package descriptor 'C:\radar_ws\install\radar_pkg\share\radar_pkg\package.dsv'
[6.886s] [34mcolcon.colcon_core.environment[0m [1;30mLevel 1[0m create_file_with_runtime_dependencies(C:\radar_ws\install\radar_pkg\share\colcon-core\packages\radar_pkg)
[6.894s] [34mcolcon.colcon_core.environment[0m [1;30mLevel 1[0m create_environment_scripts_only(radar_pkg)
[6.908s] [34mcolcon.colcon_core.environment[0m [1;30mLevel 1[0m checking 'C:\radar_ws\install\radar_pkg' for CMake module files
[6.910s] [34mcolcon.colcon_core.environment[0m [1;30mLevel 1[0m checking 'C:\radar_ws\install\radar_pkg' for CMake config files
[6.912s] [34mcolcon.colcon_core.shell[0m [1;30mLevel 1[0m create_environment_hook('radar_pkg', 'cmake_prefix_path')
[6.918s] [34mcolcon.colcon_core.shell[0m [1;30mINFO[0m Creating environment hook 'C:\radar_ws\install\radar_pkg\share\radar_pkg\hook\cmake_prefix_path.ps1'
[6.920s] [34mcolcon.colcon_core.shell[0m [1;30mINFO[0m Creating environment hook 'C:\radar_ws\install\radar_pkg\share\radar_pkg\hook\cmake_prefix_path.bat'
[6.921s] [34mcolcon.colcon_core.shell[0m [1;30mINFO[0m Creating environment descriptor 'C:\radar_ws\install\radar_pkg\share\radar_pkg\hook\cmake_prefix_path.dsv'
[6.923s] [34mcolcon.colcon_core.environment[0m [1;30mLevel 1[0m checking 'C:\radar_ws\install\radar_pkg\bin'
[6.923s] [34mcolcon.colcon_core.environment[0m [1;30mLevel 1[0m checking 'C:\radar_ws\install\radar_pkg\bin'
[6.923s] [34mcolcon.colcon_core.shell[0m [1;30mLevel 1[0m create_environment_hook('radar_pkg', 'path')
[6.932s] [34mcolcon.colcon_core.shell[0m [1;30mINFO[0m Creating environment hook 'C:\radar_ws\install\radar_pkg\share\radar_pkg\hook\path.ps1'
[6.933s] [34mcolcon.colcon_core.shell[0m [1;30mINFO[0m Creating environment hook 'C:\radar_ws\install\radar_pkg\share\radar_pkg\hook\path.bat'
[6.934s] [34mcolcon.colcon_core.shell[0m [1;30mINFO[0m Creating environment descriptor 'C:\radar_ws\install\radar_pkg\share\radar_pkg\hook\path.dsv'
[6.935s] [34mcolcon.colcon_core.environment[0m [1;30mLevel 1[0m checking 'C:\radar_ws\install\radar_pkg\Scripts'
[6.935s] [34mcolcon.colcon_core.environment[0m [1;30mLevel 1[0m checking 'C:\radar_ws\install\radar_pkg\lib\pkgconfig\radar_pkg.pc'
[6.935s] [34mcolcon.colcon_core.environment[0m [1;30mLevel 1[0m checking 'C:\radar_ws\install\radar_pkg\Lib\site-packages'
[6.945s] [34mcolcon.colcon_core.shell[0m [1;30mINFO[0m Creating package script 'C:\radar_ws\install\radar_pkg\share\radar_pkg\package.ps1'
[6.946s] [34mcolcon.colcon_core.shell[0m [1;30mINFO[0m Creating package script 'C:\radar_ws\install\radar_pkg\share\radar_pkg\package.bat'
[6.947s] [34mcolcon.colcon_core.shell[0m [1;30mINFO[0m Creating package descriptor 'C:\radar_ws\install\radar_pkg\share\radar_pkg\package.dsv'
[6.948s] [34mcolcon.colcon_core.environment[0m [1;30mLevel 1[0m create_file_with_runtime_dependencies(C:\radar_ws\install\radar_pkg\share\colcon-core\packages\radar_pkg)
[6.949s] [34mcolcon.colcon_parallel_executor.executor.parallel[0m [1;30mDEBUG[0m [32mrun_until_complete finished with '0'[0m
[6.949s] [34mcolcon.colcon_core.event_reactor[0m [1;30mDEBUG[0m [32mjoining thread[0m
[6.964s] [34mcolcon.colcon_core.plugin_system[0m [1;30mINFO[0m Skipping extension 'colcon_notification.desktop_notification.notify2': 'notify2' not found
[6.964s] [34mcolcon.colcon_core.plugin_system[0m [1;30mINFO[0m Skipping extension 'colcon_notification.desktop_notification.notify_send': Not used on non-Linux systems
[6.965s] [34mcolcon.colcon_core.plugin_system[0m [1;30mINFO[0m Skipping extension 'colcon_notification.desktop_notification.terminal_notifier': Not used on non-Darwin systems
[6.965s] [34mcolcon.colcon_notification.desktop_notification[0m [1;30mINFO[0m Sending desktop notification using 'win32'
[12.010s] [34mcolcon.colcon_core.event_reactor[0m [1;30mDEBUG[0m [32mjoined thread[0m
[12.018s] [34mcolcon.colcon_core.shell[0m [1;30mINFO[0m Creating prefix script 'C:\radar_ws\install\local_setup.ps1'
[12.021s] [34mcolcon.colcon_core.shell[0m [1;30mINFO[0m Creating prefix util module 'C:\radar_ws\install\_local_setup_util_ps1.py'
[12.023s] [34mcolcon.colcon_core.shell[0m [1;30mINFO[0m Creating prefix chain script 'C:\radar_ws\install\setup.ps1'
[12.033s] [34mcolcon.colcon_core.shell[0m [1;30mINFO[0m Creating prefix script 'C:\radar_ws\install\local_setup.bat'
[12.035s] [34mcolcon.colcon_core.shell[0m [1;30mINFO[0m Creating prefix util module 'C:\radar_ws\install\_local_setup_util_bat.py'
[12.036s] [34mcolcon.colcon_core.shell[0m [1;30mINFO[0m Creating prefix chain script 'C:\radar_ws\install\setup.bat'
