[1.015s] colcon DEBUG Command line arguments: ['C:\\opt\\ros\\foxy\\x64\\Scripts\\colcon', 'list', '-p', '--base-paths', 'c:\\ws\\techical_test_ROS\\rl_ws']
[1.015s] colcon DEBUG Parsed command line arguments: Namespace(base_paths=['c:\\ws\\techical_test_ROS\\rl_ws'], build_base='build', ignore_user_meta=False, log_base=None, log_level=None, main=<bound method ListVerb.main of <colcon_package_information.verb.list.ListVerb object at 0x00000235A2031E20>>, metas=['./colcon.meta'], names_only=False, packages_above=None, packages_above_and_dependencies=None, packages_above_depth=None, packages_end=None, packages_ignore=None, packages_ignore_regex=None, packages_select=None, packages_select_build_failed=False, packages_select_by_dep=None, packages_select_regex=None, packages_select_test_failures=False, packages_skip=None, packages_skip_build_finished=False, packages_skip_by_dep=None, packages_skip_regex=None, packages_skip_test_passed=False, packages_skip_up_to=None, packages_start=None, packages_up_to=None, packages_up_to_regex=None, paths=None, paths_only=True, topological_graph=False, topological_graph_density=False, topological_graph_dot=False, topological_graph_dot_cluster=False, topological_graph_dot_include_skipped=False, topological_graph_legend=False, topological_order=False, verb_extension=<colcon_package_information.verb.list.ListVerb object at 0x00000235A2031E20>, verb_name='list', verb_parser=<colcon_defaults.argument_parser.defaults.DefaultArgumentsDecorator object at 0x00000235A21EDB20>)
[1.160s] colcon.colcon_core.package_discovery Level 1 discover_packages(colcon_meta) check parameters
[1.160s] colcon.colcon_core.package_discovery Level 1 discover_packages(recursive) check parameters
[1.160s] colcon.colcon_core.package_discovery Level 1 discover_packages(ignore) check parameters
[1.160s] colcon.colcon_core.package_discovery Level 1 discover_packages(path) check parameters
[1.160s] colcon.colcon_core.package_discovery Level 1 discover_packages(recursive) discover
[1.161s] colcon.colcon_core.package_discovery INFO Crawling recursively for packages in 'c:\ws\techical_test_ROS\rl_ws'
[1.161s] colcon.colcon_core.package_identification Level 1 _identify(c:\ws\techical_test_ROS\rl_ws) by extensions ['ignore', 'ignore_ament_install']
[1.161s] colcon.colcon_core.package_identification Level 1 _identify(c:\ws\techical_test_ROS\rl_ws) by extension 'ignore'
[1.161s] colcon.colcon_core.package_identification Level 1 _identify(c:\ws\techical_test_ROS\rl_ws) by extension 'ignore_ament_install'
[1.162s] colcon.colcon_core.package_identification Level 1 _identify(c:\ws\techical_test_ROS\rl_ws) by extensions ['colcon_pkg']
[1.162s] colcon.colcon_core.package_identification Level 1 _identify(c:\ws\techical_test_ROS\rl_ws) by extension 'colcon_pkg'
[1.162s] colcon.colcon_core.package_identification Level 1 _identify(c:\ws\techical_test_ROS\rl_ws) by extensions ['colcon_meta']
[1.162s] colcon.colcon_core.package_identification Level 1 _identify(c:\ws\techical_test_ROS\rl_ws) by extension 'colcon_meta'
[1.162s] colcon.colcon_core.package_identification Level 1 _identify(c:\ws\techical_test_ROS\rl_ws) by extensions ['ros']
[1.162s] colcon.colcon_core.package_identification Level 1 _identify(c:\ws\techical_test_ROS\rl_ws) by extension 'ros'
[1.186s] colcon.colcon_core.package_identification Level 1 _identify(c:\ws\techical_test_ROS\rl_ws) by extensions ['cmake', 'python']
[1.186s] colcon.colcon_core.package_identification Level 1 _identify(c:\ws\techical_test_ROS\rl_ws) by extension 'cmake'
[1.186s] colcon.colcon_core.package_identification Level 1 _identify(c:\ws\techical_test_ROS\rl_ws) by extension 'python'
[1.186s] colcon.colcon_core.package_identification Level 1 _identify(c:\ws\techical_test_ROS\rl_ws) by extensions ['python_setup_py']
[1.186s] colcon.colcon_core.package_identification Level 1 _identify(c:\ws\techical_test_ROS\rl_ws) by extension 'python_setup_py'
[1.187s] colcon.colcon_core.package_identification Level 1 _identify(c:\ws\techical_test_ROS\rl_ws\log) by extensions ['ignore', 'ignore_ament_install']
[1.187s] colcon.colcon_core.package_identification Level 1 _identify(c:\ws\techical_test_ROS\rl_ws\log) by extension 'ignore'
[1.187s] colcon.colcon_core.package_identification Level 1 _identify(c:\ws\techical_test_ROS\rl_ws\log) ignored
[1.188s] colcon.colcon_core.package_identification Level 1 _identify(c:\ws\techical_test_ROS\rl_ws\src) by extensions ['ignore', 'ignore_ament_install']
[1.188s] colcon.colcon_core.package_identification Level 1 _identify(c:\ws\techical_test_ROS\rl_ws\src) by extension 'ignore'
[1.188s] colcon.colcon_core.package_identification Level 1 _identify(c:\ws\techical_test_ROS\rl_ws\src) by extension 'ignore_ament_install'
[1.188s] colcon.colcon_core.package_identification Level 1 _identify(c:\ws\techical_test_ROS\rl_ws\src) by extensions ['colcon_pkg']
[1.188s] colcon.colcon_core.package_identification Level 1 _identify(c:\ws\techical_test_ROS\rl_ws\src) by extension 'colcon_pkg'
[1.188s] colcon.colcon_core.package_identification Level 1 _identify(c:\ws\techical_test_ROS\rl_ws\src) by extensions ['colcon_meta']
[1.188s] colcon.colcon_core.package_identification Level 1 _identify(c:\ws\techical_test_ROS\rl_ws\src) by extension 'colcon_meta'
[1.189s] colcon.colcon_core.package_identification Level 1 _identify(c:\ws\techical_test_ROS\rl_ws\src) by extensions ['ros']
[1.189s] colcon.colcon_core.package_identification Level 1 _identify(c:\ws\techical_test_ROS\rl_ws\src) by extension 'ros'
[1.189s] colcon.colcon_core.package_identification Level 1 _identify(c:\ws\techical_test_ROS\rl_ws\src) by extensions ['cmake', 'python']
[1.189s] colcon.colcon_core.package_identification Level 1 _identify(c:\ws\techical_test_ROS\rl_ws\src) by extension 'cmake'
[1.189s] colcon.colcon_core.package_identification Level 1 _identify(c:\ws\techical_test_ROS\rl_ws\src) by extension 'python'
[1.189s] colcon.colcon_core.package_identification Level 1 _identify(c:\ws\techical_test_ROS\rl_ws\src) by extensions ['python_setup_py']
[1.189s] colcon.colcon_core.package_identification Level 1 _identify(c:\ws\techical_test_ROS\rl_ws\src) by extension 'python_setup_py'
[1.190s] colcon.colcon_core.package_identification Level 1 _identify(c:\ws\techical_test_ROS\rl_ws\src\rl_pkg) by extensions ['ignore', 'ignore_ament_install']
[1.190s] colcon.colcon_core.package_identification Level 1 _identify(c:\ws\techical_test_ROS\rl_ws\src\rl_pkg) by extension 'ignore'
[1.190s] colcon.colcon_core.package_identification Level 1 _identify(c:\ws\techical_test_ROS\rl_ws\src\rl_pkg) by extension 'ignore_ament_install'
[1.190s] colcon.colcon_core.package_identification Level 1 _identify(c:\ws\techical_test_ROS\rl_ws\src\rl_pkg) by extensions ['colcon_pkg']
[1.190s] colcon.colcon_core.package_identification Level 1 _identify(c:\ws\techical_test_ROS\rl_ws\src\rl_pkg) by extension 'colcon_pkg'
[1.191s] colcon.colcon_core.package_identification Level 1 _identify(c:\ws\techical_test_ROS\rl_ws\src\rl_pkg) by extensions ['colcon_meta']
[1.191s] colcon.colcon_core.package_identification Level 1 _identify(c:\ws\techical_test_ROS\rl_ws\src\rl_pkg) by extension 'colcon_meta'
[1.191s] colcon.colcon_core.package_identification Level 1 _identify(c:\ws\techical_test_ROS\rl_ws\src\rl_pkg) by extensions ['ros']
[1.191s] colcon.colcon_core.package_identification Level 1 _identify(c:\ws\techical_test_ROS\rl_ws\src\rl_pkg) by extension 'ros'
[1.196s] colcon.colcon_core.package_identification DEBUG Package 'c:\ws\techical_test_ROS\rl_ws\src\rl_pkg' with type 'ros.ament_cmake' and name 'rl_pkg'
[1.196s] colcon.colcon_core.package_discovery Level 1 discover_packages(recursive) using defaults
