[0.328s] Invoking command in 'C:\radar_ws\build\radar_pkg': C:\opt\ros\foxy\x64\Scripts\cmake.EXE C:\radar_ws\src\radar_pkg -DCMAKE_INSTALL_PREFIX=C:\radar_ws\install\radar_pkg
[0.453s] -- Selecting Windows SDK version 10.0.22621.0 to target Windows 10.0.19045.
[0.500s] -- Found ament_cmake: 0.9.9 (C:/opt/ros/foxy/x64/share/ament_cmake/cmake)
[0.578s] -- Using PYTHON_EXECUTABLE: C:/msys64/mingw64/bin/python3.exe
[1.062s] -- Found rclcpp: 2.4.0 (C:/opt/ros/foxy/x64/share/rclcpp/cmake)
[1.156s] -- Using all available rosidl_typesupport_c: rosidl_typesupport_fastrtps_c;rosidl_typesupport_introspection_c
[1.172s] -- Found rosidl_adapter: 1.2.1 (C:/opt/ros/foxy/x64/share/rosidl_adapter/cmake)
[2.406s] -- Using all available rosidl_typesupport_cpp: rosidl_typesupport_fastrtps_cpp;rosidl_typesupport_introspection_cpp
[2.578s] -- Found rmw_implementation_cmake: 1.0.3 (C:/opt/ros/foxy/x64/share/rmw_implementation_cmake/cmake)
[2.594s] -- Using RMW implementation 'rmw_fastrtps_cpp' as default
[2.906s] -- Found ament_lint_auto: 0.9.6 (C:/opt/ros/foxy/x64/share/ament_lint_auto/cmake)
[3.109s] -- Added test 'copyright' to check source files copyright and LICENSE
[3.125s] -- Added test 'cppcheck' to perform static code analysis on C / C++ code
[3.125s] -- Configured cppcheck include dirs: C:/radar_ws/src/radar_pkg/include
[3.125s] -- Configured cppcheck exclude dirs and/or files: 
[3.125s] -- Added test 'cpplint' to check C / C++ code against the Google style
[3.125s] -- Configured cpplint exclude dirs and/or files: 
[3.140s] -- Added test 'lint_cmake' to check CMake code style
[3.140s] -- Added test 'uncrustify' to check C / C++ code style
[3.140s] -- Configured uncrustify additional arguments: 
[3.156s] -- Added test 'xmllint' to check XML markup files
[3.234s] -- Configuring done
[3.625s] -- Generating done
[3.640s] -- Build files have been written to: C:/radar_ws/build/radar_pkg
[3.656s] Invoked command in 'C:\radar_ws\build\radar_pkg' returned '0': C:\opt\ros\foxy\x64\Scripts\cmake.EXE C:\radar_ws\src\radar_pkg -DCMAKE_INSTALL_PREFIX=C:\radar_ws\install\radar_pkg
[3.656s] Invoking command in 'C:\radar_ws\build\radar_pkg': CL=/MP C:\opt\ros\foxy\x64\Scripts\cmake.EXE --build C:\radar_ws\build\radar_pkg --config Release
[3.922s] Microsoft (R) Build Engine version 16.11.2+f32259642 for .NET Framework
[3.922s] Copyright (C) Microsoft Corporation. All rights reserved.
[3.922s] 
[4.687s]   main.cpp
[5.609s]   main.vcxproj -> C:\radar_ws\build\radar_pkg\Release\main.exe
[5.687s] Invoked command in 'C:\radar_ws\build\radar_pkg' returned '0': CL=/MP C:\opt\ros\foxy\x64\Scripts\cmake.EXE --build C:\radar_ws\build\radar_pkg --config Release
[5.828s] Invoking command in 'C:\radar_ws\build\radar_pkg': C:\opt\ros\foxy\x64\Scripts\cmake.EXE --install C:\radar_ws\build\radar_pkg --config Release
[5.984s] -- Installing: C:/radar_ws/install/radar_pkg/bin/main.exe
[6.000s] -- Installing: C:/radar_ws/install/radar_pkg/lib/radar_pkg/main.exe
[6.000s] -- Up-to-date: C:/radar_ws/install/radar_pkg/share/ament_index/resource_index/package_run_dependencies/radar_pkg
[6.000s] -- Up-to-date: C:/radar_ws/install/radar_pkg/share/ament_index/resource_index/parent_prefix_path/radar_pkg
[6.015s] -- Up-to-date: C:/radar_ws/install/radar_pkg/share/radar_pkg/environment/ament_prefix_path.bat
[6.015s] -- Installing: C:/radar_ws/install/radar_pkg/share/radar_pkg/environment/ament_prefix_path.dsv
[6.015s] -- Up-to-date: C:/radar_ws/install/radar_pkg/share/radar_pkg/environment/path.bat
[6.015s] -- Installing: C:/radar_ws/install/radar_pkg/share/radar_pkg/environment/path.dsv
[6.015s] -- Up-to-date: C:/radar_ws/install/radar_pkg/share/radar_pkg/local_setup.bat
[6.015s] -- Installing: C:/radar_ws/install/radar_pkg/share/radar_pkg/local_setup.dsv
[6.031s] -- Installing: C:/radar_ws/install/radar_pkg/share/radar_pkg/package.dsv
[6.031s] -- Up-to-date: C:/radar_ws/install/radar_pkg/share/ament_index/resource_index/packages/radar_pkg
[6.031s] -- Up-to-date: C:/radar_ws/install/radar_pkg/share/radar_pkg/cmake/radar_pkgConfig.cmake
[6.031s] -- Up-to-date: C:/radar_ws/install/radar_pkg/share/radar_pkg/cmake/radar_pkgConfig-version.cmake
[6.031s] -- Up-to-date: C:/radar_ws/install/radar_pkg/share/radar_pkg/package.xml
[6.047s] Invoked command in 'C:\radar_ws\build\radar_pkg' returned '0': C:\opt\ros\foxy\x64\Scripts\cmake.EXE --install C:\radar_ws\build\radar_pkg --config Release
