[0.883s] [34mcolcon[0m [1;30mDEBUG[0m [32mCommand line arguments: ['C:\\opt\\ros\\foxy\\x64\\Scripts\\colcon', 'build'][0m
[0.883s] [34mcolcon[0m [1;30mDEBUG[0m [32mParsed command line arguments: Namespace(ament_cmake_args=None, base_paths=['.'], build_base='build', catkin_cmake_args=None, catkin_skip_building_tests=False, cmake_args=None, cmake_clean_cache=False, cmake_clean_first=False, cmake_force_configure=False, cmake_target=None, cmake_target_skip_unavailable=False, continue_on_error=False, event_handlers=None, executor='parallel', ignore_user_meta=False, install_base='install', log_base=None, log_level=None, main=<bound method BuildVerb.main of <colcon_core.verb.build.BuildVerb object at 0x00000251AD92E850>>, merge_install=False, metas=['./colcon.meta'], packages_above=None, packages_above_and_dependencies=None, packages_above_depth=None, packages_end=None, packages_ignore=None, packages_ignore_regex=None, packages_select=None, packages_select_build_failed=False, packages_select_by_dep=None, packages_select_regex=None, packages_select_test_failures=False, packages_skip=None, packages_skip_build_finished=False, packages_skip_by_dep=None, packages_skip_regex=None, packages_skip_test_passed=False, packages_skip_up_to=None, packages_start=None, packages_up_to=None, packages_up_to_regex=None, parallel_workers=4, paths=None, symlink_install=False, test_result_base=None, verb_extension=<colcon_core.verb.build.BuildVerb object at 0x00000251AD92E850>, verb_name='build', verb_parser=<colcon_defaults.argument_parser.defaults.DefaultArgumentsDecorator object at 0x00000251AD92ECA0>)[0m
[0.956s] [34mcolcon.colcon_core.package_discovery[0m [1;30mLevel 1[0m discover_packages(colcon_meta) check parameters
[0.956s] [34mcolcon.colcon_core.package_discovery[0m [1;30mLevel 1[0m discover_packages(recursive) check parameters
[0.956s] [34mcolcon.colcon_core.package_discovery[0m [1;30mLevel 1[0m discover_packages(ignore) check parameters
[0.956s] [34mcolcon.colcon_core.package_discovery[0m [1;30mLevel 1[0m discover_packages(path) check parameters
[0.956s] [34mcolcon.colcon_core.package_discovery[0m [1;30mLevel 1[0m discover_packages(colcon_meta) discover
[0.956s] [34mcolcon.colcon_core.package_discovery[0m [1;30mLevel 1[0m discover_packages(recursive) discover
[0.956s] [34mcolcon.colcon_core.package_discovery[0m [1;30mINFO[0m Crawling recursively for packages in 'C:\ws\techical_test_ROS'
[0.957s] [34mcolcon.colcon_core.package_identification[0m [1;30mLevel 1[0m _identify(.) by extensions ['ignore', 'ignore_ament_install']
[0.957s] [34mcolcon.colcon_core.package_identification[0m [1;30mLevel 1[0m _identify(.) by extension 'ignore'
[0.957s] [34mcolcon.colcon_core.package_identification[0m [1;30mLevel 1[0m _identify(.) by extension 'ignore_ament_install'
[0.957s] [34mcolcon.colcon_core.package_identification[0m [1;30mLevel 1[0m _identify(.) by extensions ['colcon_pkg']
[0.957s] [34mcolcon.colcon_core.package_identification[0m [1;30mLevel 1[0m _identify(.) by extension 'colcon_pkg'
[0.957s] [34mcolcon.colcon_core.package_identification[0m [1;30mLevel 1[0m _identify(.) by extensions ['colcon_meta']
[0.957s] [34mcolcon.colcon_core.package_identification[0m [1;30mLevel 1[0m _identify(.) by extension 'colcon_meta'
[0.957s] [34mcolcon.colcon_core.package_identification[0m [1;30mLevel 1[0m _identify(.) by extensions ['ros']
[0.957s] [34mcolcon.colcon_core.package_identification[0m [1;30mLevel 1[0m _identify(.) by extension 'ros'
[0.979s] [34mcolcon.colcon_core.package_identification[0m [1;30mLevel 1[0m _identify(.) by extensions ['cmake', 'python']
[0.979s] [34mcolcon.colcon_core.package_identification[0m [1;30mLevel 1[0m _identify(.) by extension 'cmake'
[0.979s] [34mcolcon.colcon_core.package_identification[0m [1;30mLevel 1[0m _identify(.) by extension 'python'
[0.979s] [34mcolcon.colcon_core.package_identification[0m [1;30mLevel 1[0m _identify(.) by extensions ['python_setup_py']
[0.979s] [34mcolcon.colcon_core.package_identification[0m [1;30mLevel 1[0m _identify(.) by extension 'python_setup_py'
[0.980s] [34mcolcon.colcon_core.package_identification[0m [1;30mLevel 1[0m _identify(build) by extensions ['ignore', 'ignore_ament_install']
[0.980s] [34mcolcon.colcon_core.package_identification[0m [1;30mLevel 1[0m _identify(build) by extension 'ignore'
[0.980s] [34mcolcon.colcon_core.package_identification[0m [1;30mLevel 1[0m _identify(build) ignored
[0.981s] [34mcolcon.colcon_core.package_identification[0m [1;30mLevel 1[0m _identify(install) by extensions ['ignore', 'ignore_ament_install']
[0.981s] [34mcolcon.colcon_core.package_identification[0m [1;30mLevel 1[0m _identify(install) by extension 'ignore'
[0.981s] [34mcolcon.colcon_core.package_identification[0m [1;30mLevel 1[0m _identify(install) ignored
[0.982s] [34mcolcon.colcon_core.package_identification[0m [1;30mLevel 1[0m _identify(log) by extensions ['ignore', 'ignore_ament_install']
[0.982s] [34mcolcon.colcon_core.package_identification[0m [1;30mLevel 1[0m _identify(log) by extension 'ignore'
[0.982s] [34mcolcon.colcon_core.package_identification[0m [1;30mLevel 1[0m _identify(log) ignored
[0.983s] [34mcolcon.colcon_core.package_identification[0m [1;30mLevel 1[0m _identify(radar_ws) by extensions ['ignore', 'ignore_ament_install']
[0.983s] [34mcolcon.colcon_core.package_identification[0m [1;30mLevel 1[0m _identify(radar_ws) by extension 'ignore'
[0.983s] [34mcolcon.colcon_core.package_identification[0m [1;30mLevel 1[0m _identify(radar_ws) by extension 'ignore_ament_install'
[0.983s] [34mcolcon.colcon_core.package_identification[0m [1;30mLevel 1[0m _identify(radar_ws) by extensions ['colcon_pkg']
[0.983s] [34mcolcon.colcon_core.package_identification[0m [1;30mLevel 1[0m _identify(radar_ws) by extension 'colcon_pkg'
[0.983s] [34mcolcon.colcon_core.package_identification[0m [1;30mLevel 1[0m _identify(radar_ws) by extensions ['colcon_meta']
[0.983s] [34mcolcon.colcon_core.package_identification[0m [1;30mLevel 1[0m _identify(radar_ws) by extension 'colcon_meta'
[0.984s] [34mcolcon.colcon_core.package_identification[0m [1;30mLevel 1[0m _identify(radar_ws) by extensions ['ros']
[0.984s] [34mcolcon.colcon_core.package_identification[0m [1;30mLevel 1[0m _identify(radar_ws) by extension 'ros'
[0.984s] [34mcolcon.colcon_core.package_identification[0m [1;30mLevel 1[0m _identify(radar_ws) by extensions ['cmake', 'python']
[0.984s] [34mcolcon.colcon_core.package_identification[0m [1;30mLevel 1[0m _identify(radar_ws) by extension 'cmake'
[0.984s] [34mcolcon.colcon_core.package_identification[0m [1;30mLevel 1[0m _identify(radar_ws) by extension 'python'
[0.984s] [34mcolcon.colcon_core.package_identification[0m [1;30mLevel 1[0m _identify(radar_ws) by extensions ['python_setup_py']
[0.984s] [34mcolcon.colcon_core.package_identification[0m [1;30mLevel 1[0m _identify(radar_ws) by extension 'python_setup_py'
[0.985s] [34mcolcon.colcon_core.package_identification[0m [1;30mLevel 1[0m _identify(radar_ws\build) by extensions ['ignore', 'ignore_ament_install']
[0.985s] [34mcolcon.colcon_core.package_identification[0m [1;30mLevel 1[0m _identify(radar_ws\build) by extension 'ignore'
[0.985s] [34mcolcon.colcon_core.package_identification[0m [1;30mLevel 1[0m _identify(radar_ws\build) ignored
[0.985s] [34mcolcon.colcon_core.package_identification[0m [1;30mLevel 1[0m _identify(radar_ws\install) by extensions ['ignore', 'ignore_ament_install']
[0.985s] [34mcolcon.colcon_core.package_identification[0m [1;30mLevel 1[0m _identify(radar_ws\install) by extension 'ignore'
[0.986s] [34mcolcon.colcon_core.package_identification[0m [1;30mLevel 1[0m _identify(radar_ws\install) ignored
[0.986s] [34mcolcon.colcon_core.package_identification[0m [1;30mLevel 1[0m _identify(radar_ws\log) by extensions ['ignore', 'ignore_ament_install']
[0.986s] [34mcolcon.colcon_core.package_identification[0m [1;30mLevel 1[0m _identify(radar_ws\log) by extension 'ignore'
[0.987s] [34mcolcon.colcon_core.package_identification[0m [1;30mLevel 1[0m _identify(radar_ws\log) ignored
[0.987s] [34mcolcon.colcon_core.package_identification[0m [1;30mLevel 1[0m _identify(radar_ws\src) by extensions ['ignore', 'ignore_ament_install']
[0.987s] [34mcolcon.colcon_core.package_identification[0m [1;30mLevel 1[0m _identify(radar_ws\src) by extension 'ignore'
[0.988s] [34mcolcon.colcon_core.package_identification[0m [1;30mLevel 1[0m _identify(radar_ws\src) by extension 'ignore_ament_install'
[0.988s] [34mcolcon.colcon_core.package_identification[0m [1;30mLevel 1[0m _identify(radar_ws\src) by extensions ['colcon_pkg']
[0.988s] [34mcolcon.colcon_core.package_identification[0m [1;30mLevel 1[0m _identify(radar_ws\src) by extension 'colcon_pkg'
[0.988s] [34mcolcon.colcon_core.package_identification[0m [1;30mLevel 1[0m _identify(radar_ws\src) by extensions ['colcon_meta']
[0.988s] [34mcolcon.colcon_core.package_identification[0m [1;30mLevel 1[0m _identify(radar_ws\src) by extension 'colcon_meta'
[0.989s] [34mcolcon.colcon_core.package_identification[0m [1;30mLevel 1[0m _identify(radar_ws\src) by extensions ['ros']
[0.989s] [34mcolcon.colcon_core.package_identification[0m [1;30mLevel 1[0m _identify(radar_ws\src) by extension 'ros'
[0.989s] [34mcolcon.colcon_core.package_identification[0m [1;30mLevel 1[0m _identify(radar_ws\src) by extensions ['cmake', 'python']
[0.989s] [34mcolcon.colcon_core.package_identification[0m [1;30mLevel 1[0m _identify(radar_ws\src) by extension 'cmake'
[0.989s] [34mcolcon.colcon_core.package_identification[0m [1;30mLevel 1[0m _identify(radar_ws\src) by extension 'python'
[0.989s] [34mcolcon.colcon_core.package_identification[0m [1;30mLevel 1[0m _identify(radar_ws\src) by extensions ['python_setup_py']
[0.989s] [34mcolcon.colcon_core.package_identification[0m [1;30mLevel 1[0m _identify(radar_ws\src) by extension 'python_setup_py'
[0.990s] [34mcolcon.colcon_core.package_identification[0m [1;30mLevel 1[0m _identify(radar_ws\src\radar_pkg) by extensions ['ignore', 'ignore_ament_install']
[0.990s] [34mcolcon.colcon_core.package_identification[0m [1;30mLevel 1[0m _identify(radar_ws\src\radar_pkg) by extension 'ignore'
[0.990s] [34mcolcon.colcon_core.package_identification[0m [1;30mLevel 1[0m _identify(radar_ws\src\radar_pkg) by extension 'ignore_ament_install'
[0.990s] [34mcolcon.colcon_core.package_identification[0m [1;30mLevel 1[0m _identify(radar_ws\src\radar_pkg) by extensions ['colcon_pkg']
[0.990s] [34mcolcon.colcon_core.package_identification[0m [1;30mLevel 1[0m _identify(radar_ws\src\radar_pkg) by extension 'colcon_pkg'
[0.990s] [34mcolcon.colcon_core.package_identification[0m [1;30mLevel 1[0m _identify(radar_ws\src\radar_pkg) by extensions ['colcon_meta']
[0.991s] [34mcolcon.colcon_core.package_identification[0m [1;30mLevel 1[0m _identify(radar_ws\src\radar_pkg) by extension 'colcon_meta'
[0.991s] [34mcolcon.colcon_core.package_identification[0m [1;30mLevel 1[0m _identify(radar_ws\src\radar_pkg) by extensions ['ros']
[0.991s] [34mcolcon.colcon_core.package_identification[0m [1;30mLevel 1[0m _identify(radar_ws\src\radar_pkg) by extension 'ros'
[0.995s] [34mcolcon.colcon_core.package_identification[0m [1;30mDEBUG[0m [32mPackage 'radar_ws\src\radar_pkg' with type 'ros.ament_cmake' and name 'radar_pkg'[0m
[0.996s] [34mcolcon.colcon_core.package_identification[0m [1;30mLevel 1[0m _identify(rl_ws) by extensions ['ignore', 'ignore_ament_install']
[0.996s] [34mcolcon.colcon_core.package_identification[0m [1;30mLevel 1[0m _identify(rl_ws) by extension 'ignore'
[0.996s] [34mcolcon.colcon_core.package_identification[0m [1;30mLevel 1[0m _identify(rl_ws) by extension 'ignore_ament_install'
[0.996s] [34mcolcon.colcon_core.package_identification[0m [1;30mLevel 1[0m _identify(rl_ws) by extensions ['colcon_pkg']
[0.996s] [34mcolcon.colcon_core.package_identification[0m [1;30mLevel 1[0m _identify(rl_ws) by extension 'colcon_pkg'
[0.996s] [34mcolcon.colcon_core.package_identification[0m [1;30mLevel 1[0m _identify(rl_ws) by extensions ['colcon_meta']
[0.996s] [34mcolcon.colcon_core.package_identification[0m [1;30mLevel 1[0m _identify(rl_ws) by extension 'colcon_meta'
[0.997s] [34mcolcon.colcon_core.package_identification[0m [1;30mLevel 1[0m _identify(rl_ws) by extensions ['ros']
[0.997s] [34mcolcon.colcon_core.package_identification[0m [1;30mLevel 1[0m _identify(rl_ws) by extension 'ros'
[0.997s] [34mcolcon.colcon_core.package_identification[0m [1;30mLevel 1[0m _identify(rl_ws) by extensions ['cmake', 'python']
[0.997s] [34mcolcon.colcon_core.package_identification[0m [1;30mLevel 1[0m _identify(rl_ws) by extension 'cmake'
[0.997s] [34mcolcon.colcon_core.package_identification[0m [1;30mLevel 1[0m _identify(rl_ws) by extension 'python'
[0.997s] [34mcolcon.colcon_core.package_identification[0m [1;30mLevel 1[0m _identify(rl_ws) by extensions ['python_setup_py']
[0.997s] [34mcolcon.colcon_core.package_identification[0m [1;30mLevel 1[0m _identify(rl_ws) by extension 'python_setup_py'
[0.998s] [34mcolcon.colcon_core.package_identification[0m [1;30mLevel 1[0m _identify(rl_ws\log) by extensions ['ignore', 'ignore_ament_install']
[0.998s] [34mcolcon.colcon_core.package_identification[0m [1;30mLevel 1[0m _identify(rl_ws\log) by extension 'ignore'
[0.998s] [34mcolcon.colcon_core.package_identification[0m [1;30mLevel 1[0m _identify(rl_ws\log) ignored
[0.999s] [34mcolcon.colcon_core.package_identification[0m [1;30mLevel 1[0m _identify(rl_ws\src) by extensions ['ignore', 'ignore_ament_install']
[0.999s] [34mcolcon.colcon_core.package_identification[0m [1;30mLevel 1[0m _identify(rl_ws\src) by extension 'ignore'
[0.999s] [34mcolcon.colcon_core.package_identification[0m [1;30mLevel 1[0m _identify(rl_ws\src) by extension 'ignore_ament_install'
[0.999s] [34mcolcon.colcon_core.package_identification[0m [1;30mLevel 1[0m _identify(rl_ws\src) by extensions ['colcon_pkg']
[0.999s] [34mcolcon.colcon_core.package_identification[0m [1;30mLevel 1[0m _identify(rl_ws\src) by extension 'colcon_pkg'
[0.999s] [34mcolcon.colcon_core.package_identification[0m [1;30mLevel 1[0m _identify(rl_ws\src) by extensions ['colcon_meta']
[0.999s] [34mcolcon.colcon_core.package_identification[0m [1;30mLevel 1[0m _identify(rl_ws\src) by extension 'colcon_meta'
[1.000s] [34mcolcon.colcon_core.package_identification[0m [1;30mLevel 1[0m _identify(rl_ws\src) by extensions ['ros']
[1.000s] [34mcolcon.colcon_core.package_identification[0m [1;30mLevel 1[0m _identify(rl_ws\src) by extension 'ros'
[1.000s] [34mcolcon.colcon_core.package_identification[0m [1;30mLevel 1[0m _identify(rl_ws\src) by extensions ['cmake', 'python']
[1.000s] [34mcolcon.colcon_core.package_identification[0m [1;30mLevel 1[0m _identify(rl_ws\src) by extension 'cmake'
[1.000s] [34mcolcon.colcon_core.package_identification[0m [1;30mLevel 1[0m _identify(rl_ws\src) by extension 'python'
[1.000s] [34mcolcon.colcon_core.package_identification[0m [1;30mLevel 1[0m _identify(rl_ws\src) by extensions ['python_setup_py']
[1.000s] [34mcolcon.colcon_core.package_identification[0m [1;30mLevel 1[0m _identify(rl_ws\src) by extension 'python_setup_py'
[1.001s] [34mcolcon.colcon_core.package_identification[0m [1;30mLevel 1[0m _identify(rl_ws\src\rl_pkg) by extensions ['ignore', 'ignore_ament_install']
[1.001s] [34mcolcon.colcon_core.package_identification[0m [1;30mLevel 1[0m _identify(rl_ws\src\rl_pkg) by extension 'ignore'
[1.001s] [34mcolcon.colcon_core.package_identification[0m [1;30mLevel 1[0m _identify(rl_ws\src\rl_pkg) by extension 'ignore_ament_install'
[1.001s] [34mcolcon.colcon_core.package_identification[0m [1;30mLevel 1[0m _identify(rl_ws\src\rl_pkg) by extensions ['colcon_pkg']
[1.001s] [34mcolcon.colcon_core.package_identification[0m [1;30mLevel 1[0m _identify(rl_ws\src\rl_pkg) by extension 'colcon_pkg'
[1.001s] [34mcolcon.colcon_core.package_identification[0m [1;30mLevel 1[0m _identify(rl_ws\src\rl_pkg) by extensions ['colcon_meta']
[1.002s] [34mcolcon.colcon_core.package_identification[0m [1;30mLevel 1[0m _identify(rl_ws\src\rl_pkg) by extension 'colcon_meta'
[1.002s] [34mcolcon.colcon_core.package_identification[0m [1;30mLevel 1[0m _identify(rl_ws\src\rl_pkg) by extensions ['ros']
[1.002s] [34mcolcon.colcon_core.package_identification[0m [1;30mLevel 1[0m _identify(rl_ws\src\rl_pkg) by extension 'ros'
[1.002s] [34mcolcon.colcon_core.package_identification[0m [1;30mLevel 1[0m _identify(rl_ws\src\rl_pkg) by extensions ['cmake', 'python']
[1.002s] [34mcolcon.colcon_core.package_identification[0m [1;30mLevel 1[0m _identify(rl_ws\src\rl_pkg) by extension 'cmake'
[1.003s] [34mcolcon.colcon_core.package_identification[0m [1;30mLevel 1[0m _identify(rl_ws\src\rl_pkg) by extension 'python'
[1.003s] [34mcolcon.colcon_core.package_identification[0m [1;30mLevel 1[0m _identify(rl_ws\src\rl_pkg) by extensions ['python_setup_py']
[1.003s] [34mcolcon.colcon_core.package_identification[0m [1;30mLevel 1[0m _identify(rl_ws\src\rl_pkg) by extension 'python_setup_py'
[1.003s] [34mcolcon.colcon_core.package_identification[0m [1;30mLevel 1[0m _identify(rl_ws\src\rl_pkg\include) by extensions ['ignore', 'ignore_ament_install']
[1.003s] [34mcolcon.colcon_core.package_identification[0m [1;30mLevel 1[0m _identify(rl_ws\src\rl_pkg\include) by extension 'ignore'
[1.003s] [34mcolcon.colcon_core.package_identification[0m [1;30mLevel 1[0m _identify(rl_ws\src\rl_pkg\include) by extension 'ignore_ament_install'
[1.004s] [34mcolcon.colcon_core.package_identification[0m [1;30mLevel 1[0m _identify(rl_ws\src\rl_pkg\include) by extensions ['colcon_pkg']
[1.004s] [34mcolcon.colcon_core.package_identification[0m [1;30mLevel 1[0m _identify(rl_ws\src\rl_pkg\include) by extension 'colcon_pkg'
[1.004s] [34mcolcon.colcon_core.package_identification[0m [1;30mLevel 1[0m _identify(rl_ws\src\rl_pkg\include) by extensions ['colcon_meta']
[1.004s] [34mcolcon.colcon_core.package_identification[0m [1;30mLevel 1[0m _identify(rl_ws\src\rl_pkg\include) by extension 'colcon_meta'
[1.004s] [34mcolcon.colcon_core.package_identification[0m [1;30mLevel 1[0m _identify(rl_ws\src\rl_pkg\include) by extensions ['ros']
[1.004s] [34mcolcon.colcon_core.package_identification[0m [1;30mLevel 1[0m _identify(rl_ws\src\rl_pkg\include) by extension 'ros'
[1.004s] [34mcolcon.colcon_core.package_identification[0m [1;30mLevel 1[0m _identify(rl_ws\src\rl_pkg\include) by extensions ['cmake', 'python']
[1.004s] [34mcolcon.colcon_core.package_identification[0m [1;30mLevel 1[0m _identify(rl_ws\src\rl_pkg\include) by extension 'cmake'
[1.005s] [34mcolcon.colcon_core.package_identification[0m [1;30mLevel 1[0m _identify(rl_ws\src\rl_pkg\include) by extension 'python'
[1.005s] [34mcolcon.colcon_core.package_identification[0m [1;30mLevel 1[0m _identify(rl_ws\src\rl_pkg\include) by extensions ['python_setup_py']
[1.005s] [34mcolcon.colcon_core.package_identification[0m [1;30mLevel 1[0m _identify(rl_ws\src\rl_pkg\include) by extension 'python_setup_py'
[1.005s] [34mcolcon.colcon_core.package_identification[0m [1;30mLevel 1[0m _identify(rl_ws\src\rl_pkg\include\rl_pkg) by extensions ['ignore', 'ignore_ament_install']
[1.005s] [34mcolcon.colcon_core.package_identification[0m [1;30mLevel 1[0m _identify(rl_ws\src\rl_pkg\include\rl_pkg) by extension 'ignore'
[1.005s] [34mcolcon.colcon_core.package_identification[0m [1;30mLevel 1[0m _identify(rl_ws\src\rl_pkg\include\rl_pkg) by extension 'ignore_ament_install'
[1.006s] [34mcolcon.colcon_core.package_identification[0m [1;30mLevel 1[0m _identify(rl_ws\src\rl_pkg\include\rl_pkg) by extensions ['colcon_pkg']
[1.006s] [34mcolcon.colcon_core.package_identification[0m [1;30mLevel 1[0m _identify(rl_ws\src\rl_pkg\include\rl_pkg) by extension 'colcon_pkg'
[1.006s] [34mcolcon.colcon_core.package_identification[0m [1;30mLevel 1[0m _identify(rl_ws\src\rl_pkg\include\rl_pkg) by extensions ['colcon_meta']
[1.006s] [34mcolcon.colcon_core.package_identification[0m [1;30mLevel 1[0m _identify(rl_ws\src\rl_pkg\include\rl_pkg) by extension 'colcon_meta'
[1.006s] [34mcolcon.colcon_core.package_identification[0m [1;30mLevel 1[0m _identify(rl_ws\src\rl_pkg\include\rl_pkg) by extensions ['ros']
[1.006s] [34mcolcon.colcon_core.package_identification[0m [1;30mLevel 1[0m _identify(rl_ws\src\rl_pkg\include\rl_pkg) by extension 'ros'
[1.006s] [34mcolcon.colcon_core.package_identification[0m [1;30mLevel 1[0m _identify(rl_ws\src\rl_pkg\include\rl_pkg) by extensions ['cmake', 'python']
[1.006s] [34mcolcon.colcon_core.package_identification[0m [1;30mLevel 1[0m _identify(rl_ws\src\rl_pkg\include\rl_pkg) by extension 'cmake'
[1.007s] [34mcolcon.colcon_core.package_identification[0m [1;30mLevel 1[0m _identify(rl_ws\src\rl_pkg\include\rl_pkg) by extension 'python'
[1.007s] [34mcolcon.colcon_core.package_identification[0m [1;30mLevel 1[0m _identify(rl_ws\src\rl_pkg\include\rl_pkg) by extensions ['python_setup_py']
[1.007s] [34mcolcon.colcon_core.package_identification[0m [1;30mLevel 1[0m _identify(rl_ws\src\rl_pkg\include\rl_pkg) by extension 'python_setup_py'
[1.007s] [34mcolcon.colcon_core.package_identification[0m [1;30mLevel 1[0m _identify(rl_ws\src\rl_pkg\src) by extensions ['ignore', 'ignore_ament_install']
[1.007s] [34mcolcon.colcon_core.package_identification[0m [1;30mLevel 1[0m _identify(rl_ws\src\rl_pkg\src) by extension 'ignore'
[1.007s] [34mcolcon.colcon_core.package_identification[0m [1;30mLevel 1[0m _identify(rl_ws\src\rl_pkg\src) by extension 'ignore_ament_install'
[1.007s] [34mcolcon.colcon_core.package_identification[0m [1;30mLevel 1[0m _identify(rl_ws\src\rl_pkg\src) by extensions ['colcon_pkg']
[1.008s] [34mcolcon.colcon_core.package_identification[0m [1;30mLevel 1[0m _identify(rl_ws\src\rl_pkg\src) by extension 'colcon_pkg'
[1.008s] [34mcolcon.colcon_core.package_identification[0m [1;30mLevel 1[0m _identify(rl_ws\src\rl_pkg\src) by extensions ['colcon_meta']
[1.008s] [34mcolcon.colcon_core.package_identification[0m [1;30mLevel 1[0m _identify(rl_ws\src\rl_pkg\src) by extension 'colcon_meta'
[1.008s] [34mcolcon.colcon_core.package_identification[0m [1;30mLevel 1[0m _identify(rl_ws\src\rl_pkg\src) by extensions ['ros']
[1.008s] [34mcolcon.colcon_core.package_identification[0m [1;30mLevel 1[0m _identify(rl_ws\src\rl_pkg\src) by extension 'ros'
[1.008s] [34mcolcon.colcon_core.package_identification[0m [1;30mLevel 1[0m _identify(rl_ws\src\rl_pkg\src) by extensions ['cmake', 'python']
[1.008s] [34mcolcon.colcon_core.package_identification[0m [1;30mLevel 1[0m _identify(rl_ws\src\rl_pkg\src) by extension 'cmake'
[1.008s] [34mcolcon.colcon_core.package_identification[0m [1;30mLevel 1[0m _identify(rl_ws\src\rl_pkg\src) by extension 'python'
[1.008s] [34mcolcon.colcon_core.package_identification[0m [1;30mLevel 1[0m _identify(rl_ws\src\rl_pkg\src) by extensions ['python_setup_py']
[1.009s] [34mcolcon.colcon_core.package_identification[0m [1;30mLevel 1[0m _identify(rl_ws\src\rl_pkg\src) by extension 'python_setup_py'
[1.009s] [34mcolcon.colcon_core.package_discovery[0m [1;30mLevel 1[0m discover_packages(recursive) using defaults
[1.009s] [34mcolcon.colcon_core.package_discovery[0m [1;30mLevel 1[0m discover_packages(ignore) discover
[1.009s] [34mcolcon.colcon_core.package_discovery[0m [1;30mLevel 1[0m discover_packages(ignore) using defaults
[1.009s] [34mcolcon.colcon_core.package_discovery[0m [1;30mLevel 1[0m discover_packages(path) discover
[1.009s] [34mcolcon.colcon_core.package_discovery[0m [1;30mLevel 1[0m discover_packages(path) using defaults
[1.051s] [34mcolcon.colcon_core.verb[0m [1;30mLevel 5[0m set package 'radar_pkg' build argument 'cmake_args' from command line to 'None'
[1.051s] [34mcolcon.colcon_core.verb[0m [1;30mLevel 5[0m set package 'radar_pkg' build argument 'cmake_target' from command line to 'None'
[1.051s] [34mcolcon.colcon_core.verb[0m [1;30mLevel 5[0m set package 'radar_pkg' build argument 'cmake_target_skip_unavailable' from command line to 'False'
[1.051s] [34mcolcon.colcon_core.verb[0m [1;30mLevel 5[0m set package 'radar_pkg' build argument 'cmake_clean_cache' from command line to 'False'
[1.051s] [34mcolcon.colcon_core.verb[0m [1;30mLevel 5[0m set package 'radar_pkg' build argument 'cmake_clean_first' from command line to 'False'
[1.052s] [34mcolcon.colcon_core.verb[0m [1;30mLevel 5[0m set package 'radar_pkg' build argument 'cmake_force_configure' from command line to 'False'
[1.052s] [34mcolcon.colcon_core.verb[0m [1;30mLevel 5[0m set package 'radar_pkg' build argument 'ament_cmake_args' from command line to 'None'
[1.052s] [34mcolcon.colcon_core.verb[0m [1;30mLevel 5[0m set package 'radar_pkg' build argument 'catkin_cmake_args' from command line to 'None'
[1.052s] [34mcolcon.colcon_core.verb[0m [1;30mLevel 5[0m set package 'radar_pkg' build argument 'catkin_skip_building_tests' from command line to 'False'
[1.052s] [34mcolcon.colcon_core.verb[0m [1;30mDEBUG[0m [32mBuilding package 'radar_pkg' with the following arguments: {'ament_cmake_args': None, 'build_base': 'C:\\ws\\techical_test_ROS\\build\\radar_pkg', 'catkin_cmake_args': None, 'catkin_skip_building_tests': False, 'cmake_args': None, 'cmake_clean_cache': False, 'cmake_clean_first': False, 'cmake_force_configure': False, 'cmake_target': None, 'cmake_target_skip_unavailable': False, 'install_base': 'C:\\ws\\techical_test_ROS\\install\\radar_pkg', 'merge_install': False, 'path': 'C:\\ws\\techical_test_ROS\\radar_ws\\src\\radar_pkg', 'symlink_install': False, 'test_result_base': None}[0m
[1.055s] [34mcolcon.colcon_core.executor[0m [1;30mINFO[0m Executing jobs using 'parallel' executor
[1.082s] [34mcolcon.colcon_parallel_executor.executor.parallel[0m [1;30mDEBUG[0m [32mrun_until_complete[0m
[1.082s] [34mcolcon.colcon_ros.task.ament_cmake.build[0m [1;30mINFO[0m Building ROS package in 'C:\ws\techical_test_ROS\radar_ws\src\radar_pkg' with build type 'ament_cmake'
[1.082s] [34mcolcon.colcon_cmake.task.cmake.build[0m [1;30mINFO[0m Building CMake package in 'C:\ws\techical_test_ROS\radar_ws\src\radar_pkg'
[1.094s] [34mcolcon.colcon_core.plugin_system[0m [1;30mINFO[0m Skipping extension 'colcon_core.shell.sh': Not used on Windows systems
[1.094s] [34mcolcon.colcon_core.shell[0m [1;30mINFO[0m Skip shell extension 'powershell' for command environment: Not usable outside of PowerShell
[1.107s] [34mcolcon.colcon_ros.prefix_path.catkin[0m [1;30mWARNING[0m [33mThe path 'C:\opt\ros\foxy\x64\tools\vcpkg\installed\x64-windows' in the environment variable CMAKE_PREFIX_PATH doesn't exist[0m
[1.184s] [34mcolcon.colcon_core.event_handler.log_command[0m [1;30mDEBUG[0m [32mInvoking command in 'C:\ws\techical_test_ROS\build\radar_pkg': C:\opt\ros\foxy\x64\Scripts\cmake.EXE C:\ws\techical_test_ROS\radar_ws\src\radar_pkg -DCMAKE_INSTALL_PREFIX=C:\ws\techical_test_ROS\install\radar_pkg -G Visual Studio 16 2019[0m
[3.529s] [34mcolcon.colcon_parallel_executor.executor.parallel[0m [1;30mDEBUG[0m [32mrun_until_complete was interrupted[0m
[3.530s] [34mcolcon.colcon_parallel_executor.executor.parallel[0m [1;30mDEBUG[0m [32mrun_until_complete again[0m
[3.645s] [34mcolcon.colcon_core.event_handler.log_command[0m [1;30mDEBUG[0m [32mInvoked command in 'C:\ws\techical_test_ROS\build\radar_pkg' returned '1': C:\opt\ros\foxy\x64\Scripts\cmake.EXE C:\ws\techical_test_ROS\radar_ws\src\radar_pkg -DCMAKE_INSTALL_PREFIX=C:\ws\techical_test_ROS\install\radar_pkg -G Visual Studio 16 2019[0m
[3.716s] [34mcolcon.colcon_parallel_executor.executor.parallel[0m [1;30mDEBUG[0m [32mrun_until_complete finished[0m
[3.717s] [34mcolcon.colcon_core.event_reactor[0m [1;30mDEBUG[0m [32mjoining thread[0m
[3.749s] [34mcolcon.colcon_core.plugin_system[0m [1;30mINFO[0m Skipping extension 'colcon_notification.desktop_notification.notify2': 'notify2' not found
[3.749s] [34mcolcon.colcon_core.plugin_system[0m [1;30mINFO[0m Skipping extension 'colcon_notification.desktop_notification.notify_send': Not used on non-Linux systems
[3.749s] [34mcolcon.colcon_core.plugin_system[0m [1;30mINFO[0m Skipping extension 'colcon_notification.desktop_notification.terminal_notifier': Not used on non-Darwin systems
[3.750s] [34mcolcon.colcon_notification.desktop_notification[0m [1;30mINFO[0m Sending desktop notification using 'win32'
[8.810s] [34mcolcon.colcon_core.event_reactor[0m [1;30mDEBUG[0m [32mjoined thread[0m
[8.820s] [34mcolcon.colcon_core.shell[0m [1;30mINFO[0m Creating prefix script 'C:\ws\techical_test_ROS\install\local_setup.ps1'
[8.823s] [34mcolcon.colcon_core.shell[0m [1;30mINFO[0m Creating prefix util module 'C:\ws\techical_test_ROS\install\_local_setup_util_ps1.py'
[8.825s] [34mcolcon.colcon_core.shell[0m [1;30mINFO[0m Creating prefix chain script 'C:\ws\techical_test_ROS\install\setup.ps1'
[8.835s] [34mcolcon.colcon_core.shell[0m [1;30mINFO[0m Creating prefix script 'C:\ws\techical_test_ROS\install\local_setup.bat'
[8.837s] [34mcolcon.colcon_core.shell[0m [1;30mINFO[0m Creating prefix util module 'C:\ws\techical_test_ROS\install\_local_setup_util_bat.py'
[8.838s] [34mcolcon.colcon_core.shell[0m [1;30mINFO[0m Creating prefix chain script 'C:\ws\techical_test_ROS\install\setup.bat'
