[0.883s] [34mcolcon[0m [1;30mDEBUG[0m [32mCommand line arguments: ['C:\\opt\\ros\\foxy\\x64\\Scripts\\colcon', 'build'][0m
[0.883s] [34mcolcon[0m [1;30mDEBUG[0m [32mParsed command line arguments: Namespace(ament_cmake_args=None, base_paths=['.'], build_base='build', catkin_cmake_args=None, catkin_skip_building_tests=False, cmake_args=None, cmake_clean_cache=False, cmake_clean_first=False, cmake_force_configure=False, cmake_target=None, cmake_target_skip_unavailable=False, continue_on_error=False, event_handlers=None, executor='parallel', ignore_user_meta=False, install_base='install', log_base=None, log_level=None, main=<bound method BuildVerb.main of <colcon_core.verb.build.BuildVerb object at 0x0000023EA97CE8B0>>, merge_install=False, metas=['./colcon.meta'], packages_above=None, packages_above_and_dependencies=None, packages_above_depth=None, packages_end=None, packages_ignore=None, packages_ignore_regex=None, packages_select=None, packages_select_build_failed=False, packages_select_by_dep=None, packages_select_regex=None, packages_select_test_failures=False, packages_skip=None, packages_skip_build_finished=False, packages_skip_by_dep=None, packages_skip_regex=None, packages_skip_test_passed=False, packages_skip_up_to=None, packages_start=None, packages_up_to=None, packages_up_to_regex=None, parallel_workers=4, paths=None, symlink_install=False, test_result_base=None, verb_extension=<colcon_core.verb.build.BuildVerb object at 0x0000023EA97CE8B0>, verb_name='build', verb_parser=<colcon_defaults.argument_parser.defaults.DefaultArgumentsDecorator object at 0x0000023EA97CED00>)[0m
[0.950s] [34mcolcon.colcon_core.package_discovery[0m [1;30mLevel 1[0m discover_packages(colcon_meta) check parameters
[0.950s] [34mcolcon.colcon_core.package_discovery[0m [1;30mLevel 1[0m discover_packages(recursive) check parameters
[0.950s] [34mcolcon.colcon_core.package_discovery[0m [1;30mLevel 1[0m discover_packages(ignore) check parameters
[0.950s] [34mcolcon.colcon_core.package_discovery[0m [1;30mLevel 1[0m discover_packages(path) check parameters
[0.950s] [34mcolcon.colcon_core.package_discovery[0m [1;30mLevel 1[0m discover_packages(colcon_meta) discover
[0.950s] [34mcolcon.colcon_core.package_discovery[0m [1;30mLevel 1[0m discover_packages(recursive) discover
[0.950s] [34mcolcon.colcon_core.package_discovery[0m [1;30mINFO[0m Crawling recursively for packages in 'C:\radar_ws'
[0.951s] [34mcolcon.colcon_core.package_identification[0m [1;30mLevel 1[0m _identify(.) by extensions ['ignore', 'ignore_ament_install']
[0.951s] [34mcolcon.colcon_core.package_identification[0m [1;30mLevel 1[0m _identify(.) by extension 'ignore'
[0.951s] [34mcolcon.colcon_core.package_identification[0m [1;30mLevel 1[0m _identify(.) by extension 'ignore_ament_install'
[0.951s] [34mcolcon.colcon_core.package_identification[0m [1;30mLevel 1[0m _identify(.) by extensions ['colcon_pkg']
[0.951s] [34mcolcon.colcon_core.package_identification[0m [1;30mLevel 1[0m _identify(.) by extension 'colcon_pkg'
[0.952s] [34mcolcon.colcon_core.package_identification[0m [1;30mLevel 1[0m _identify(.) by extensions ['colcon_meta']
[0.952s] [34mcolcon.colcon_core.package_identification[0m [1;30mLevel 1[0m _identify(.) by extension 'colcon_meta'
[0.952s] [34mcolcon.colcon_core.package_identification[0m [1;30mLevel 1[0m _identify(.) by extensions ['ros']
[0.952s] [34mcolcon.colcon_core.package_identification[0m [1;30mLevel 1[0m _identify(.) by extension 'ros'
[0.971s] [34mcolcon.colcon_core.package_identification[0m [1;30mLevel 1[0m _identify(.) by extensions ['cmake', 'python']
[0.971s] [34mcolcon.colcon_core.package_identification[0m [1;30mLevel 1[0m _identify(.) by extension 'cmake'
[0.972s] [34mcolcon.colcon_core.package_identification[0m [1;30mLevel 1[0m _identify(.) by extension 'python'
[0.972s] [34mcolcon.colcon_core.package_identification[0m [1;30mLevel 1[0m _identify(.) by extensions ['python_setup_py']
[0.972s] [34mcolcon.colcon_core.package_identification[0m [1;30mLevel 1[0m _identify(.) by extension 'python_setup_py'
[0.972s] [34mcolcon.colcon_core.package_identification[0m [1;30mLevel 1[0m _identify(build) by extensions ['ignore', 'ignore_ament_install']
[0.973s] [34mcolcon.colcon_core.package_identification[0m [1;30mLevel 1[0m _identify(build) by extension 'ignore'
[0.973s] [34mcolcon.colcon_core.package_identification[0m [1;30mLevel 1[0m _identify(build) ignored
[0.973s] [34mcolcon.colcon_core.package_identification[0m [1;30mLevel 1[0m _identify(install) by extensions ['ignore', 'ignore_ament_install']
[0.973s] [34mcolcon.colcon_core.package_identification[0m [1;30mLevel 1[0m _identify(install) by extension 'ignore'
[0.974s] [34mcolcon.colcon_core.package_identification[0m [1;30mLevel 1[0m _identify(install) ignored
[0.974s] [34mcolcon.colcon_core.package_identification[0m [1;30mLevel 1[0m _identify(log) by extensions ['ignore', 'ignore_ament_install']
[0.974s] [34mcolcon.colcon_core.package_identification[0m [1;30mLevel 1[0m _identify(log) by extension 'ignore'
[0.974s] [34mcolcon.colcon_core.package_identification[0m [1;30mLevel 1[0m _identify(log) ignored
[0.975s] [34mcolcon.colcon_core.package_identification[0m [1;30mLevel 1[0m _identify(src) by extensions ['ignore', 'ignore_ament_install']
[0.975s] [34mcolcon.colcon_core.package_identification[0m [1;30mLevel 1[0m _identify(src) by extension 'ignore'
[0.975s] [34mcolcon.colcon_core.package_identification[0m [1;30mLevel 1[0m _identify(src) by extension 'ignore_ament_install'
[0.975s] [34mcolcon.colcon_core.package_identification[0m [1;30mLevel 1[0m _identify(src) by extensions ['colcon_pkg']
[0.975s] [34mcolcon.colcon_core.package_identification[0m [1;30mLevel 1[0m _identify(src) by extension 'colcon_pkg'
[0.975s] [34mcolcon.colcon_core.package_identification[0m [1;30mLevel 1[0m _identify(src) by extensions ['colcon_meta']
[0.976s] [34mcolcon.colcon_core.package_identification[0m [1;30mLevel 1[0m _identify(src) by extension 'colcon_meta'
[0.976s] [34mcolcon.colcon_core.package_identification[0m [1;30mLevel 1[0m _identify(src) by extensions ['ros']
[0.976s] [34mcolcon.colcon_core.package_identification[0m [1;30mLevel 1[0m _identify(src) by extension 'ros'
[0.976s] [34mcolcon.colcon_core.package_identification[0m [1;30mLevel 1[0m _identify(src) by extensions ['cmake', 'python']
[0.976s] [34mcolcon.colcon_core.package_identification[0m [1;30mLevel 1[0m _identify(src) by extension 'cmake'
[0.976s] [34mcolcon.colcon_core.package_identification[0m [1;30mLevel 1[0m _identify(src) by extension 'python'
[0.976s] [34mcolcon.colcon_core.package_identification[0m [1;30mLevel 1[0m _identify(src) by extensions ['python_setup_py']
[0.977s] [34mcolcon.colcon_core.package_identification[0m [1;30mLevel 1[0m _identify(src) by extension 'python_setup_py'
[0.977s] [34mcolcon.colcon_core.package_identification[0m [1;30mLevel 1[0m _identify(src\radar_pkg) by extensions ['ignore', 'ignore_ament_install']
[0.977s] [34mcolcon.colcon_core.package_identification[0m [1;30mLevel 1[0m _identify(src\radar_pkg) by extension 'ignore'
[0.977s] [34mcolcon.colcon_core.package_identification[0m [1;30mLevel 1[0m _identify(src\radar_pkg) by extension 'ignore_ament_install'
[0.977s] [34mcolcon.colcon_core.package_identification[0m [1;30mLevel 1[0m _identify(src\radar_pkg) by extensions ['colcon_pkg']
[0.977s] [34mcolcon.colcon_core.package_identification[0m [1;30mLevel 1[0m _identify(src\radar_pkg) by extension 'colcon_pkg'
[0.978s] [34mcolcon.colcon_core.package_identification[0m [1;30mLevel 1[0m _identify(src\radar_pkg) by extensions ['colcon_meta']
[0.978s] [34mcolcon.colcon_core.package_identification[0m [1;30mLevel 1[0m _identify(src\radar_pkg) by extension 'colcon_meta'
[0.978s] [34mcolcon.colcon_core.package_identification[0m [1;30mLevel 1[0m _identify(src\radar_pkg) by extensions ['ros']
[0.978s] [34mcolcon.colcon_core.package_identification[0m [1;30mLevel 1[0m _identify(src\radar_pkg) by extension 'ros'
[0.983s] [34mcolcon.colcon_core.package_identification[0m [1;30mDEBUG[0m [32mPackage 'src\radar_pkg' with type 'ros.ament_cmake' and name 'radar_pkg'[0m
[0.983s] [34mcolcon.colcon_core.package_discovery[0m [1;30mLevel 1[0m discover_packages(recursive) using defaults
[0.983s] [34mcolcon.colcon_core.package_discovery[0m [1;30mLevel 1[0m discover_packages(ignore) discover
[0.983s] [34mcolcon.colcon_core.package_discovery[0m [1;30mLevel 1[0m discover_packages(ignore) using defaults
[0.983s] [34mcolcon.colcon_core.package_discovery[0m [1;30mLevel 1[0m discover_packages(path) discover
[0.983s] [34mcolcon.colcon_core.package_discovery[0m [1;30mLevel 1[0m discover_packages(path) using defaults
[1.028s] [34mcolcon.colcon_core.verb[0m [1;30mLevel 5[0m set package 'radar_pkg' build argument 'cmake_args' from command line to 'None'
[1.028s] [34mcolcon.colcon_core.verb[0m [1;30mLevel 5[0m set package 'radar_pkg' build argument 'cmake_target' from command line to 'None'
[1.028s] [34mcolcon.colcon_core.verb[0m [1;30mLevel 5[0m set package 'radar_pkg' build argument 'cmake_target_skip_unavailable' from command line to 'False'
[1.028s] [34mcolcon.colcon_core.verb[0m [1;30mLevel 5[0m set package 'radar_pkg' build argument 'cmake_clean_cache' from command line to 'False'
[1.028s] [34mcolcon.colcon_core.verb[0m [1;30mLevel 5[0m set package 'radar_pkg' build argument 'cmake_clean_first' from command line to 'False'
[1.028s] [34mcolcon.colcon_core.verb[0m [1;30mLevel 5[0m set package 'radar_pkg' build argument 'cmake_force_configure' from command line to 'False'
[1.028s] [34mcolcon.colcon_core.verb[0m [1;30mLevel 5[0m set package 'radar_pkg' build argument 'ament_cmake_args' from command line to 'None'
[1.028s] [34mcolcon.colcon_core.verb[0m [1;30mLevel 5[0m set package 'radar_pkg' build argument 'catkin_cmake_args' from command line to 'None'
[1.028s] [34mcolcon.colcon_core.verb[0m [1;30mLevel 5[0m set package 'radar_pkg' build argument 'catkin_skip_building_tests' from command line to 'False'
[1.028s] [34mcolcon.colcon_core.verb[0m [1;30mDEBUG[0m [32mBuilding package 'radar_pkg' with the following arguments: {'ament_cmake_args': None, 'build_base': 'C:\\radar_ws\\build\\radar_pkg', 'catkin_cmake_args': None, 'catkin_skip_building_tests': False, 'cmake_args': None, 'cmake_clean_cache': False, 'cmake_clean_first': False, 'cmake_force_configure': False, 'cmake_target': None, 'cmake_target_skip_unavailable': False, 'install_base': 'C:\\radar_ws\\install\\radar_pkg', 'merge_install': False, 'path': 'C:\\radar_ws\\src\\radar_pkg', 'symlink_install': False, 'test_result_base': None}[0m
[1.032s] [34mcolcon.colcon_core.executor[0m [1;30mINFO[0m Executing jobs using 'parallel' executor
[1.058s] [34mcolcon.colcon_parallel_executor.executor.parallel[0m [1;30mDEBUG[0m [32mrun_until_complete[0m
[1.059s] [34mcolcon.colcon_ros.task.ament_cmake.build[0m [1;30mINFO[0m Building ROS package in 'C:\radar_ws\src\radar_pkg' with build type 'ament_cmake'
[1.059s] [34mcolcon.colcon_cmake.task.cmake.build[0m [1;30mINFO[0m Building CMake package in 'C:\radar_ws\src\radar_pkg'
[1.071s] [34mcolcon.colcon_core.plugin_system[0m [1;30mINFO[0m Skipping extension 'colcon_core.shell.sh': Not used on Windows systems
[1.071s] [34mcolcon.colcon_core.shell[0m [1;30mINFO[0m Skip shell extension 'powershell' for command environment: Not usable outside of PowerShell
[1.085s] [34mcolcon.colcon_ros.prefix_path.catkin[0m [1;30mWARNING[0m [33mThe path 'C:\opt\ros\foxy\x64\tools\vcpkg\installed\x64-windows' in the environment variable CMAKE_PREFIX_PATH doesn't exist[0m
[1.166s] [34mcolcon.colcon_core.event_handler.log_command[0m [1;30mDEBUG[0m [32mInvoking command in 'C:\radar_ws\build\radar_pkg': C:\opt\ros\foxy\x64\Scripts\cmake.EXE C:\radar_ws\src\radar_pkg -DCMAKE_INSTALL_PREFIX=C:\radar_ws\install\radar_pkg[0m
[4.175s] [34mcolcon.colcon_core.event_handler.log_command[0m [1;30mDEBUG[0m [32mInvoked command in 'C:\radar_ws\build\radar_pkg' returned '0': C:\opt\ros\foxy\x64\Scripts\cmake.EXE C:\radar_ws\src\radar_pkg -DCMAKE_INSTALL_PREFIX=C:\radar_ws\install\radar_pkg[0m
[4.178s] [34mcolcon.colcon_core.event_handler.log_command[0m [1;30mDEBUG[0m [32mInvoking command in 'C:\radar_ws\build\radar_pkg': CL=/MP C:\opt\ros\foxy\x64\Scripts\cmake.EXE --build C:\radar_ws\build\radar_pkg --config Release[0m
[6.386s] [34mcolcon.colcon_core.event_handler.log_command[0m [1;30mDEBUG[0m [32mInvoked command in 'C:\radar_ws\build\radar_pkg' returned '0': CL=/MP C:\opt\ros\foxy\x64\Scripts\cmake.EXE --build C:\radar_ws\build\radar_pkg --config Release[0m
[6.544s] [34mcolcon.colcon_core.event_handler.log_command[0m [1;30mDEBUG[0m [32mInvoking command in 'C:\radar_ws\build\radar_pkg': C:\opt\ros\foxy\x64\Scripts\cmake.EXE --install C:\radar_ws\build\radar_pkg --config Release[0m
[6.734s] [34mcolcon.colcon_core.environment[0m [1;30mLevel 1[0m create_environment_scripts_only(radar_pkg)
[6.737s] [34mcolcon.colcon_core.event_handler.log_command[0m [1;30mDEBUG[0m [32mInvoked command in 'C:\radar_ws\build\radar_pkg' returned '0': C:\opt\ros\foxy\x64\Scripts\cmake.EXE --install C:\radar_ws\build\radar_pkg --config Release[0m
[6.755s] [34mcolcon.colcon_core.environment[0m [1;30mLevel 1[0m checking 'C:\radar_ws\install\radar_pkg' for CMake module files
[6.757s] [34mcolcon.colcon_core.environment[0m [1;30mLevel 1[0m checking 'C:\radar_ws\install\radar_pkg' for CMake config files
[6.759s] [34mcolcon.colcon_core.shell[0m [1;30mLevel 1[0m create_environment_hook('radar_pkg', 'cmake_prefix_path')
[6.767s] [34mcolcon.colcon_core.shell[0m [1;30mINFO[0m Creating environment hook 'C:\radar_ws\install\radar_pkg\share\radar_pkg\hook\cmake_prefix_path.ps1'
[6.768s] [34mcolcon.colcon_core.shell[0m [1;30mINFO[0m Creating environment hook 'C:\radar_ws\install\radar_pkg\share\radar_pkg\hook\cmake_prefix_path.bat'
[6.769s] [34mcolcon.colcon_core.shell[0m [1;30mINFO[0m Creating environment descriptor 'C:\radar_ws\install\radar_pkg\share\radar_pkg\hook\cmake_prefix_path.dsv'
[6.771s] [34mcolcon.colcon_core.environment[0m [1;30mLevel 1[0m checking 'C:\radar_ws\install\radar_pkg\bin'
[6.771s] [34mcolcon.colcon_core.environment[0m [1;30mLevel 1[0m checking 'C:\radar_ws\install\radar_pkg\bin'
[6.771s] [34mcolcon.colcon_core.shell[0m [1;30mLevel 1[0m create_environment_hook('radar_pkg', 'path')
[6.779s] [34mcolcon.colcon_core.shell[0m [1;30mINFO[0m Creating environment hook 'C:\radar_ws\install\radar_pkg\share\radar_pkg\hook\path.ps1'
[6.781s] [34mcolcon.colcon_core.shell[0m [1;30mINFO[0m Creating environment hook 'C:\radar_ws\install\radar_pkg\share\radar_pkg\hook\path.bat'
[6.782s] [34mcolcon.colcon_core.shell[0m [1;30mINFO[0m Creating environment descriptor 'C:\radar_ws\install\radar_pkg\share\radar_pkg\hook\path.dsv'
[6.782s] [34mcolcon.colcon_core.environment[0m [1;30mLevel 1[0m checking 'C:\radar_ws\install\radar_pkg\Scripts'
[6.783s] [34mcolcon.colcon_core.environment[0m [1;30mLevel 1[0m checking 'C:\radar_ws\install\radar_pkg\lib\pkgconfig\radar_pkg.pc'
[6.783s] [34mcolcon.colcon_core.environment[0m [1;30mLevel 1[0m checking 'C:\radar_ws\install\radar_pkg\Lib\site-packages'
[6.792s] [34mcolcon.colcon_core.shell[0m [1;30mINFO[0m Creating package script 'C:\radar_ws\install\radar_pkg\share\radar_pkg\package.ps1'
[6.794s] [34mcolcon.colcon_core.shell[0m [1;30mINFO[0m Creating package script 'C:\radar_ws\install\radar_pkg\share\radar_pkg\package.bat'
[6.795s] [34mcolcon.colcon_core.shell[0m [1;30mINFO[0m Creating package descriptor 'C:\radar_ws\install\radar_pkg\share\radar_pkg\package.dsv'
[6.796s] [34mcolcon.colcon_core.environment[0m [1;30mLevel 1[0m create_file_with_runtime_dependencies(C:\radar_ws\install\radar_pkg\share\colcon-core\packages\radar_pkg)
[6.805s] [34mcolcon.colcon_core.environment[0m [1;30mLevel 1[0m create_environment_scripts_only(radar_pkg)
[6.817s] [34mcolcon.colcon_core.environment[0m [1;30mLevel 1[0m checking 'C:\radar_ws\install\radar_pkg' for CMake module files
[6.819s] [34mcolcon.colcon_core.environment[0m [1;30mLevel 1[0m checking 'C:\radar_ws\install\radar_pkg' for CMake config files
[6.820s] [34mcolcon.colcon_core.shell[0m [1;30mLevel 1[0m create_environment_hook('radar_pkg', 'cmake_prefix_path')
[6.827s] [34mcolcon.colcon_core.shell[0m [1;30mINFO[0m Creating environment hook 'C:\radar_ws\install\radar_pkg\share\radar_pkg\hook\cmake_prefix_path.ps1'
[6.829s] [34mcolcon.colcon_core.shell[0m [1;30mINFO[0m Creating environment hook 'C:\radar_ws\install\radar_pkg\share\radar_pkg\hook\cmake_prefix_path.bat'
[6.830s] [34mcolcon.colcon_core.shell[0m [1;30mINFO[0m Creating environment descriptor 'C:\radar_ws\install\radar_pkg\share\radar_pkg\hook\cmake_prefix_path.dsv'
[6.831s] [34mcolcon.colcon_core.environment[0m [1;30mLevel 1[0m checking 'C:\radar_ws\install\radar_pkg\bin'
[6.831s] [34mcolcon.colcon_core.environment[0m [1;30mLevel 1[0m checking 'C:\radar_ws\install\radar_pkg\bin'
[6.831s] [34mcolcon.colcon_core.shell[0m [1;30mLevel 1[0m create_environment_hook('radar_pkg', 'path')
[6.840s] [34mcolcon.colcon_core.shell[0m [1;30mINFO[0m Creating environment hook 'C:\radar_ws\install\radar_pkg\share\radar_pkg\hook\path.ps1'
[6.841s] [34mcolcon.colcon_core.shell[0m [1;30mINFO[0m Creating environment hook 'C:\radar_ws\install\radar_pkg\share\radar_pkg\hook\path.bat'
[6.842s] [34mcolcon.colcon_core.shell[0m [1;30mINFO[0m Creating environment descriptor 'C:\radar_ws\install\radar_pkg\share\radar_pkg\hook\path.dsv'
[6.843s] [34mcolcon.colcon_core.environment[0m [1;30mLevel 1[0m checking 'C:\radar_ws\install\radar_pkg\Scripts'
[6.843s] [34mcolcon.colcon_core.environment[0m [1;30mLevel 1[0m checking 'C:\radar_ws\install\radar_pkg\lib\pkgconfig\radar_pkg.pc'
[6.843s] [34mcolcon.colcon_core.environment[0m [1;30mLevel 1[0m checking 'C:\radar_ws\install\radar_pkg\Lib\site-packages'
[6.851s] [34mcolcon.colcon_core.shell[0m [1;30mINFO[0m Creating package script 'C:\radar_ws\install\radar_pkg\share\radar_pkg\package.ps1'
[6.852s] [34mcolcon.colcon_core.shell[0m [1;30mINFO[0m Creating package script 'C:\radar_ws\install\radar_pkg\share\radar_pkg\package.bat'
[6.854s] [34mcolcon.colcon_core.shell[0m [1;30mINFO[0m Creating package descriptor 'C:\radar_ws\install\radar_pkg\share\radar_pkg\package.dsv'
[6.855s] [34mcolcon.colcon_core.environment[0m [1;30mLevel 1[0m create_file_with_runtime_dependencies(C:\radar_ws\install\radar_pkg\share\colcon-core\packages\radar_pkg)
[6.856s] [34mcolcon.colcon_parallel_executor.executor.parallel[0m [1;30mDEBUG[0m [32mrun_until_complete finished with '0'[0m
[6.856s] [34mcolcon.colcon_core.event_reactor[0m [1;30mDEBUG[0m [32mjoining thread[0m
[6.872s] [34mcolcon.colcon_core.plugin_system[0m [1;30mINFO[0m Skipping extension 'colcon_notification.desktop_notification.notify2': 'notify2' not found
[6.872s] [34mcolcon.colcon_core.plugin_system[0m [1;30mINFO[0m Skipping extension 'colcon_notification.desktop_notification.notify_send': Not used on non-Linux systems
[6.873s] [34mcolcon.colcon_core.plugin_system[0m [1;30mINFO[0m Skipping extension 'colcon_notification.desktop_notification.terminal_notifier': Not used on non-Darwin systems
[6.873s] [34mcolcon.colcon_notification.desktop_notification[0m [1;30mINFO[0m Sending desktop notification using 'win32'
[11.921s] [34mcolcon.colcon_core.event_reactor[0m [1;30mDEBUG[0m [32mjoined thread[0m
[11.930s] [34mcolcon.colcon_core.shell[0m [1;30mINFO[0m Creating prefix script 'C:\radar_ws\install\local_setup.ps1'
[11.932s] [34mcolcon.colcon_core.shell[0m [1;30mINFO[0m Creating prefix util module 'C:\radar_ws\install\_local_setup_util_ps1.py'
[11.935s] [34mcolcon.colcon_core.shell[0m [1;30mINFO[0m Creating prefix chain script 'C:\radar_ws\install\setup.ps1'
[11.944s] [34mcolcon.colcon_core.shell[0m [1;30mINFO[0m Creating prefix script 'C:\radar_ws\install\local_setup.bat'
[11.946s] [34mcolcon.colcon_core.shell[0m [1;30mINFO[0m Creating prefix util module 'C:\radar_ws\install\_local_setup_util_bat.py'
[11.947s] [34mcolcon.colcon_core.shell[0m [1;30mINFO[0m Creating prefix chain script 'C:\radar_ws\install\setup.bat'
