[0.893s] [34mcolcon[0m [1;30mDEBUG[0m [32mCommand line arguments: ['C:\\opt\\ros\\foxy\\x64\\Scripts\\colcon', 'build', '--packages-select', 'rl_pkg'][0m
[0.893s] [34mcolcon[0m [1;30mDEBUG[0m [32mParsed command line arguments: Namespace(ament_cmake_args=None, base_paths=['.'], build_base='build', catkin_cmake_args=None, catkin_skip_building_tests=False, cmake_args=None, cmake_clean_cache=False, cmake_clean_first=False, cmake_force_configure=False, cmake_target=None, cmake_target_skip_unavailable=False, continue_on_error=False, event_handlers=None, executor='parallel', ignore_user_meta=False, install_base='install', log_base=None, log_level=None, main=<bound method BuildVerb.main of <colcon_core.verb.build.BuildVerb object at 0x000001F4E4C3E0D0>>, merge_install=False, metas=['./colcon.meta'], packages_above=None, packages_above_and_dependencies=None, packages_above_depth=None, packages_end=None, packages_ignore=None, packages_ignore_regex=None, packages_select=['rl_pkg'], packages_select_build_failed=False, packages_select_by_dep=None, packages_select_regex=None, packages_select_test_failures=False, packages_skip=None, packages_skip_build_finished=False, packages_skip_by_dep=None, packages_skip_regex=None, packages_skip_test_passed=False, packages_skip_up_to=None, packages_start=None, packages_up_to=None, packages_up_to_regex=None, parallel_workers=4, paths=None, symlink_install=False, test_result_base=None, verb_extension=<colcon_core.verb.build.BuildVerb object at 0x000001F4E4C3E0D0>, verb_name='build', verb_parser=<colcon_defaults.argument_parser.defaults.DefaultArgumentsDecorator object at 0x000001F4E4C3E580>)[0m
[0.959s] [34mcolcon.colcon_core.package_discovery[0m [1;30mLevel 1[0m discover_packages(colcon_meta) check parameters
[0.959s] [34mcolcon.colcon_core.package_discovery[0m [1;30mLevel 1[0m discover_packages(recursive) check parameters
[0.959s] [34mcolcon.colcon_core.package_discovery[0m [1;30mLevel 1[0m discover_packages(ignore) check parameters
[0.959s] [34mcolcon.colcon_core.package_discovery[0m [1;30mLevel 1[0m discover_packages(path) check parameters
[0.959s] [34mcolcon.colcon_core.package_discovery[0m [1;30mLevel 1[0m discover_packages(colcon_meta) discover
[0.960s] [34mcolcon.colcon_core.package_discovery[0m [1;30mLevel 1[0m discover_packages(recursive) discover
[0.960s] [34mcolcon.colcon_core.package_discovery[0m [1;30mINFO[0m Crawling recursively for packages in 'C:\ws\techical_test_ROS'
[0.960s] [34mcolcon.colcon_core.package_identification[0m [1;30mLevel 1[0m _identify(.) by extensions ['ignore', 'ignore_ament_install']
[0.960s] [34mcolcon.colcon_core.package_identification[0m [1;30mLevel 1[0m _identify(.) by extension 'ignore'
[0.960s] [34mcolcon.colcon_core.package_identification[0m [1;30mLevel 1[0m _identify(.) by extension 'ignore_ament_install'
[0.960s] [34mcolcon.colcon_core.package_identification[0m [1;30mLevel 1[0m _identify(.) by extensions ['colcon_pkg']
[0.961s] [34mcolcon.colcon_core.package_identification[0m [1;30mLevel 1[0m _identify(.) by extension 'colcon_pkg'
[0.961s] [34mcolcon.colcon_core.package_identification[0m [1;30mLevel 1[0m _identify(.) by extensions ['colcon_meta']
[0.961s] [34mcolcon.colcon_core.package_identification[0m [1;30mLevel 1[0m _identify(.) by extension 'colcon_meta'
[0.961s] [34mcolcon.colcon_core.package_identification[0m [1;30mLevel 1[0m _identify(.) by extensions ['ros']
[0.961s] [34mcolcon.colcon_core.package_identification[0m [1;30mLevel 1[0m _identify(.) by extension 'ros'
[0.982s] [34mcolcon.colcon_core.package_identification[0m [1;30mLevel 1[0m _identify(.) by extensions ['cmake', 'python']
[0.982s] [34mcolcon.colcon_core.package_identification[0m [1;30mLevel 1[0m _identify(.) by extension 'cmake'
[0.982s] [34mcolcon.colcon_core.package_identification[0m [1;30mLevel 1[0m _identify(.) by extension 'python'
[0.982s] [34mcolcon.colcon_core.package_identification[0m [1;30mLevel 1[0m _identify(.) by extensions ['python_setup_py']
[0.983s] [34mcolcon.colcon_core.package_identification[0m [1;30mLevel 1[0m _identify(.) by extension 'python_setup_py'
[0.983s] [34mcolcon.colcon_core.package_identification[0m [1;30mLevel 1[0m _identify(build) by extensions ['ignore', 'ignore_ament_install']
[0.983s] [34mcolcon.colcon_core.package_identification[0m [1;30mLevel 1[0m _identify(build) by extension 'ignore'
[0.983s] [34mcolcon.colcon_core.package_identification[0m [1;30mLevel 1[0m _identify(build) ignored
[0.984s] [34mcolcon.colcon_core.package_identification[0m [1;30mLevel 1[0m _identify(install) by extensions ['ignore', 'ignore_ament_install']
[0.984s] [34mcolcon.colcon_core.package_identification[0m [1;30mLevel 1[0m _identify(install) by extension 'ignore'
[0.984s] [34mcolcon.colcon_core.package_identification[0m [1;30mLevel 1[0m _identify(install) ignored
[0.985s] [34mcolcon.colcon_core.package_identification[0m [1;30mLevel 1[0m _identify(log) by extensions ['ignore', 'ignore_ament_install']
[0.985s] [34mcolcon.colcon_core.package_identification[0m [1;30mLevel 1[0m _identify(log) by extension 'ignore'
[0.985s] [34mcolcon.colcon_core.package_identification[0m [1;30mLevel 1[0m _identify(log) ignored
[0.985s] [34mcolcon.colcon_core.package_identification[0m [1;30mLevel 1[0m _identify(radar_ws) by extensions ['ignore', 'ignore_ament_install']
[0.985s] [34mcolcon.colcon_core.package_identification[0m [1;30mLevel 1[0m _identify(radar_ws) by extension 'ignore'
[0.986s] [34mcolcon.colcon_core.package_identification[0m [1;30mLevel 1[0m _identify(radar_ws) by extension 'ignore_ament_install'
[0.986s] [34mcolcon.colcon_core.package_identification[0m [1;30mLevel 1[0m _identify(radar_ws) by extensions ['colcon_pkg']
[0.986s] [34mcolcon.colcon_core.package_identification[0m [1;30mLevel 1[0m _identify(radar_ws) by extension 'colcon_pkg'
[0.986s] [34mcolcon.colcon_core.package_identification[0m [1;30mLevel 1[0m _identify(radar_ws) by extensions ['colcon_meta']
[0.986s] [34mcolcon.colcon_core.package_identification[0m [1;30mLevel 1[0m _identify(radar_ws) by extension 'colcon_meta'
[0.986s] [34mcolcon.colcon_core.package_identification[0m [1;30mLevel 1[0m _identify(radar_ws) by extensions ['ros']
[0.986s] [34mcolcon.colcon_core.package_identification[0m [1;30mLevel 1[0m _identify(radar_ws) by extension 'ros'
[0.987s] [34mcolcon.colcon_core.package_identification[0m [1;30mLevel 1[0m _identify(radar_ws) by extensions ['cmake', 'python']
[0.987s] [34mcolcon.colcon_core.package_identification[0m [1;30mLevel 1[0m _identify(radar_ws) by extension 'cmake'
[0.987s] [34mcolcon.colcon_core.package_identification[0m [1;30mLevel 1[0m _identify(radar_ws) by extension 'python'
[0.987s] [34mcolcon.colcon_core.package_identification[0m [1;30mLevel 1[0m _identify(radar_ws) by extensions ['python_setup_py']
[0.987s] [34mcolcon.colcon_core.package_identification[0m [1;30mLevel 1[0m _identify(radar_ws) by extension 'python_setup_py'
[0.987s] [34mcolcon.colcon_core.package_identification[0m [1;30mLevel 1[0m _identify(radar_ws\build) by extensions ['ignore', 'ignore_ament_install']
[0.988s] [34mcolcon.colcon_core.package_identification[0m [1;30mLevel 1[0m _identify(radar_ws\build) by extension 'ignore'
[0.988s] [34mcolcon.colcon_core.package_identification[0m [1;30mLevel 1[0m _identify(radar_ws\build) ignored
[0.988s] [34mcolcon.colcon_core.package_identification[0m [1;30mLevel 1[0m _identify(radar_ws\install) by extensions ['ignore', 'ignore_ament_install']
[0.988s] [34mcolcon.colcon_core.package_identification[0m [1;30mLevel 1[0m _identify(radar_ws\install) by extension 'ignore'
[0.988s] [34mcolcon.colcon_core.package_identification[0m [1;30mLevel 1[0m _identify(radar_ws\install) ignored
[0.990s] [34mcolcon.colcon_core.package_identification[0m [1;30mLevel 1[0m _identify(radar_ws\log) by extensions ['ignore', 'ignore_ament_install']
[0.990s] [34mcolcon.colcon_core.package_identification[0m [1;30mLevel 1[0m _identify(radar_ws\log) by extension 'ignore'
[0.990s] [34mcolcon.colcon_core.package_identification[0m [1;30mLevel 1[0m _identify(radar_ws\log) ignored
[0.990s] [34mcolcon.colcon_core.package_identification[0m [1;30mLevel 1[0m _identify(radar_ws\src) by extensions ['ignore', 'ignore_ament_install']
[0.991s] [34mcolcon.colcon_core.package_identification[0m [1;30mLevel 1[0m _identify(radar_ws\src) by extension 'ignore'
[0.991s] [34mcolcon.colcon_core.package_identification[0m [1;30mLevel 1[0m _identify(radar_ws\src) by extension 'ignore_ament_install'
[0.992s] [34mcolcon.colcon_core.package_identification[0m [1;30mLevel 1[0m _identify(radar_ws\src) by extensions ['colcon_pkg']
[0.992s] [34mcolcon.colcon_core.package_identification[0m [1;30mLevel 1[0m _identify(radar_ws\src) by extension 'colcon_pkg'
[0.992s] [34mcolcon.colcon_core.package_identification[0m [1;30mLevel 1[0m _identify(radar_ws\src) by extensions ['colcon_meta']
[0.992s] [34mcolcon.colcon_core.package_identification[0m [1;30mLevel 1[0m _identify(radar_ws\src) by extension 'colcon_meta'
[0.993s] [34mcolcon.colcon_core.package_identification[0m [1;30mLevel 1[0m _identify(radar_ws\src) by extensions ['ros']
[0.993s] [34mcolcon.colcon_core.package_identification[0m [1;30mLevel 1[0m _identify(radar_ws\src) by extension 'ros'
[0.993s] [34mcolcon.colcon_core.package_identification[0m [1;30mLevel 1[0m _identify(radar_ws\src) by extensions ['cmake', 'python']
[0.993s] [34mcolcon.colcon_core.package_identification[0m [1;30mLevel 1[0m _identify(radar_ws\src) by extension 'cmake'
[0.993s] [34mcolcon.colcon_core.package_identification[0m [1;30mLevel 1[0m _identify(radar_ws\src) by extension 'python'
[0.994s] [34mcolcon.colcon_core.package_identification[0m [1;30mLevel 1[0m _identify(radar_ws\src) by extensions ['python_setup_py']
[0.994s] [34mcolcon.colcon_core.package_identification[0m [1;30mLevel 1[0m _identify(radar_ws\src) by extension 'python_setup_py'
[0.994s] [34mcolcon.colcon_core.package_identification[0m [1;30mLevel 1[0m _identify(radar_ws\src\radar_pkg) by extensions ['ignore', 'ignore_ament_install']
[0.994s] [34mcolcon.colcon_core.package_identification[0m [1;30mLevel 1[0m _identify(radar_ws\src\radar_pkg) by extension 'ignore'
[0.995s] [34mcolcon.colcon_core.package_identification[0m [1;30mLevel 1[0m _identify(radar_ws\src\radar_pkg) by extension 'ignore_ament_install'
[0.995s] [34mcolcon.colcon_core.package_identification[0m [1;30mLevel 1[0m _identify(radar_ws\src\radar_pkg) by extensions ['colcon_pkg']
[0.995s] [34mcolcon.colcon_core.package_identification[0m [1;30mLevel 1[0m _identify(radar_ws\src\radar_pkg) by extension 'colcon_pkg'
[0.995s] [34mcolcon.colcon_core.package_identification[0m [1;30mLevel 1[0m _identify(radar_ws\src\radar_pkg) by extensions ['colcon_meta']
[0.995s] [34mcolcon.colcon_core.package_identification[0m [1;30mLevel 1[0m _identify(radar_ws\src\radar_pkg) by extension 'colcon_meta'
[0.996s] [34mcolcon.colcon_core.package_identification[0m [1;30mLevel 1[0m _identify(radar_ws\src\radar_pkg) by extensions ['ros']
[0.996s] [34mcolcon.colcon_core.package_identification[0m [1;30mLevel 1[0m _identify(radar_ws\src\radar_pkg) by extension 'ros'
[1.001s] [34mcolcon.colcon_core.package_identification[0m [1;30mDEBUG[0m [32mPackage 'radar_ws\src\radar_pkg' with type 'ros.ament_cmake' and name 'radar_pkg'[0m
[1.002s] [34mcolcon.colcon_core.package_identification[0m [1;30mLevel 1[0m _identify(rl_ws) by extensions ['ignore', 'ignore_ament_install']
[1.002s] [34mcolcon.colcon_core.package_identification[0m [1;30mLevel 1[0m _identify(rl_ws) by extension 'ignore'
[1.002s] [34mcolcon.colcon_core.package_identification[0m [1;30mLevel 1[0m _identify(rl_ws) by extension 'ignore_ament_install'
[1.002s] [34mcolcon.colcon_core.package_identification[0m [1;30mLevel 1[0m _identify(rl_ws) by extensions ['colcon_pkg']
[1.002s] [34mcolcon.colcon_core.package_identification[0m [1;30mLevel 1[0m _identify(rl_ws) by extension 'colcon_pkg'
[1.002s] [34mcolcon.colcon_core.package_identification[0m [1;30mLevel 1[0m _identify(rl_ws) by extensions ['colcon_meta']
[1.002s] [34mcolcon.colcon_core.package_identification[0m [1;30mLevel 1[0m _identify(rl_ws) by extension 'colcon_meta'
[1.003s] [34mcolcon.colcon_core.package_identification[0m [1;30mLevel 1[0m _identify(rl_ws) by extensions ['ros']
[1.003s] [34mcolcon.colcon_core.package_identification[0m [1;30mLevel 1[0m _identify(rl_ws) by extension 'ros'
[1.003s] [34mcolcon.colcon_core.package_identification[0m [1;30mLevel 1[0m _identify(rl_ws) by extensions ['cmake', 'python']
[1.003s] [34mcolcon.colcon_core.package_identification[0m [1;30mLevel 1[0m _identify(rl_ws) by extension 'cmake'
[1.003s] [34mcolcon.colcon_core.package_identification[0m [1;30mLevel 1[0m _identify(rl_ws) by extension 'python'
[1.003s] [34mcolcon.colcon_core.package_identification[0m [1;30mLevel 1[0m _identify(rl_ws) by extensions ['python_setup_py']
[1.003s] [34mcolcon.colcon_core.package_identification[0m [1;30mLevel 1[0m _identify(rl_ws) by extension 'python_setup_py'
[1.004s] [34mcolcon.colcon_core.package_identification[0m [1;30mLevel 1[0m _identify(rl_ws\log) by extensions ['ignore', 'ignore_ament_install']
[1.004s] [34mcolcon.colcon_core.package_identification[0m [1;30mLevel 1[0m _identify(rl_ws\log) by extension 'ignore'
[1.004s] [34mcolcon.colcon_core.package_identification[0m [1;30mLevel 1[0m _identify(rl_ws\log) ignored
[1.005s] [34mcolcon.colcon_core.package_identification[0m [1;30mLevel 1[0m _identify(rl_ws\src) by extensions ['ignore', 'ignore_ament_install']
[1.005s] [34mcolcon.colcon_core.package_identification[0m [1;30mLevel 1[0m _identify(rl_ws\src) by extension 'ignore'
[1.005s] [34mcolcon.colcon_core.package_identification[0m [1;30mLevel 1[0m _identify(rl_ws\src) by extension 'ignore_ament_install'
[1.005s] [34mcolcon.colcon_core.package_identification[0m [1;30mLevel 1[0m _identify(rl_ws\src) by extensions ['colcon_pkg']
[1.005s] [34mcolcon.colcon_core.package_identification[0m [1;30mLevel 1[0m _identify(rl_ws\src) by extension 'colcon_pkg'
[1.005s] [34mcolcon.colcon_core.package_identification[0m [1;30mLevel 1[0m _identify(rl_ws\src) by extensions ['colcon_meta']
[1.005s] [34mcolcon.colcon_core.package_identification[0m [1;30mLevel 1[0m _identify(rl_ws\src) by extension 'colcon_meta'
[1.005s] [34mcolcon.colcon_core.package_identification[0m [1;30mLevel 1[0m _identify(rl_ws\src) by extensions ['ros']
[1.005s] [34mcolcon.colcon_core.package_identification[0m [1;30mLevel 1[0m _identify(rl_ws\src) by extension 'ros'
[1.006s] [34mcolcon.colcon_core.package_identification[0m [1;30mLevel 1[0m _identify(rl_ws\src) by extensions ['cmake', 'python']
[1.006s] [34mcolcon.colcon_core.package_identification[0m [1;30mLevel 1[0m _identify(rl_ws\src) by extension 'cmake'
[1.006s] [34mcolcon.colcon_core.package_identification[0m [1;30mLevel 1[0m _identify(rl_ws\src) by extension 'python'
[1.006s] [34mcolcon.colcon_core.package_identification[0m [1;30mLevel 1[0m _identify(rl_ws\src) by extensions ['python_setup_py']
[1.006s] [34mcolcon.colcon_core.package_identification[0m [1;30mLevel 1[0m _identify(rl_ws\src) by extension 'python_setup_py'
[1.007s] [34mcolcon.colcon_core.package_identification[0m [1;30mLevel 1[0m _identify(rl_ws\src\rl_pkg) by extensions ['ignore', 'ignore_ament_install']
[1.007s] [34mcolcon.colcon_core.package_identification[0m [1;30mLevel 1[0m _identify(rl_ws\src\rl_pkg) by extension 'ignore'
[1.007s] [34mcolcon.colcon_core.package_identification[0m [1;30mLevel 1[0m _identify(rl_ws\src\rl_pkg) by extension 'ignore_ament_install'
[1.007s] [34mcolcon.colcon_core.package_identification[0m [1;30mLevel 1[0m _identify(rl_ws\src\rl_pkg) by extensions ['colcon_pkg']
[1.007s] [34mcolcon.colcon_core.package_identification[0m [1;30mLevel 1[0m _identify(rl_ws\src\rl_pkg) by extension 'colcon_pkg'
[1.007s] [34mcolcon.colcon_core.package_identification[0m [1;30mLevel 1[0m _identify(rl_ws\src\rl_pkg) by extensions ['colcon_meta']
[1.008s] [34mcolcon.colcon_core.package_identification[0m [1;30mLevel 1[0m _identify(rl_ws\src\rl_pkg) by extension 'colcon_meta'
[1.008s] [34mcolcon.colcon_core.package_identification[0m [1;30mLevel 1[0m _identify(rl_ws\src\rl_pkg) by extensions ['ros']
[1.008s] [34mcolcon.colcon_core.package_identification[0m [1;30mLevel 1[0m _identify(rl_ws\src\rl_pkg) by extension 'ros'
[1.009s] [34mcolcon.colcon_core.package_identification[0m [1;30mDEBUG[0m [32mPackage 'rl_ws\src\rl_pkg' with type 'ros.ament_cmake' and name 'rl_pkg'[0m
[1.009s] [34mcolcon.colcon_core.package_discovery[0m [1;30mLevel 1[0m discover_packages(recursive) using defaults
[1.009s] [34mcolcon.colcon_core.package_discovery[0m [1;30mLevel 1[0m discover_packages(ignore) discover
[1.009s] [34mcolcon.colcon_core.package_discovery[0m [1;30mLevel 1[0m discover_packages(ignore) using defaults
[1.009s] [34mcolcon.colcon_core.package_discovery[0m [1;30mLevel 1[0m discover_packages(path) discover
[1.009s] [34mcolcon.colcon_core.package_discovery[0m [1;30mLevel 1[0m discover_packages(path) using defaults
[1.036s] [34mcolcon.colcon_core.package_selection[0m [1;30mINFO[0m Skipping not selected package 'radar_pkg' in 'radar_ws\src\radar_pkg'
[1.050s] [34mcolcon.colcon_core.verb[0m [1;30mLevel 5[0m set package 'rl_pkg' build argument 'cmake_args' from command line to 'None'
[1.050s] [34mcolcon.colcon_core.verb[0m [1;30mLevel 5[0m set package 'rl_pkg' build argument 'cmake_target' from command line to 'None'
[1.050s] [34mcolcon.colcon_core.verb[0m [1;30mLevel 5[0m set package 'rl_pkg' build argument 'cmake_target_skip_unavailable' from command line to 'False'
[1.050s] [34mcolcon.colcon_core.verb[0m [1;30mLevel 5[0m set package 'rl_pkg' build argument 'cmake_clean_cache' from command line to 'False'
[1.050s] [34mcolcon.colcon_core.verb[0m [1;30mLevel 5[0m set package 'rl_pkg' build argument 'cmake_clean_first' from command line to 'False'
[1.050s] [34mcolcon.colcon_core.verb[0m [1;30mLevel 5[0m set package 'rl_pkg' build argument 'cmake_force_configure' from command line to 'False'
[1.050s] [34mcolcon.colcon_core.verb[0m [1;30mLevel 5[0m set package 'rl_pkg' build argument 'ament_cmake_args' from command line to 'None'
[1.050s] [34mcolcon.colcon_core.verb[0m [1;30mLevel 5[0m set package 'rl_pkg' build argument 'catkin_cmake_args' from command line to 'None'
[1.050s] [34mcolcon.colcon_core.verb[0m [1;30mLevel 5[0m set package 'rl_pkg' build argument 'catkin_skip_building_tests' from command line to 'False'
[1.051s] [34mcolcon.colcon_core.verb[0m [1;30mDEBUG[0m [32mBuilding package 'rl_pkg' with the following arguments: {'ament_cmake_args': None, 'build_base': 'C:\\ws\\techical_test_ROS\\build\\rl_pkg', 'catkin_cmake_args': None, 'catkin_skip_building_tests': False, 'cmake_args': None, 'cmake_clean_cache': False, 'cmake_clean_first': False, 'cmake_force_configure': False, 'cmake_target': None, 'cmake_target_skip_unavailable': False, 'install_base': 'C:\\ws\\techical_test_ROS\\install\\rl_pkg', 'merge_install': False, 'path': 'C:\\ws\\techical_test_ROS\\rl_ws\\src\\rl_pkg', 'symlink_install': False, 'test_result_base': None}[0m
[1.055s] [34mcolcon.colcon_core.executor[0m [1;30mINFO[0m Executing jobs using 'parallel' executor
[1.080s] [34mcolcon.colcon_parallel_executor.executor.parallel[0m [1;30mDEBUG[0m [32mrun_until_complete[0m
[1.080s] [34mcolcon.colcon_ros.task.ament_cmake.build[0m [1;30mINFO[0m Building ROS package in 'C:\ws\techical_test_ROS\rl_ws\src\rl_pkg' with build type 'ament_cmake'
[1.080s] [34mcolcon.colcon_cmake.task.cmake.build[0m [1;30mINFO[0m Building CMake package in 'C:\ws\techical_test_ROS\rl_ws\src\rl_pkg'
[1.092s] [34mcolcon.colcon_core.plugin_system[0m [1;30mINFO[0m Skipping extension 'colcon_core.shell.sh': Not used on Windows systems
[1.092s] [34mcolcon.colcon_core.shell[0m [1;30mINFO[0m Skip shell extension 'powershell' for command environment: Not usable outside of PowerShell
[1.106s] [34mcolcon.colcon_ros.prefix_path.catkin[0m [1;30mWARNING[0m [33mThe path 'C:\opt\ros\foxy\x64\tools\vcpkg\installed\x64-windows' in the environment variable CMAKE_PREFIX_PATH doesn't exist[0m
[1.191s] [34mcolcon.colcon_core.event_handler.log_command[0m [1;30mDEBUG[0m [32mInvoking command in 'C:\ws\techical_test_ROS\build\rl_pkg': C:\opt\ros\foxy\x64\Scripts\cmake.EXE C:\ws\techical_test_ROS\rl_ws\src\rl_pkg -DCMAKE_INSTALL_PREFIX=C:\ws\techical_test_ROS\install\rl_pkg -G Visual Studio 16 2019[0m
[8.334s] [34mcolcon.colcon_core.event_handler.log_command[0m [1;30mDEBUG[0m [32mInvoked command in 'C:\ws\techical_test_ROS\build\rl_pkg' returned '0': C:\opt\ros\foxy\x64\Scripts\cmake.EXE C:\ws\techical_test_ROS\rl_ws\src\rl_pkg -DCMAKE_INSTALL_PREFIX=C:\ws\techical_test_ROS\install\rl_pkg -G Visual Studio 16 2019[0m
[8.337s] [34mcolcon.colcon_core.event_handler.log_command[0m [1;30mDEBUG[0m [32mInvoking command in 'C:\ws\techical_test_ROS\build\rl_pkg': CL=/MP C:\opt\ros\foxy\x64\Scripts\cmake.EXE --build C:\ws\techical_test_ROS\build\rl_pkg --config Release[0m
[9.392s] [34mcolcon.colcon_core.event_handler.log_command[0m [1;30mDEBUG[0m [32mInvoked command in 'C:\ws\techical_test_ROS\build\rl_pkg' returned '0': CL=/MP C:\opt\ros\foxy\x64\Scripts\cmake.EXE --build C:\ws\techical_test_ROS\build\rl_pkg --config Release[0m
[9.538s] [34mcolcon.colcon_core.event_handler.log_command[0m [1;30mDEBUG[0m [32mInvoking command in 'C:\ws\techical_test_ROS\build\rl_pkg': C:\opt\ros\foxy\x64\Scripts\cmake.EXE --install C:\ws\techical_test_ROS\build\rl_pkg --config Release[0m
[9.753s] [34mcolcon.colcon_core.environment[0m [1;30mLevel 1[0m create_environment_scripts_only(rl_pkg)
[9.756s] [34mcolcon.colcon_core.event_handler.log_command[0m [1;30mDEBUG[0m [32mInvoked command in 'C:\ws\techical_test_ROS\build\rl_pkg' returned '0': C:\opt\ros\foxy\x64\Scripts\cmake.EXE --install C:\ws\techical_test_ROS\build\rl_pkg --config Release[0m
[9.773s] [34mcolcon.colcon_core.environment[0m [1;30mLevel 1[0m checking 'C:\ws\techical_test_ROS\install\rl_pkg' for CMake module files
[9.775s] [34mcolcon.colcon_core.environment[0m [1;30mLevel 1[0m checking 'C:\ws\techical_test_ROS\install\rl_pkg' for CMake config files
[9.776s] [34mcolcon.colcon_core.shell[0m [1;30mLevel 1[0m create_environment_hook('rl_pkg', 'cmake_prefix_path')
[9.783s] [34mcolcon.colcon_core.shell[0m [1;30mINFO[0m Creating environment hook 'C:\ws\techical_test_ROS\install\rl_pkg\share\rl_pkg\hook\cmake_prefix_path.ps1'
[9.786s] [34mcolcon.colcon_core.shell[0m [1;30mINFO[0m Creating environment hook 'C:\ws\techical_test_ROS\install\rl_pkg\share\rl_pkg\hook\cmake_prefix_path.bat'
[9.788s] [34mcolcon.colcon_core.shell[0m [1;30mINFO[0m Creating environment descriptor 'C:\ws\techical_test_ROS\install\rl_pkg\share\rl_pkg\hook\cmake_prefix_path.dsv'
[9.789s] [34mcolcon.colcon_core.environment[0m [1;30mLevel 1[0m checking 'C:\ws\techical_test_ROS\install\rl_pkg\bin'
[9.790s] [34mcolcon.colcon_core.environment[0m [1;30mLevel 1[0m checking 'C:\ws\techical_test_ROS\install\rl_pkg\bin'
[9.790s] [34mcolcon.colcon_core.environment[0m [1;30mLevel 1[0m checking 'C:\ws\techical_test_ROS\install\rl_pkg\Scripts'
[9.790s] [34mcolcon.colcon_core.environment[0m [1;30mLevel 1[0m checking 'C:\ws\techical_test_ROS\install\rl_pkg\lib\pkgconfig\rl_pkg.pc'
[9.790s] [34mcolcon.colcon_core.environment[0m [1;30mLevel 1[0m checking 'C:\ws\techical_test_ROS\install\rl_pkg\Lib\site-packages'
[9.798s] [34mcolcon.colcon_core.shell[0m [1;30mINFO[0m Creating package script 'C:\ws\techical_test_ROS\install\rl_pkg\share\rl_pkg\package.ps1'
[9.801s] [34mcolcon.colcon_core.shell[0m [1;30mINFO[0m Creating package script 'C:\ws\techical_test_ROS\install\rl_pkg\share\rl_pkg\package.bat'
[9.803s] [34mcolcon.colcon_core.shell[0m [1;30mINFO[0m Creating package descriptor 'C:\ws\techical_test_ROS\install\rl_pkg\share\rl_pkg\package.dsv'
[9.804s] [34mcolcon.colcon_core.environment[0m [1;30mLevel 1[0m create_file_with_runtime_dependencies(C:\ws\techical_test_ROS\install\rl_pkg\share\colcon-core\packages\rl_pkg)
[9.815s] [34mcolcon.colcon_core.environment[0m [1;30mLevel 1[0m create_environment_scripts_only(rl_pkg)
[9.826s] [34mcolcon.colcon_core.environment[0m [1;30mLevel 1[0m checking 'C:\ws\techical_test_ROS\install\rl_pkg' for CMake module files
[9.828s] [34mcolcon.colcon_core.environment[0m [1;30mLevel 1[0m checking 'C:\ws\techical_test_ROS\install\rl_pkg' for CMake config files
[9.830s] [34mcolcon.colcon_core.shell[0m [1;30mLevel 1[0m create_environment_hook('rl_pkg', 'cmake_prefix_path')
[9.838s] [34mcolcon.colcon_core.shell[0m [1;30mINFO[0m Creating environment hook 'C:\ws\techical_test_ROS\install\rl_pkg\share\rl_pkg\hook\cmake_prefix_path.ps1'
[9.839s] [34mcolcon.colcon_core.shell[0m [1;30mINFO[0m Creating environment hook 'C:\ws\techical_test_ROS\install\rl_pkg\share\rl_pkg\hook\cmake_prefix_path.bat'
[9.841s] [34mcolcon.colcon_core.shell[0m [1;30mINFO[0m Creating environment descriptor 'C:\ws\techical_test_ROS\install\rl_pkg\share\rl_pkg\hook\cmake_prefix_path.dsv'
[9.842s] [34mcolcon.colcon_core.environment[0m [1;30mLevel 1[0m checking 'C:\ws\techical_test_ROS\install\rl_pkg\bin'
[9.842s] [34mcolcon.colcon_core.environment[0m [1;30mLevel 1[0m checking 'C:\ws\techical_test_ROS\install\rl_pkg\bin'
[9.842s] [34mcolcon.colcon_core.environment[0m [1;30mLevel 1[0m checking 'C:\ws\techical_test_ROS\install\rl_pkg\Scripts'
[9.842s] [34mcolcon.colcon_core.environment[0m [1;30mLevel 1[0m checking 'C:\ws\techical_test_ROS\install\rl_pkg\lib\pkgconfig\rl_pkg.pc'
[9.842s] [34mcolcon.colcon_core.environment[0m [1;30mLevel 1[0m checking 'C:\ws\techical_test_ROS\install\rl_pkg\Lib\site-packages'
[9.850s] [34mcolcon.colcon_core.shell[0m [1;30mINFO[0m Creating package script 'C:\ws\techical_test_ROS\install\rl_pkg\share\rl_pkg\package.ps1'
[9.851s] [34mcolcon.colcon_core.shell[0m [1;30mINFO[0m Creating package script 'C:\ws\techical_test_ROS\install\rl_pkg\share\rl_pkg\package.bat'
[9.853s] [34mcolcon.colcon_core.shell[0m [1;30mINFO[0m Creating package descriptor 'C:\ws\techical_test_ROS\install\rl_pkg\share\rl_pkg\package.dsv'
[9.854s] [34mcolcon.colcon_core.environment[0m [1;30mLevel 1[0m create_file_with_runtime_dependencies(C:\ws\techical_test_ROS\install\rl_pkg\share\colcon-core\packages\rl_pkg)
[9.855s] [34mcolcon.colcon_parallel_executor.executor.parallel[0m [1;30mDEBUG[0m [32mrun_until_complete finished with '0'[0m
[9.855s] [34mcolcon.colcon_core.event_reactor[0m [1;30mDEBUG[0m [32mjoining thread[0m
[9.870s] [34mcolcon.colcon_core.plugin_system[0m [1;30mINFO[0m Skipping extension 'colcon_notification.desktop_notification.notify2': 'notify2' not found
[9.870s] [34mcolcon.colcon_core.plugin_system[0m [1;30mINFO[0m Skipping extension 'colcon_notification.desktop_notification.notify_send': Not used on non-Linux systems
[9.870s] [34mcolcon.colcon_core.plugin_system[0m [1;30mINFO[0m Skipping extension 'colcon_notification.desktop_notification.terminal_notifier': Not used on non-Darwin systems
[9.870s] [34mcolcon.colcon_notification.desktop_notification[0m [1;30mINFO[0m Sending desktop notification using 'win32'
[14.938s] [34mcolcon.colcon_core.event_reactor[0m [1;30mDEBUG[0m [32mjoined thread[0m
[14.946s] [34mcolcon.colcon_core.shell[0m [1;30mINFO[0m Creating prefix script 'C:\ws\techical_test_ROS\install\local_setup.ps1'
[14.954s] [34mcolcon.colcon_core.shell[0m [1;30mINFO[0m Creating prefix util module 'C:\ws\techical_test_ROS\install\_local_setup_util_ps1.py'
[14.958s] [34mcolcon.colcon_core.shell[0m [1;30mINFO[0m Creating prefix chain script 'C:\ws\techical_test_ROS\install\setup.ps1'
[14.969s] [34mcolcon.colcon_core.shell[0m [1;30mINFO[0m Creating prefix script 'C:\ws\techical_test_ROS\install\local_setup.bat'
[14.971s] [34mcolcon.colcon_core.shell[0m [1;30mINFO[0m Creating prefix util module 'C:\ws\techical_test_ROS\install\_local_setup_util_bat.py'
[14.973s] [34mcolcon.colcon_core.shell[0m [1;30mINFO[0m Creating prefix chain script 'C:\ws\techical_test_ROS\install\setup.bat'
