[0.203s] Invoking command in 'C:\ws\techical_test_ROS\build\radar_pkg': C:\opt\ros\foxy\x64\Scripts\cmake.EXE C:\ws\techical_test_ROS\radar_ws\src\radar_pkg -DCMAKE_INSTALL_PREFIX=C:\ws\techical_test_ROS\install\radar_pkg
[0.343s] -- Selecting Windows SDK version 10.0.22621.0 to target Windows 10.0.19045.
[0.390s] -- Found ament_cmake: 0.9.9 (C:/opt/ros/foxy/x64/share/ament_cmake/cmake)
[0.484s] -- Using PYTHON_EXECUTABLE: C:/msys64/mingw64/bin/python3.exe
[0.984s] -- Found rclcpp: 2.4.0 (C:/opt/ros/foxy/x64/share/rclcpp/cmake)
[1.093s] -- Using all available rosidl_typesupport_c: rosidl_typesupport_fastrtps_c;rosidl_typesupport_introspection_c
[1.109s] -- Found rosidl_adapter: 1.2.1 (C:/opt/ros/foxy/x64/share/rosidl_adapter/cmake)
[2.406s] -- Using all available rosidl_typesupport_cpp: rosidl_typesupport_fastrtps_cpp;rosidl_typesupport_introspection_cpp
[2.578s] -- Found rmw_implementation_cmake: 1.0.3 (C:/opt/ros/foxy/x64/share/rmw_implementation_cmake/cmake)
[2.578s] -- Using RMW implementation 'rmw_fastrtps_cpp' as default
[2.812s] -- Found ament_lint_auto: 0.9.6 (C:/opt/ros/foxy/x64/share/ament_lint_auto/cmake)
[3.015s] -- Added test 'copyright' to check source files copyright and LICENSE
[3.031s] -- Added test 'cppcheck' to perform static code analysis on C / C++ code
[3.031s] -- Configured cppcheck include dirs: C:/ws/techical_test_ROS/radar_ws/src/radar_pkg/include
[3.031s] -- Configured cppcheck exclude dirs and/or files: 
[3.031s] -- Added test 'cpplint' to check C / C++ code against the Google style
[3.031s] -- Configured cpplint exclude dirs and/or files: 
[3.047s] -- Added test 'lint_cmake' to check CMake code style
[3.047s] -- Added test 'uncrustify' to check C / C++ code style
[3.047s] -- Configured uncrustify additional arguments: 
[3.047s] -- Added test 'xmllint' to check XML markup files
[3.140s] -- Configuring done
[3.562s] -- Generating done
[3.578s] -- Build files have been written to: C:/ws/techical_test_ROS/build/radar_pkg
[3.593s] Invoked command in 'C:\ws\techical_test_ROS\build\radar_pkg' returned '0': C:\opt\ros\foxy\x64\Scripts\cmake.EXE C:\ws\techical_test_ROS\radar_ws\src\radar_pkg -DCMAKE_INSTALL_PREFIX=C:\ws\techical_test_ROS\install\radar_pkg
[3.593s] Invoking command in 'C:\ws\techical_test_ROS\build\radar_pkg': CL=/MP C:\opt\ros\foxy\x64\Scripts\cmake.EXE --build C:\ws\techical_test_ROS\build\radar_pkg --config Release
[3.859s] Microsoft (R) Build Engine version 16.11.2+f32259642 for .NET Framework
[3.859s] Copyright (C) Microsoft Corporation. All rights reserved.
[3.859s] 
[4.593s]   main.vcxproj -> C:\ws\techical_test_ROS\build\radar_pkg\Release\main.exe
[4.687s] Invoked command in 'C:\ws\techical_test_ROS\build\radar_pkg' returned '0': CL=/MP C:\opt\ros\foxy\x64\Scripts\cmake.EXE --build C:\ws\techical_test_ROS\build\radar_pkg --config Release
[4.843s] Invoking command in 'C:\ws\techical_test_ROS\build\radar_pkg': C:\opt\ros\foxy\x64\Scripts\cmake.EXE --install C:\ws\techical_test_ROS\build\radar_pkg --config Release
[4.984s] -- Up-to-date: C:/ws/techical_test_ROS/install/radar_pkg/bin/main.exe
[5.000s] -- Up-to-date: C:/ws/techical_test_ROS/install/radar_pkg/lib/radar_pkg/main.exe
[5.000s] -- Up-to-date: C:/ws/techical_test_ROS/install/radar_pkg/share/ament_index/resource_index/package_run_dependencies/radar_pkg
[5.015s] -- Installing: C:/ws/techical_test_ROS/install/radar_pkg/share/ament_index/resource_index/parent_prefix_path/radar_pkg
[5.031s] -- Up-to-date: C:/ws/techical_test_ROS/install/radar_pkg/share/radar_pkg/environment/ament_prefix_path.bat
[5.031s] -- Installing: C:/ws/techical_test_ROS/install/radar_pkg/share/radar_pkg/environment/ament_prefix_path.dsv
[5.031s] -- Up-to-date: C:/ws/techical_test_ROS/install/radar_pkg/share/radar_pkg/environment/path.bat
[5.031s] -- Installing: C:/ws/techical_test_ROS/install/radar_pkg/share/radar_pkg/environment/path.dsv
[5.047s] -- Up-to-date: C:/ws/techical_test_ROS/install/radar_pkg/share/radar_pkg/local_setup.bat
[5.047s] -- Installing: C:/ws/techical_test_ROS/install/radar_pkg/share/radar_pkg/local_setup.dsv
[5.047s] -- Installing: C:/ws/techical_test_ROS/install/radar_pkg/share/radar_pkg/package.dsv
[5.047s] -- Up-to-date: C:/ws/techical_test_ROS/install/radar_pkg/share/ament_index/resource_index/packages/radar_pkg
[5.047s] -- Up-to-date: C:/ws/techical_test_ROS/install/radar_pkg/share/radar_pkg/cmake/radar_pkgConfig.cmake
[5.047s] -- Up-to-date: C:/ws/techical_test_ROS/install/radar_pkg/share/radar_pkg/cmake/radar_pkgConfig-version.cmake
[5.047s] -- Up-to-date: C:/ws/techical_test_ROS/install/radar_pkg/share/radar_pkg/package.xml
[5.062s] Invoked command in 'C:\ws\techical_test_ROS\build\radar_pkg' returned '0': C:\opt\ros\foxy\x64\Scripts\cmake.EXE --install C:\ws\techical_test_ROS\build\radar_pkg --config Release
