[0.094s] Invoking command in 'C:\radar_ws\build\radar_pkg': C:\opt\ros\foxy\x64\Scripts\cmake.EXE C:\radar_ws\src\radar_pkg -DCMAKE_INSTALL_PREFIX=C:\radar_ws\install\radar_pkg
[0.235s] -- Selecting Windows SDK version 10.0.22621.0 to target Windows 10.0.19045.
[0.250s] -- Found ament_cmake: 0.9.9 (C:/opt/ros/foxy/x64/share/ament_cmake/cmake)
[0.328s] -- Using PYTHON_EXECUTABLE: C:/msys64/mingw64/bin/python3.exe
[0.813s] -- Found rclcpp: 2.4.0 (C:/opt/ros/foxy/x64/share/rclcpp/cmake)
[0.907s] -- Using all available rosidl_typesupport_c: rosidl_typesupport_fastrtps_c;rosidl_typesupport_introspection_c
[0.922s] -- Found rosidl_adapter: 1.2.1 (C:/opt/ros/foxy/x64/share/rosidl_adapter/cmake)
[2.063s] -- Using all available rosidl_typesupport_cpp: rosidl_typesupport_fastrtps_cpp;rosidl_typesupport_introspection_cpp
[2.203s] -- Found rmw_implementation_cmake: 1.0.3 (C:/opt/ros/foxy/x64/share/rmw_implementation_cmake/cmake)
[2.219s] -- Using RMW implementation 'rmw_fastrtps_cpp' as default
[2.453s] -- Found ament_lint_auto: 0.9.6 (C:/opt/ros/foxy/x64/share/ament_lint_auto/cmake)
[2.641s] -- Added test 'copyright' to check source files copyright and LICENSE
[2.657s] -- Added test 'cppcheck' to perform static code analysis on C / C++ code
[2.657s] -- Configured cppcheck include dirs: C:/radar_ws/src/radar_pkg/include
[2.657s] -- Configured cppcheck exclude dirs and/or files: 
[2.672s] -- Added test 'cpplint' to check C / C++ code against the Google style
[2.672s] -- Configured cpplint exclude dirs and/or files: 
[2.672s] -- Added test 'lint_cmake' to check CMake code style
[2.688s] -- Added test 'uncrustify' to check C / C++ code style
[2.688s] -- Configured uncrustify additional arguments: 
[2.688s] -- Added test 'xmllint' to check XML markup files
[2.750s] -- Configuring done
[3.125s] -- Generating done
[3.141s] -- Build files have been written to: C:/radar_ws/build/radar_pkg
[3.157s] Invoked command in 'C:\radar_ws\build\radar_pkg' returned '0': C:\opt\ros\foxy\x64\Scripts\cmake.EXE C:\radar_ws\src\radar_pkg -DCMAKE_INSTALL_PREFIX=C:\radar_ws\install\radar_pkg
[3.157s] Invoking command in 'C:\radar_ws\build\radar_pkg': CL=/MP C:\opt\ros\foxy\x64\Scripts\cmake.EXE --build C:\radar_ws\build\radar_pkg --config Release
[3.407s] Microsoft (R) Build Engine version 16.11.2+f32259642 for .NET Framework
[3.407s] Copyright (C) Microsoft Corporation. All rights reserved.
[3.407s] 
[4.313s]   main.cpp
[5.375s]   main.vcxproj -> C:\radar_ws\build\radar_pkg\Release\main.exe
[5.453s] Invoked command in 'C:\radar_ws\build\radar_pkg' returned '0': CL=/MP C:\opt\ros\foxy\x64\Scripts\cmake.EXE --build C:\radar_ws\build\radar_pkg --config Release
[5.610s] Invoking command in 'C:\radar_ws\build\radar_pkg': C:\opt\ros\foxy\x64\Scripts\cmake.EXE --install C:\radar_ws\build\radar_pkg --config Release
[5.766s] -- Installing: C:/radar_ws/install/radar_pkg/bin/main.exe
[5.782s] -- Installing: C:/radar_ws/install/radar_pkg/lib/radar_pkg/main.exe
[5.782s] -- Up-to-date: C:/radar_ws/install/radar_pkg/share/ament_index/resource_index/package_run_dependencies/radar_pkg
[5.782s] -- Installing: C:/radar_ws/install/radar_pkg/share/ament_index/resource_index/parent_prefix_path/radar_pkg
[5.782s] -- Up-to-date: C:/radar_ws/install/radar_pkg/share/radar_pkg/environment/ament_prefix_path.bat
[5.782s] -- Installing: C:/radar_ws/install/radar_pkg/share/radar_pkg/environment/ament_prefix_path.dsv
[5.797s] -- Up-to-date: C:/radar_ws/install/radar_pkg/share/radar_pkg/environment/path.bat
[5.797s] -- Installing: C:/radar_ws/install/radar_pkg/share/radar_pkg/environment/path.dsv
[5.797s] -- Up-to-date: C:/radar_ws/install/radar_pkg/share/radar_pkg/local_setup.bat
[5.797s] -- Installing: C:/radar_ws/install/radar_pkg/share/radar_pkg/local_setup.dsv
[5.797s] -- Installing: C:/radar_ws/install/radar_pkg/share/radar_pkg/package.dsv
[5.797s] -- Up-to-date: C:/radar_ws/install/radar_pkg/share/ament_index/resource_index/packages/radar_pkg
[5.797s] -- Up-to-date: C:/radar_ws/install/radar_pkg/share/radar_pkg/cmake/radar_pkgConfig.cmake
[5.797s] -- Up-to-date: C:/radar_ws/install/radar_pkg/share/radar_pkg/cmake/radar_pkgConfig-version.cmake
[5.797s] -- Up-to-date: C:/radar_ws/install/radar_pkg/share/radar_pkg/package.xml
[5.813s] Invoked command in 'C:\radar_ws\build\radar_pkg' returned '0': C:\opt\ros\foxy\x64\Scripts\cmake.EXE --install C:\radar_ws\build\radar_pkg --config Release
