[0.109s] Invoking command in 'C:\ws\techical_test_ROS\build\rl_pkg': C:\opt\ros\foxy\x64\Scripts\cmake.EXE C:\ws\techical_test_ROS\rl_ws\src\rl_pkg -DCMAKE_INSTALL_PREFIX=C:\ws\techical_test_ROS\install\rl_pkg -G Visual Studio 16 2019
[0.250s] -- Selecting Windows SDK version 10.0.22621.0 to target Windows 10.0.19045.
[2.313s] -- The C compiler identification is MSVC 19.29.30152.0
[3.484s] -- The CXX compiler identification is MSVC 19.29.30152.0
[3.563s] -- Detecting C compiler ABI info
[4.703s] -- Detecting C compiler ABI info - done
[4.719s] -- Check for working C compiler: C:/Program Files (x86)/Microsoft Visual Studio/2019/Community/VC/Tools/MSVC/14.29.30133/bin/Hostx64/x64/cl.exe - skipped
[4.719s] -- Detecting C compile features
[4.719s] -- Detecting C compile features - done
[4.734s] -- Detecting CXX compiler ABI info
[6.000s] -- Detecting CXX compiler ABI info - done
[6.016s] -- Check for working CXX compiler: C:/Program Files (x86)/Microsoft Visual Studio/2019/Community/VC/Tools/MSVC/14.29.30133/bin/Hostx64/x64/cl.exe - skipped
[6.016s] -- Detecting CXX compile features
[6.016s] -- Detecting CXX compile features - done
[6.047s] -- Found ament_cmake: 0.9.9 (C:/opt/ros/foxy/x64/share/ament_cmake/cmake)
[6.219s] -- Found PythonInterp: C:/msys64/mingw64/bin/python3.exe (found suitable version "3.9.6", minimum required is "3") 
[6.219s] -- Using PYTHON_EXECUTABLE: C:/msys64/mingw64/bin/python3.exe
[7.047s] -- Found rclcpp: 2.4.0 (C:/opt/ros/foxy/x64/share/rclcpp/cmake)
[7.313s] -- Using all available rosidl_typesupport_c: rosidl_typesupport_fastrtps_c;rosidl_typesupport_introspection_c
[7.391s] -- Found rosidl_adapter: 1.2.1 (C:/opt/ros/foxy/x64/share/rosidl_adapter/cmake)
[7.859s] -- Found OpenSSL: C:/opt/ros/foxy/x64/Lib/libcrypto.lib (found version "1.1.1g")  
[8.141s] -- Found FastRTPS: C:/opt/ros/foxy/x64/include  
[8.859s] -- Using all available rosidl_typesupport_cpp: rosidl_typesupport_fastrtps_cpp;rosidl_typesupport_introspection_cpp
[9.141s] -- Found rmw_implementation_cmake: 1.0.3 (C:/opt/ros/foxy/x64/share/rmw_implementation_cmake/cmake)
[9.141s] -- Using RMW implementation 'rmw_fastrtps_cpp' as default
[9.156s] -- Looking for pthread.h
[9.953s] -- Looking for pthread.h - not found
[9.953s] -- Found Threads: TRUE  
[10.313s] -- Found ament_lint_auto: 0.9.6 (C:/opt/ros/foxy/x64/share/ament_lint_auto/cmake)
[10.688s] -- Added test 'copyright' to check source files copyright and LICENSE
[10.719s] -- Added test 'cppcheck' to perform static code analysis on C / C++ code
[10.719s] -- Configured cppcheck include dirs: C:/ws/techical_test_ROS/rl_ws/src/rl_pkg/include
[10.719s] -- Configured cppcheck exclude dirs and/or files: 
[10.734s] -- Added test 'cpplint' to check C / C++ code against the Google style
[10.734s] -- Configured cpplint exclude dirs and/or files: 
[10.750s] -- Added test 'lint_cmake' to check CMake code style
[10.766s] -- Added test 'uncrustify' to check C / C++ code style
[10.766s] -- Configured uncrustify additional arguments: 
[10.781s] -- Added test 'xmllint' to check XML markup files
[10.859s] -- Configuring done
[11.125s] -- Generating done
[11.141s] -- Build files have been written to: C:/ws/techical_test_ROS/build/rl_pkg
[11.188s] Invoked command in 'C:\ws\techical_test_ROS\build\rl_pkg' returned '0': C:\opt\ros\foxy\x64\Scripts\cmake.EXE C:\ws\techical_test_ROS\rl_ws\src\rl_pkg -DCMAKE_INSTALL_PREFIX=C:\ws\techical_test_ROS\install\rl_pkg -G Visual Studio 16 2019
[11.188s] Invoking command in 'C:\ws\techical_test_ROS\build\rl_pkg': CL=/MP C:\opt\ros\foxy\x64\Scripts\cmake.EXE --build C:\ws\techical_test_ROS\build\rl_pkg --config Release
[11.484s] Microsoft (R) Build Engine version 16.11.2+f32259642 for .NET Framework
[11.484s] Copyright (C) Microsoft Corporation. All rights reserved.
[11.484s] 
[12.063s]   Checking Build System
[12.375s]   Building Custom Rule C:/ws/techical_test_ROS/rl_ws/src/rl_pkg/CMakeLists.txt
[12.594s]   main.cpp
[12.984s] C:\ws\techical_test_ROS\rl_ws\src\rl_pkg\src\main.cpp(30,24): warning C4267: 'initialisation'ÿ: conversion de 'size_t' en 'int', perte possible de donn‚es [C:\ws\techical_test_ROS\build\rl_pkg\main.vcxproj]
[13.531s]   main.vcxproj -> C:\ws\techical_test_ROS\build\rl_pkg\Release\main.exe
[13.609s]   Building Custom Rule C:/ws/techical_test_ROS/rl_ws/src/rl_pkg/CMakeLists.txt
[13.734s] Invoked command in 'C:\ws\techical_test_ROS\build\rl_pkg' returned '0': CL=/MP C:\opt\ros\foxy\x64\Scripts\cmake.EXE --build C:\ws\techical_test_ROS\build\rl_pkg --config Release
[13.875s] Invoking command in 'C:\ws\techical_test_ROS\build\rl_pkg': C:\opt\ros\foxy\x64\Scripts\cmake.EXE --install C:\ws\techical_test_ROS\build\rl_pkg --config Release
[14.031s] -- Installing: C:/ws/techical_test_ROS/install/rl_pkg/bin/main.exe
[14.031s] -- Installing: C:/ws/techical_test_ROS/install/rl_pkg/lib/rl_pkg/main.exe
[14.031s] -- Installing: C:/ws/techical_test_ROS/install/rl_pkg/share/ament_index/resource_index/package_run_dependencies/rl_pkg
[14.047s] -- Installing: C:/ws/techical_test_ROS/install/rl_pkg/share/ament_index/resource_index/parent_prefix_path/rl_pkg
[14.047s] -- Installing: C:/ws/techical_test_ROS/install/rl_pkg/share/rl_pkg/environment/ament_prefix_path.bat
[14.047s] -- Installing: C:/ws/techical_test_ROS/install/rl_pkg/share/rl_pkg/environment/ament_prefix_path.dsv
[14.047s] -- Installing: C:/ws/techical_test_ROS/install/rl_pkg/share/rl_pkg/environment/path.bat
[14.063s] -- Installing: C:/ws/techical_test_ROS/install/rl_pkg/share/rl_pkg/environment/path.dsv
[14.063s] -- Installing: C:/ws/techical_test_ROS/install/rl_pkg/share/rl_pkg/local_setup.bat
[14.063s] -- Installing: C:/ws/techical_test_ROS/install/rl_pkg/share/rl_pkg/local_setup.dsv
[14.063s] -- Installing: C:/ws/techical_test_ROS/install/rl_pkg/share/rl_pkg/package.dsv
[14.078s] -- Installing: C:/ws/techical_test_ROS/install/rl_pkg/share/ament_index/resource_index/packages/rl_pkg
[14.078s] -- Installing: C:/ws/techical_test_ROS/install/rl_pkg/share/rl_pkg/cmake/rl_pkgConfig.cmake
[14.078s] -- Installing: C:/ws/techical_test_ROS/install/rl_pkg/share/rl_pkg/cmake/rl_pkgConfig-version.cmake
[14.078s] -- Installing: C:/ws/techical_test_ROS/install/rl_pkg/share/rl_pkg/package.xml
[14.094s] Invoked command in 'C:\ws\techical_test_ROS\build\rl_pkg' returned '0': C:\opt\ros\foxy\x64\Scripts\cmake.EXE --install C:\ws\techical_test_ROS\build\rl_pkg --config Release
