[1.777s] colcon DEBUG Command line arguments: ['C:\\opt\\ros\\foxy\\x64\\Scripts\\colcon', 'list', '-p', '--base-paths', 'c:\\radar_ws']
[1.777s] colcon DEBUG Parsed command line arguments: Namespace(base_paths=['c:\\radar_ws'], build_base='build', ignore_user_meta=False, log_base=None, log_level=None, main=<bound method ListVerb.main of <colcon_package_information.verb.list.ListVerb object at 0x0000011CBA7AF820>>, metas=['./colcon.meta'], names_only=False, packages_above=None, packages_above_and_dependencies=None, packages_above_depth=None, packages_end=None, packages_ignore=None, packages_ignore_regex=None, packages_select=None, packages_select_build_failed=False, packages_select_by_dep=None, packages_select_regex=None, packages_select_test_failures=False, packages_skip=None, packages_skip_build_finished=False, packages_skip_by_dep=None, packages_skip_regex=None, packages_skip_test_passed=False, packages_skip_up_to=None, packages_start=None, packages_up_to=None, packages_up_to_regex=None, paths=None, paths_only=True, topological_graph=False, topological_graph_density=False, topological_graph_dot=False, topological_graph_dot_cluster=False, topological_graph_dot_include_skipped=False, topological_graph_legend=False, topological_order=False, verb_extension=<colcon_package_information.verb.list.ListVerb object at 0x0000011CBA7AF820>, verb_name='list', verb_parser=<colcon_defaults.argument_parser.defaults.DefaultArgumentsDecorator object at 0x0000011CBA964220>)
[2.024s] colcon.colcon_core.package_discovery Level 1 discover_packages(colcon_meta) check parameters
[2.024s] colcon.colcon_core.package_discovery Level 1 discover_packages(recursive) check parameters
[2.025s] colcon.colcon_core.package_discovery Level 1 discover_packages(ignore) check parameters
[2.025s] colcon.colcon_core.package_discovery Level 1 discover_packages(path) check parameters
[2.025s] colcon.colcon_core.package_discovery Level 1 discover_packages(recursive) discover
[2.025s] colcon.colcon_core.package_discovery INFO Crawling recursively for packages in 'c:\radar_ws'
[2.025s] colcon.colcon_core.package_identification Level 1 _identify(c:\radar_ws) by extensions ['ignore', 'ignore_ament_install']
[2.026s] colcon.colcon_core.package_identification Level 1 _identify(c:\radar_ws) by extension 'ignore'
[2.026s] colcon.colcon_core.package_identification Level 1 _identify(c:\radar_ws) by extension 'ignore_ament_install'
[2.026s] colcon.colcon_core.package_identification Level 1 _identify(c:\radar_ws) by extensions ['colcon_pkg']
[2.026s] colcon.colcon_core.package_identification Level 1 _identify(c:\radar_ws) by extension 'colcon_pkg'
[2.026s] colcon.colcon_core.package_identification Level 1 _identify(c:\radar_ws) by extensions ['colcon_meta']
[2.026s] colcon.colcon_core.package_identification Level 1 _identify(c:\radar_ws) by extension 'colcon_meta'
[2.027s] colcon.colcon_core.package_identification Level 1 _identify(c:\radar_ws) by extensions ['ros']
[2.027s] colcon.colcon_core.package_identification Level 1 _identify(c:\radar_ws) by extension 'ros'
[2.057s] colcon.colcon_core.package_identification Level 1 _identify(c:\radar_ws) by extensions ['cmake', 'python']
[2.057s] colcon.colcon_core.package_identification Level 1 _identify(c:\radar_ws) by extension 'cmake'
[2.058s] colcon.colcon_core.package_identification Level 1 _identify(c:\radar_ws) by extension 'python'
[2.058s] colcon.colcon_core.package_identification Level 1 _identify(c:\radar_ws) by extensions ['python_setup_py']
[2.058s] colcon.colcon_core.package_identification Level 1 _identify(c:\radar_ws) by extension 'python_setup_py'
[2.058s] colcon.colcon_core.package_identification Level 1 _identify(c:\radar_ws\log) by extensions ['ignore', 'ignore_ament_install']
[2.059s] colcon.colcon_core.package_identification Level 1 _identify(c:\radar_ws\log) by extension 'ignore'
[2.059s] colcon.colcon_core.package_identification Level 1 _identify(c:\radar_ws\log) ignored
[2.059s] colcon.colcon_core.package_identification Level 1 _identify(c:\radar_ws\src) by extensions ['ignore', 'ignore_ament_install']
[2.059s] colcon.colcon_core.package_identification Level 1 _identify(c:\radar_ws\src) by extension 'ignore'
[2.059s] colcon.colcon_core.package_identification Level 1 _identify(c:\radar_ws\src) by extension 'ignore_ament_install'
[2.060s] colcon.colcon_core.package_identification Level 1 _identify(c:\radar_ws\src) by extensions ['colcon_pkg']
[2.060s] colcon.colcon_core.package_identification Level 1 _identify(c:\radar_ws\src) by extension 'colcon_pkg'
[2.060s] colcon.colcon_core.package_identification Level 1 _identify(c:\radar_ws\src) by extensions ['colcon_meta']
[2.060s] colcon.colcon_core.package_identification Level 1 _identify(c:\radar_ws\src) by extension 'colcon_meta'
[2.060s] colcon.colcon_core.package_identification Level 1 _identify(c:\radar_ws\src) by extensions ['ros']
[2.060s] colcon.colcon_core.package_identification Level 1 _identify(c:\radar_ws\src) by extension 'ros'
[2.060s] colcon.colcon_core.package_identification Level 1 _identify(c:\radar_ws\src) by extensions ['cmake', 'python']
[2.061s] colcon.colcon_core.package_identification Level 1 _identify(c:\radar_ws\src) by extension 'cmake'
[2.061s] colcon.colcon_core.package_identification Level 1 _identify(c:\radar_ws\src) by extension 'python'
[2.061s] colcon.colcon_core.package_identification Level 1 _identify(c:\radar_ws\src) by extensions ['python_setup_py']
[2.061s] colcon.colcon_core.package_identification Level 1 _identify(c:\radar_ws\src) by extension 'python_setup_py'
[2.061s] colcon.colcon_core.package_identification Level 1 _identify(c:\radar_ws\src\radar_pkg) by extensions ['ignore', 'ignore_ament_install']
[2.061s] colcon.colcon_core.package_identification Level 1 _identify(c:\radar_ws\src\radar_pkg) by extension 'ignore'
[2.062s] colcon.colcon_core.package_identification Level 1 _identify(c:\radar_ws\src\radar_pkg) by extension 'ignore_ament_install'
[2.062s] colcon.colcon_core.package_identification Level 1 _identify(c:\radar_ws\src\radar_pkg) by extensions ['colcon_pkg']
[2.062s] colcon.colcon_core.package_identification Level 1 _identify(c:\radar_ws\src\radar_pkg) by extension 'colcon_pkg'
[2.062s] colcon.colcon_core.package_identification Level 1 _identify(c:\radar_ws\src\radar_pkg) by extensions ['colcon_meta']
[2.062s] colcon.colcon_core.package_identification Level 1 _identify(c:\radar_ws\src\radar_pkg) by extension 'colcon_meta'
[2.062s] colcon.colcon_core.package_identification Level 1 _identify(c:\radar_ws\src\radar_pkg) by extensions ['ros']
[2.062s] colcon.colcon_core.package_identification Level 1 _identify(c:\radar_ws\src\radar_pkg) by extension 'ros'
[2.068s] colcon.colcon_core.package_identification DEBUG Package 'c:\radar_ws\src\radar_pkg' with type 'ros.ament_cmake' and name 'radar_pkg'
[2.068s] colcon.colcon_core.package_discovery Level 1 discover_packages(recursive) using defaults
