[0.422s] Invoking command in 'C:\radar_ws\build\radar_pkg': C:\opt\ros\foxy\x64\Scripts\cmake.EXE C:\radar_ws\src\radar_pkg -DCMAKE_INSTALL_PREFIX=C:\radar_ws\install\radar_pkg -G Visual Studio 16 2019
[0.578s] -- Selecting Windows SDK version 10.0.22621.0 to target Windows 10.0.19045.
[2.531s] -- The C compiler identification is MSVC 19.29.30152.0
[3.703s] -- The CXX compiler identification is MSVC 19.29.30152.0
[3.766s] -- Detecting C compiler ABI info
[4.844s] -- Detecting C compiler ABI info - done
[4.875s] -- Check for working C compiler: C:/Program Files (x86)/Microsoft Visual Studio/2019/Community/VC/Tools/MSVC/14.29.30133/bin/Hostx64/x64/cl.exe - skipped
[4.875s] -- Detecting C compile features
[4.875s] -- Detecting C compile features - done
[4.891s] -- Detecting CXX compiler ABI info
[5.938s] -- Detecting CXX compiler ABI info - done
[5.969s] -- Check for working CXX compiler: C:/Program Files (x86)/Microsoft Visual Studio/2019/Community/VC/Tools/MSVC/14.29.30133/bin/Hostx64/x64/cl.exe - skipped
[5.969s] -- Detecting CXX compile features
[5.969s] -- Detecting CXX compile features - done
[6.000s] -- Found ament_cmake: 0.9.9 (C:/opt/ros/foxy/x64/share/ament_cmake/cmake)
[6.156s] -- Found PythonInterp: C:/msys64/mingw64/bin/python3.exe (found suitable version "3.9.6", minimum required is "3") 
[6.156s] -- Using PYTHON_EXECUTABLE: C:/msys64/mingw64/bin/python3.exe
[6.860s] -- Found ament_lint_auto: 0.9.6 (C:/opt/ros/foxy/x64/share/ament_lint_auto/cmake)
[7.219s] -- Added test 'copyright' to check source files copyright and LICENSE
[7.235s] -- Added test 'cppcheck' to perform static code analysis on C / C++ code
[7.235s] -- Configured cppcheck include dirs: 
[7.235s] -- Configured cppcheck exclude dirs and/or files: 
[7.250s] -- Added test 'cpplint' to check C / C++ code against the Google style
[7.250s] -- Configured cpplint exclude dirs and/or files: 
[7.266s] -- Added test 'lint_cmake' to check CMake code style
[7.281s] -- Added test 'uncrustify' to check C / C++ code style
[7.281s] -- Configured uncrustify additional arguments: 
[7.281s] -- Added test 'xmllint' to check XML markup files
[7.360s] -- Configuring done
[7.485s] -- Generating done
[7.500s] -- Build files have been written to: C:/radar_ws/build/radar_pkg
[7.516s] Invoked command in 'C:\radar_ws\build\radar_pkg' returned '0': C:\opt\ros\foxy\x64\Scripts\cmake.EXE C:\radar_ws\src\radar_pkg -DCMAKE_INSTALL_PREFIX=C:\radar_ws\install\radar_pkg -G Visual Studio 16 2019
[7.516s] Invoking command in 'C:\radar_ws\build\radar_pkg': CL=/MP C:\opt\ros\foxy\x64\Scripts\cmake.EXE --build C:\radar_ws\build\radar_pkg --config Release
[7.797s] Microsoft (R) Build Engine version 16.11.2+f32259642 for .NET Framework
[7.797s] Copyright (C) Microsoft Corporation. All rights reserved.
[7.797s] 
[8.328s]   Checking Build System
[8.485s]   Building Custom Rule C:/radar_ws/src/radar_pkg/CMakeLists.txt
[8.563s] Invoked command in 'C:\radar_ws\build\radar_pkg' returned '0': CL=/MP C:\opt\ros\foxy\x64\Scripts\cmake.EXE --build C:\radar_ws\build\radar_pkg --config Release
[8.719s] Invoking command in 'C:\radar_ws\build\radar_pkg': C:\opt\ros\foxy\x64\Scripts\cmake.EXE --install C:\radar_ws\build\radar_pkg --config Release
[8.844s] -- Installing: C:/radar_ws/install/radar_pkg/share/ament_index/resource_index/package_run_dependencies/radar_pkg
[8.844s] -- Installing: C:/radar_ws/install/radar_pkg/share/ament_index/resource_index/parent_prefix_path/radar_pkg
[8.844s] -- Installing: C:/radar_ws/install/radar_pkg/share/radar_pkg/environment/ament_prefix_path.bat
[8.860s] -- Installing: C:/radar_ws/install/radar_pkg/share/radar_pkg/environment/ament_prefix_path.dsv
[8.860s] -- Installing: C:/radar_ws/install/radar_pkg/share/radar_pkg/environment/path.bat
[8.860s] -- Installing: C:/radar_ws/install/radar_pkg/share/radar_pkg/environment/path.dsv
[8.860s] -- Installing: C:/radar_ws/install/radar_pkg/share/radar_pkg/local_setup.bat
[8.860s] -- Installing: C:/radar_ws/install/radar_pkg/share/radar_pkg/local_setup.dsv
[8.860s] -- Installing: C:/radar_ws/install/radar_pkg/share/radar_pkg/package.dsv
[8.875s] -- Installing: C:/radar_ws/install/radar_pkg/share/ament_index/resource_index/packages/radar_pkg
[8.875s] -- Installing: C:/radar_ws/install/radar_pkg/share/radar_pkg/cmake/radar_pkgConfig.cmake
[8.875s] -- Installing: C:/radar_ws/install/radar_pkg/share/radar_pkg/cmake/radar_pkgConfig-version.cmake
[8.875s] -- Installing: C:/radar_ws/install/radar_pkg/share/radar_pkg/package.xml
[8.891s] Invoked command in 'C:\radar_ws\build\radar_pkg' returned '0': C:\opt\ros\foxy\x64\Scripts\cmake.EXE --install C:\radar_ws\build\radar_pkg --config Release
