[0.906s] [34mcolcon[0m [1;30mDEBUG[0m [32mCommand line arguments: ['C:\\opt\\ros\\foxy\\x64\\Scripts\\colcon', 'build'][0m
[0.906s] [34mcolcon[0m [1;30mDEBUG[0m [32mParsed command line arguments: Namespace(ament_cmake_args=None, base_paths=['.'], build_base='build', catkin_cmake_args=None, catkin_skip_building_tests=False, cmake_args=None, cmake_clean_cache=False, cmake_clean_first=False, cmake_force_configure=False, cmake_target=None, cmake_target_skip_unavailable=False, continue_on_error=False, event_handlers=None, executor='parallel', ignore_user_meta=False, install_base='install', log_base=None, log_level=None, main=<bound method BuildVerb.main of <colcon_core.verb.build.BuildVerb object at 0x00000196D173A4C0>>, merge_install=False, metas=['./colcon.meta'], packages_above=None, packages_above_and_dependencies=None, packages_above_depth=None, packages_end=None, packages_ignore=None, packages_ignore_regex=None, packages_select=None, packages_select_build_failed=False, packages_select_by_dep=None, packages_select_regex=None, packages_select_test_failures=False, packages_skip=None, packages_skip_build_finished=False, packages_skip_by_dep=None, packages_skip_regex=None, packages_skip_test_passed=False, packages_skip_up_to=None, packages_start=None, packages_up_to=None, packages_up_to_regex=None, parallel_workers=4, paths=None, symlink_install=False, test_result_base=None, verb_extension=<colcon_core.verb.build.BuildVerb object at 0x00000196D173A4C0>, verb_name='build', verb_parser=<colcon_defaults.argument_parser.defaults.DefaultArgumentsDecorator object at 0x00000196D173A970>)[0m
[0.973s] [34mcolcon.colcon_core.package_discovery[0m [1;30mLevel 1[0m discover_packages(colcon_meta) check parameters
[0.974s] [34mcolcon.colcon_core.package_discovery[0m [1;30mLevel 1[0m discover_packages(recursive) check parameters
[0.974s] [34mcolcon.colcon_core.package_discovery[0m [1;30mLevel 1[0m discover_packages(ignore) check parameters
[0.974s] [34mcolcon.colcon_core.package_discovery[0m [1;30mLevel 1[0m discover_packages(path) check parameters
[0.974s] [34mcolcon.colcon_core.package_discovery[0m [1;30mLevel 1[0m discover_packages(colcon_meta) discover
[0.974s] [34mcolcon.colcon_core.package_discovery[0m [1;30mLevel 1[0m discover_packages(recursive) discover
[0.974s] [34mcolcon.colcon_core.package_discovery[0m [1;30mINFO[0m Crawling recursively for packages in 'C:\ws\techical_test_ROS'
[0.974s] [34mcolcon.colcon_core.package_identification[0m [1;30mLevel 1[0m _identify(.) by extensions ['ignore', 'ignore_ament_install']
[0.974s] [34mcolcon.colcon_core.package_identification[0m [1;30mLevel 1[0m _identify(.) by extension 'ignore'
[0.975s] [34mcolcon.colcon_core.package_identification[0m [1;30mLevel 1[0m _identify(.) by extension 'ignore_ament_install'
[0.975s] [34mcolcon.colcon_core.package_identification[0m [1;30mLevel 1[0m _identify(.) by extensions ['colcon_pkg']
[0.975s] [34mcolcon.colcon_core.package_identification[0m [1;30mLevel 1[0m _identify(.) by extension 'colcon_pkg'
[0.975s] [34mcolcon.colcon_core.package_identification[0m [1;30mLevel 1[0m _identify(.) by extensions ['colcon_meta']
[0.975s] [34mcolcon.colcon_core.package_identification[0m [1;30mLevel 1[0m _identify(.) by extension 'colcon_meta'
[0.975s] [34mcolcon.colcon_core.package_identification[0m [1;30mLevel 1[0m _identify(.) by extensions ['ros']
[0.975s] [34mcolcon.colcon_core.package_identification[0m [1;30mLevel 1[0m _identify(.) by extension 'ros'
[0.994s] [34mcolcon.colcon_core.package_identification[0m [1;30mLevel 1[0m _identify(.) by extensions ['cmake', 'python']
[0.994s] [34mcolcon.colcon_core.package_identification[0m [1;30mLevel 1[0m _identify(.) by extension 'cmake'
[0.994s] [34mcolcon.colcon_core.package_identification[0m [1;30mLevel 1[0m _identify(.) by extension 'python'
[0.994s] [34mcolcon.colcon_core.package_identification[0m [1;30mLevel 1[0m _identify(.) by extensions ['python_setup_py']
[0.994s] [34mcolcon.colcon_core.package_identification[0m [1;30mLevel 1[0m _identify(.) by extension 'python_setup_py'
[0.995s] [34mcolcon.colcon_core.package_identification[0m [1;30mLevel 1[0m _identify(build) by extensions ['ignore', 'ignore_ament_install']
[0.995s] [34mcolcon.colcon_core.package_identification[0m [1;30mLevel 1[0m _identify(build) by extension 'ignore'
[0.995s] [34mcolcon.colcon_core.package_identification[0m [1;30mLevel 1[0m _identify(build) ignored
[0.995s] [34mcolcon.colcon_core.package_identification[0m [1;30mLevel 1[0m _identify(install) by extensions ['ignore', 'ignore_ament_install']
[0.996s] [34mcolcon.colcon_core.package_identification[0m [1;30mLevel 1[0m _identify(install) by extension 'ignore'
[0.996s] [34mcolcon.colcon_core.package_identification[0m [1;30mLevel 1[0m _identify(install) ignored
[0.996s] [34mcolcon.colcon_core.package_identification[0m [1;30mLevel 1[0m _identify(log) by extensions ['ignore', 'ignore_ament_install']
[0.997s] [34mcolcon.colcon_core.package_identification[0m [1;30mLevel 1[0m _identify(log) by extension 'ignore'
[0.997s] [34mcolcon.colcon_core.package_identification[0m [1;30mLevel 1[0m _identify(log) ignored
[0.997s] [34mcolcon.colcon_core.package_identification[0m [1;30mLevel 1[0m _identify(radar_ws) by extensions ['ignore', 'ignore_ament_install']
[0.997s] [34mcolcon.colcon_core.package_identification[0m [1;30mLevel 1[0m _identify(radar_ws) by extension 'ignore'
[0.997s] [34mcolcon.colcon_core.package_identification[0m [1;30mLevel 1[0m _identify(radar_ws) by extension 'ignore_ament_install'
[0.998s] [34mcolcon.colcon_core.package_identification[0m [1;30mLevel 1[0m _identify(radar_ws) by extensions ['colcon_pkg']
[0.998s] [34mcolcon.colcon_core.package_identification[0m [1;30mLevel 1[0m _identify(radar_ws) by extension 'colcon_pkg'
[0.998s] [34mcolcon.colcon_core.package_identification[0m [1;30mLevel 1[0m _identify(radar_ws) by extensions ['colcon_meta']
[0.998s] [34mcolcon.colcon_core.package_identification[0m [1;30mLevel 1[0m _identify(radar_ws) by extension 'colcon_meta'
[0.998s] [34mcolcon.colcon_core.package_identification[0m [1;30mLevel 1[0m _identify(radar_ws) by extensions ['ros']
[0.999s] [34mcolcon.colcon_core.package_identification[0m [1;30mLevel 1[0m _identify(radar_ws) by extension 'ros'
[1.000s] [34mcolcon.colcon_core.package_identification[0m [1;30mLevel 1[0m _identify(radar_ws) by extensions ['cmake', 'python']
[1.000s] [34mcolcon.colcon_core.package_identification[0m [1;30mLevel 1[0m _identify(radar_ws) by extension 'cmake'
[1.001s] [34mcolcon.colcon_core.package_identification[0m [1;30mLevel 1[0m _identify(radar_ws) by extension 'python'
[1.001s] [34mcolcon.colcon_core.package_identification[0m [1;30mLevel 1[0m _identify(radar_ws) by extensions ['python_setup_py']
[1.001s] [34mcolcon.colcon_core.package_identification[0m [1;30mLevel 1[0m _identify(radar_ws) by extension 'python_setup_py'
[1.002s] [34mcolcon.colcon_core.package_identification[0m [1;30mLevel 1[0m _identify(radar_ws\build) by extensions ['ignore', 'ignore_ament_install']
[1.003s] [34mcolcon.colcon_core.package_identification[0m [1;30mLevel 1[0m _identify(radar_ws\build) by extension 'ignore'
[1.003s] [34mcolcon.colcon_core.package_identification[0m [1;30mLevel 1[0m _identify(radar_ws\build) ignored
[1.004s] [34mcolcon.colcon_core.package_identification[0m [1;30mLevel 1[0m _identify(radar_ws\install) by extensions ['ignore', 'ignore_ament_install']
[1.004s] [34mcolcon.colcon_core.package_identification[0m [1;30mLevel 1[0m _identify(radar_ws\install) by extension 'ignore'
[1.004s] [34mcolcon.colcon_core.package_identification[0m [1;30mLevel 1[0m _identify(radar_ws\install) ignored
[1.005s] [34mcolcon.colcon_core.package_identification[0m [1;30mLevel 1[0m _identify(radar_ws\log) by extensions ['ignore', 'ignore_ament_install']
[1.005s] [34mcolcon.colcon_core.package_identification[0m [1;30mLevel 1[0m _identify(radar_ws\log) by extension 'ignore'
[1.005s] [34mcolcon.colcon_core.package_identification[0m [1;30mLevel 1[0m _identify(radar_ws\log) ignored
[1.006s] [34mcolcon.colcon_core.package_identification[0m [1;30mLevel 1[0m _identify(radar_ws\src) by extensions ['ignore', 'ignore_ament_install']
[1.006s] [34mcolcon.colcon_core.package_identification[0m [1;30mLevel 1[0m _identify(radar_ws\src) by extension 'ignore'
[1.006s] [34mcolcon.colcon_core.package_identification[0m [1;30mLevel 1[0m _identify(radar_ws\src) by extension 'ignore_ament_install'
[1.006s] [34mcolcon.colcon_core.package_identification[0m [1;30mLevel 1[0m _identify(radar_ws\src) by extensions ['colcon_pkg']
[1.006s] [34mcolcon.colcon_core.package_identification[0m [1;30mLevel 1[0m _identify(radar_ws\src) by extension 'colcon_pkg'
[1.007s] [34mcolcon.colcon_core.package_identification[0m [1;30mLevel 1[0m _identify(radar_ws\src) by extensions ['colcon_meta']
[1.007s] [34mcolcon.colcon_core.package_identification[0m [1;30mLevel 1[0m _identify(radar_ws\src) by extension 'colcon_meta'
[1.007s] [34mcolcon.colcon_core.package_identification[0m [1;30mLevel 1[0m _identify(radar_ws\src) by extensions ['ros']
[1.007s] [34mcolcon.colcon_core.package_identification[0m [1;30mLevel 1[0m _identify(radar_ws\src) by extension 'ros'
[1.007s] [34mcolcon.colcon_core.package_identification[0m [1;30mLevel 1[0m _identify(radar_ws\src) by extensions ['cmake', 'python']
[1.007s] [34mcolcon.colcon_core.package_identification[0m [1;30mLevel 1[0m _identify(radar_ws\src) by extension 'cmake'
[1.007s] [34mcolcon.colcon_core.package_identification[0m [1;30mLevel 1[0m _identify(radar_ws\src) by extension 'python'
[1.007s] [34mcolcon.colcon_core.package_identification[0m [1;30mLevel 1[0m _identify(radar_ws\src) by extensions ['python_setup_py']
[1.007s] [34mcolcon.colcon_core.package_identification[0m [1;30mLevel 1[0m _identify(radar_ws\src) by extension 'python_setup_py'
[1.008s] [34mcolcon.colcon_core.package_identification[0m [1;30mLevel 1[0m _identify(radar_ws\src\radar_pkg) by extensions ['ignore', 'ignore_ament_install']
[1.009s] [34mcolcon.colcon_core.package_identification[0m [1;30mLevel 1[0m _identify(radar_ws\src\radar_pkg) by extension 'ignore'
[1.009s] [34mcolcon.colcon_core.package_identification[0m [1;30mLevel 1[0m _identify(radar_ws\src\radar_pkg) by extension 'ignore_ament_install'
[1.010s] [34mcolcon.colcon_core.package_identification[0m [1;30mLevel 1[0m _identify(radar_ws\src\radar_pkg) by extensions ['colcon_pkg']
[1.010s] [34mcolcon.colcon_core.package_identification[0m [1;30mLevel 1[0m _identify(radar_ws\src\radar_pkg) by extension 'colcon_pkg'
[1.010s] [34mcolcon.colcon_core.package_identification[0m [1;30mLevel 1[0m _identify(radar_ws\src\radar_pkg) by extensions ['colcon_meta']
[1.010s] [34mcolcon.colcon_core.package_identification[0m [1;30mLevel 1[0m _identify(radar_ws\src\radar_pkg) by extension 'colcon_meta'
[1.011s] [34mcolcon.colcon_core.package_identification[0m [1;30mLevel 1[0m _identify(radar_ws\src\radar_pkg) by extensions ['ros']
[1.011s] [34mcolcon.colcon_core.package_identification[0m [1;30mLevel 1[0m _identify(radar_ws\src\radar_pkg) by extension 'ros'
[1.016s] [34mcolcon.colcon_core.package_identification[0m [1;30mDEBUG[0m [32mPackage 'radar_ws\src\radar_pkg' with type 'ros.ament_cmake' and name 'radar_pkg'[0m
[1.016s] [34mcolcon.colcon_core.package_identification[0m [1;30mLevel 1[0m _identify(rl_ws) by extensions ['ignore', 'ignore_ament_install']
[1.016s] [34mcolcon.colcon_core.package_identification[0m [1;30mLevel 1[0m _identify(rl_ws) by extension 'ignore'
[1.017s] [34mcolcon.colcon_core.package_identification[0m [1;30mLevel 1[0m _identify(rl_ws) by extension 'ignore_ament_install'
[1.017s] [34mcolcon.colcon_core.package_identification[0m [1;30mLevel 1[0m _identify(rl_ws) by extensions ['colcon_pkg']
[1.017s] [34mcolcon.colcon_core.package_identification[0m [1;30mLevel 1[0m _identify(rl_ws) by extension 'colcon_pkg'
[1.017s] [34mcolcon.colcon_core.package_identification[0m [1;30mLevel 1[0m _identify(rl_ws) by extensions ['colcon_meta']
[1.018s] [34mcolcon.colcon_core.package_identification[0m [1;30mLevel 1[0m _identify(rl_ws) by extension 'colcon_meta'
[1.018s] [34mcolcon.colcon_core.package_identification[0m [1;30mLevel 1[0m _identify(rl_ws) by extensions ['ros']
[1.018s] [34mcolcon.colcon_core.package_identification[0m [1;30mLevel 1[0m _identify(rl_ws) by extension 'ros'
[1.018s] [34mcolcon.colcon_core.package_identification[0m [1;30mLevel 1[0m _identify(rl_ws) by extensions ['cmake', 'python']
[1.018s] [34mcolcon.colcon_core.package_identification[0m [1;30mLevel 1[0m _identify(rl_ws) by extension 'cmake'
[1.019s] [34mcolcon.colcon_core.package_identification[0m [1;30mLevel 1[0m _identify(rl_ws) by extension 'python'
[1.019s] [34mcolcon.colcon_core.package_identification[0m [1;30mLevel 1[0m _identify(rl_ws) by extensions ['python_setup_py']
[1.019s] [34mcolcon.colcon_core.package_identification[0m [1;30mLevel 1[0m _identify(rl_ws) by extension 'python_setup_py'
[1.019s] [34mcolcon.colcon_core.package_identification[0m [1;30mLevel 1[0m _identify(rl_ws\build) by extensions ['ignore', 'ignore_ament_install']
[1.019s] [34mcolcon.colcon_core.package_identification[0m [1;30mLevel 1[0m _identify(rl_ws\build) by extension 'ignore'
[1.020s] [34mcolcon.colcon_core.package_identification[0m [1;30mLevel 1[0m _identify(rl_ws\build) ignored
[1.020s] [34mcolcon.colcon_core.package_identification[0m [1;30mLevel 1[0m _identify(rl_ws\install) by extensions ['ignore', 'ignore_ament_install']
[1.020s] [34mcolcon.colcon_core.package_identification[0m [1;30mLevel 1[0m _identify(rl_ws\install) by extension 'ignore'
[1.020s] [34mcolcon.colcon_core.package_identification[0m [1;30mLevel 1[0m _identify(rl_ws\install) ignored
[1.021s] [34mcolcon.colcon_core.package_identification[0m [1;30mLevel 1[0m _identify(rl_ws\src) by extensions ['ignore', 'ignore_ament_install']
[1.021s] [34mcolcon.colcon_core.package_identification[0m [1;30mLevel 1[0m _identify(rl_ws\src) by extension 'ignore'
[1.021s] [34mcolcon.colcon_core.package_identification[0m [1;30mLevel 1[0m _identify(rl_ws\src) by extension 'ignore_ament_install'
[1.021s] [34mcolcon.colcon_core.package_identification[0m [1;30mLevel 1[0m _identify(rl_ws\src) by extensions ['colcon_pkg']
[1.021s] [34mcolcon.colcon_core.package_identification[0m [1;30mLevel 1[0m _identify(rl_ws\src) by extension 'colcon_pkg'
[1.021s] [34mcolcon.colcon_core.package_identification[0m [1;30mLevel 1[0m _identify(rl_ws\src) by extensions ['colcon_meta']
[1.021s] [34mcolcon.colcon_core.package_identification[0m [1;30mLevel 1[0m _identify(rl_ws\src) by extension 'colcon_meta'
[1.022s] [34mcolcon.colcon_core.package_identification[0m [1;30mLevel 1[0m _identify(rl_ws\src) by extensions ['ros']
[1.022s] [34mcolcon.colcon_core.package_identification[0m [1;30mLevel 1[0m _identify(rl_ws\src) by extension 'ros'
[1.022s] [34mcolcon.colcon_core.package_identification[0m [1;30mLevel 1[0m _identify(rl_ws\src) by extensions ['cmake', 'python']
[1.022s] [34mcolcon.colcon_core.package_identification[0m [1;30mLevel 1[0m _identify(rl_ws\src) by extension 'cmake'
[1.022s] [34mcolcon.colcon_core.package_identification[0m [1;30mLevel 1[0m _identify(rl_ws\src) by extension 'python'
[1.022s] [34mcolcon.colcon_core.package_identification[0m [1;30mLevel 1[0m _identify(rl_ws\src) by extensions ['python_setup_py']
[1.022s] [34mcolcon.colcon_core.package_identification[0m [1;30mLevel 1[0m _identify(rl_ws\src) by extension 'python_setup_py'
[1.023s] [34mcolcon.colcon_core.package_identification[0m [1;30mLevel 1[0m _identify(rl_ws\src\rl_pkg) by extensions ['ignore', 'ignore_ament_install']
[1.023s] [34mcolcon.colcon_core.package_identification[0m [1;30mLevel 1[0m _identify(rl_ws\src\rl_pkg) by extension 'ignore'
[1.023s] [34mcolcon.colcon_core.package_identification[0m [1;30mLevel 1[0m _identify(rl_ws\src\rl_pkg) by extension 'ignore_ament_install'
[1.023s] [34mcolcon.colcon_core.package_identification[0m [1;30mLevel 1[0m _identify(rl_ws\src\rl_pkg) by extensions ['colcon_pkg']
[1.023s] [34mcolcon.colcon_core.package_identification[0m [1;30mLevel 1[0m _identify(rl_ws\src\rl_pkg) by extension 'colcon_pkg'
[1.023s] [34mcolcon.colcon_core.package_identification[0m [1;30mLevel 1[0m _identify(rl_ws\src\rl_pkg) by extensions ['colcon_meta']
[1.023s] [34mcolcon.colcon_core.package_identification[0m [1;30mLevel 1[0m _identify(rl_ws\src\rl_pkg) by extension 'colcon_meta'
[1.023s] [34mcolcon.colcon_core.package_identification[0m [1;30mLevel 1[0m _identify(rl_ws\src\rl_pkg) by extensions ['ros']
[1.024s] [34mcolcon.colcon_core.package_identification[0m [1;30mLevel 1[0m _identify(rl_ws\src\rl_pkg) by extension 'ros'
[1.025s] [34mcolcon.colcon_core.package_identification[0m [1;30mDEBUG[0m [32mPackage 'rl_ws\src\rl_pkg' with type 'ros.ament_cmake' and name 'rl_pkg'[0m
[1.025s] [34mcolcon.colcon_core.package_discovery[0m [1;30mLevel 1[0m discover_packages(recursive) using defaults
[1.025s] [34mcolcon.colcon_core.package_discovery[0m [1;30mLevel 1[0m discover_packages(ignore) discover
[1.025s] [34mcolcon.colcon_core.package_discovery[0m [1;30mLevel 1[0m discover_packages(ignore) using defaults
[1.025s] [34mcolcon.colcon_core.package_discovery[0m [1;30mLevel 1[0m discover_packages(path) discover
[1.025s] [34mcolcon.colcon_core.package_discovery[0m [1;30mLevel 1[0m discover_packages(path) using defaults
[1.067s] [34mcolcon.colcon_core.verb[0m [1;30mLevel 5[0m set package 'radar_pkg' build argument 'cmake_args' from command line to 'None'
[1.068s] [34mcolcon.colcon_core.verb[0m [1;30mLevel 5[0m set package 'radar_pkg' build argument 'cmake_target' from command line to 'None'
[1.068s] [34mcolcon.colcon_core.verb[0m [1;30mLevel 5[0m set package 'radar_pkg' build argument 'cmake_target_skip_unavailable' from command line to 'False'
[1.068s] [34mcolcon.colcon_core.verb[0m [1;30mLevel 5[0m set package 'radar_pkg' build argument 'cmake_clean_cache' from command line to 'False'
[1.068s] [34mcolcon.colcon_core.verb[0m [1;30mLevel 5[0m set package 'radar_pkg' build argument 'cmake_clean_first' from command line to 'False'
[1.068s] [34mcolcon.colcon_core.verb[0m [1;30mLevel 5[0m set package 'radar_pkg' build argument 'cmake_force_configure' from command line to 'False'
[1.068s] [34mcolcon.colcon_core.verb[0m [1;30mLevel 5[0m set package 'radar_pkg' build argument 'ament_cmake_args' from command line to 'None'
[1.068s] [34mcolcon.colcon_core.verb[0m [1;30mLevel 5[0m set package 'radar_pkg' build argument 'catkin_cmake_args' from command line to 'None'
[1.068s] [34mcolcon.colcon_core.verb[0m [1;30mLevel 5[0m set package 'radar_pkg' build argument 'catkin_skip_building_tests' from command line to 'False'
[1.068s] [34mcolcon.colcon_core.verb[0m [1;30mDEBUG[0m [32mBuilding package 'radar_pkg' with the following arguments: {'ament_cmake_args': None, 'build_base': 'C:\\ws\\techical_test_ROS\\build\\radar_pkg', 'catkin_cmake_args': None, 'catkin_skip_building_tests': False, 'cmake_args': None, 'cmake_clean_cache': False, 'cmake_clean_first': False, 'cmake_force_configure': False, 'cmake_target': None, 'cmake_target_skip_unavailable': False, 'install_base': 'C:\\ws\\techical_test_ROS\\install\\radar_pkg', 'merge_install': False, 'path': 'C:\\ws\\techical_test_ROS\\radar_ws\\src\\radar_pkg', 'symlink_install': False, 'test_result_base': None}[0m
[1.084s] [34mcolcon.colcon_core.verb[0m [1;30mLevel 5[0m set package 'rl_pkg' build argument 'cmake_args' from command line to 'None'
[1.084s] [34mcolcon.colcon_core.verb[0m [1;30mLevel 5[0m set package 'rl_pkg' build argument 'cmake_target' from command line to 'None'
[1.084s] [34mcolcon.colcon_core.verb[0m [1;30mLevel 5[0m set package 'rl_pkg' build argument 'cmake_target_skip_unavailable' from command line to 'False'
[1.084s] [34mcolcon.colcon_core.verb[0m [1;30mLevel 5[0m set package 'rl_pkg' build argument 'cmake_clean_cache' from command line to 'False'
[1.084s] [34mcolcon.colcon_core.verb[0m [1;30mLevel 5[0m set package 'rl_pkg' build argument 'cmake_clean_first' from command line to 'False'
[1.085s] [34mcolcon.colcon_core.verb[0m [1;30mLevel 5[0m set package 'rl_pkg' build argument 'cmake_force_configure' from command line to 'False'
[1.085s] [34mcolcon.colcon_core.verb[0m [1;30mLevel 5[0m set package 'rl_pkg' build argument 'ament_cmake_args' from command line to 'None'
[1.085s] [34mcolcon.colcon_core.verb[0m [1;30mLevel 5[0m set package 'rl_pkg' build argument 'catkin_cmake_args' from command line to 'None'
[1.085s] [34mcolcon.colcon_core.verb[0m [1;30mLevel 5[0m set package 'rl_pkg' build argument 'catkin_skip_building_tests' from command line to 'False'
[1.085s] [34mcolcon.colcon_core.verb[0m [1;30mDEBUG[0m [32mBuilding package 'rl_pkg' with the following arguments: {'ament_cmake_args': None, 'build_base': 'C:\\ws\\techical_test_ROS\\build\\rl_pkg', 'catkin_cmake_args': None, 'catkin_skip_building_tests': False, 'cmake_args': None, 'cmake_clean_cache': False, 'cmake_clean_first': False, 'cmake_force_configure': False, 'cmake_target': None, 'cmake_target_skip_unavailable': False, 'install_base': 'C:\\ws\\techical_test_ROS\\install\\rl_pkg', 'merge_install': False, 'path': 'C:\\ws\\techical_test_ROS\\rl_ws\\src\\rl_pkg', 'symlink_install': False, 'test_result_base': None}[0m
[1.088s] [34mcolcon.colcon_core.executor[0m [1;30mINFO[0m Executing jobs using 'parallel' executor
[1.116s] [34mcolcon.colcon_parallel_executor.executor.parallel[0m [1;30mDEBUG[0m [32mrun_until_complete[0m
[1.116s] [34mcolcon.colcon_ros.task.ament_cmake.build[0m [1;30mINFO[0m Building ROS package in 'C:\ws\techical_test_ROS\radar_ws\src\radar_pkg' with build type 'ament_cmake'
[1.117s] [34mcolcon.colcon_cmake.task.cmake.build[0m [1;30mINFO[0m Building CMake package in 'C:\ws\techical_test_ROS\radar_ws\src\radar_pkg'
[1.127s] [34mcolcon.colcon_core.plugin_system[0m [1;30mINFO[0m Skipping extension 'colcon_core.shell.sh': Not used on Windows systems
[1.128s] [34mcolcon.colcon_core.shell[0m [1;30mINFO[0m Skip shell extension 'powershell' for command environment: Not usable outside of PowerShell
[1.144s] [34mcolcon.colcon_ros.prefix_path.catkin[0m [1;30mWARNING[0m [33mThe path 'C:\opt\ros\foxy\x64\tools\vcpkg\installed\x64-windows' in the environment variable CMAKE_PREFIX_PATH doesn't exist[0m
[1.204s] [34mcolcon.colcon_ros.task.ament_cmake.build[0m [1;30mINFO[0m Building ROS package in 'C:\ws\techical_test_ROS\rl_ws\src\rl_pkg' with build type 'ament_cmake'
[1.204s] [34mcolcon.colcon_cmake.task.cmake.build[0m [1;30mINFO[0m Building CMake package in 'C:\ws\techical_test_ROS\rl_ws\src\rl_pkg'
[1.213s] [34mcolcon.colcon_core.shell[0m [1;30mINFO[0m Skip shell extension 'powershell' for command environment: Not usable outside of PowerShell
[1.289s] [34mcolcon.colcon_core.event_handler.log_command[0m [1;30mDEBUG[0m [32mInvoking command in 'C:\ws\techical_test_ROS\build\radar_pkg': C:\opt\ros\foxy\x64\Scripts\cmake.EXE C:\ws\techical_test_ROS\radar_ws\src\radar_pkg -DCMAKE_INSTALL_PREFIX=C:\ws\techical_test_ROS\install\radar_pkg -G Visual Studio 16 2019[0m
[1.303s] [34mcolcon.colcon_core.event_handler.log_command[0m [1;30mDEBUG[0m [32mInvoking command in 'C:\ws\techical_test_ROS\build\rl_pkg': C:\opt\ros\foxy\x64\Scripts\cmake.EXE C:\ws\techical_test_ROS\rl_ws\src\rl_pkg -DCMAKE_INSTALL_PREFIX=C:\ws\techical_test_ROS\install\rl_pkg -G Visual Studio 16 2019[0m
[12.386s] [34mcolcon.colcon_core.event_handler.log_command[0m [1;30mDEBUG[0m [32mInvoked command in 'C:\ws\techical_test_ROS\build\rl_pkg' returned '0': C:\opt\ros\foxy\x64\Scripts\cmake.EXE C:\ws\techical_test_ROS\rl_ws\src\rl_pkg -DCMAKE_INSTALL_PREFIX=C:\ws\techical_test_ROS\install\rl_pkg -G Visual Studio 16 2019[0m
[12.390s] [34mcolcon.colcon_core.event_handler.log_command[0m [1;30mDEBUG[0m [32mInvoking command in 'C:\ws\techical_test_ROS\build\rl_pkg': CL=/MP C:\opt\ros\foxy\x64\Scripts\cmake.EXE --build C:\ws\techical_test_ROS\build\rl_pkg --config Release[0m
[12.449s] [34mcolcon.colcon_core.event_handler.log_command[0m [1;30mDEBUG[0m [32mInvoked command in 'C:\ws\techical_test_ROS\build\radar_pkg' returned '0': C:\opt\ros\foxy\x64\Scripts\cmake.EXE C:\ws\techical_test_ROS\radar_ws\src\radar_pkg -DCMAKE_INSTALL_PREFIX=C:\ws\techical_test_ROS\install\radar_pkg -G Visual Studio 16 2019[0m
[12.452s] [34mcolcon.colcon_core.event_handler.log_command[0m [1;30mDEBUG[0m [32mInvoking command in 'C:\ws\techical_test_ROS\build\radar_pkg': CL=/MP C:\opt\ros\foxy\x64\Scripts\cmake.EXE --build C:\ws\techical_test_ROS\build\radar_pkg --config Release[0m
[14.935s] [34mcolcon.colcon_core.event_handler.log_command[0m [1;30mDEBUG[0m [32mInvoked command in 'C:\ws\techical_test_ROS\build\rl_pkg' returned '0': CL=/MP C:\opt\ros\foxy\x64\Scripts\cmake.EXE --build C:\ws\techical_test_ROS\build\rl_pkg --config Release[0m
[15.076s] [34mcolcon.colcon_core.event_handler.log_command[0m [1;30mDEBUG[0m [32mInvoking command in 'C:\ws\techical_test_ROS\build\rl_pkg': C:\opt\ros\foxy\x64\Scripts\cmake.EXE --install C:\ws\techical_test_ROS\build\rl_pkg --config Release[0m
[15.081s] [34mcolcon.colcon_core.event_handler.log_command[0m [1;30mDEBUG[0m [32mInvoked command in 'C:\ws\techical_test_ROS\build\radar_pkg' returned '0': CL=/MP C:\opt\ros\foxy\x64\Scripts\cmake.EXE --build C:\ws\techical_test_ROS\build\radar_pkg --config Release[0m
[15.085s] [34mcolcon.colcon_core.event_handler.log_command[0m [1;30mDEBUG[0m [32mInvoking command in 'C:\ws\techical_test_ROS\build\radar_pkg': C:\opt\ros\foxy\x64\Scripts\cmake.EXE --install C:\ws\techical_test_ROS\build\radar_pkg --config Release[0m
[15.294s] [34mcolcon.colcon_core.environment[0m [1;30mLevel 1[0m create_environment_scripts_only(rl_pkg)
[15.298s] [34mcolcon.colcon_core.event_handler.log_command[0m [1;30mDEBUG[0m [32mInvoked command in 'C:\ws\techical_test_ROS\build\rl_pkg' returned '0': C:\opt\ros\foxy\x64\Scripts\cmake.EXE --install C:\ws\techical_test_ROS\build\rl_pkg --config Release[0m
[15.317s] [34mcolcon.colcon_core.environment[0m [1;30mLevel 1[0m checking 'C:\ws\techical_test_ROS\install\rl_pkg' for CMake module files
[15.319s] [34mcolcon.colcon_core.environment[0m [1;30mLevel 1[0m checking 'C:\ws\techical_test_ROS\install\rl_pkg' for CMake config files
[15.320s] [34mcolcon.colcon_core.shell[0m [1;30mLevel 1[0m create_environment_hook('rl_pkg', 'cmake_prefix_path')
[15.328s] [34mcolcon.colcon_core.shell[0m [1;30mINFO[0m Creating environment hook 'C:\ws\techical_test_ROS\install\rl_pkg\share\rl_pkg\hook\cmake_prefix_path.ps1'
[15.330s] [34mcolcon.colcon_core.shell[0m [1;30mINFO[0m Creating environment hook 'C:\ws\techical_test_ROS\install\rl_pkg\share\rl_pkg\hook\cmake_prefix_path.bat'
[15.331s] [34mcolcon.colcon_core.shell[0m [1;30mINFO[0m Creating environment descriptor 'C:\ws\techical_test_ROS\install\rl_pkg\share\rl_pkg\hook\cmake_prefix_path.dsv'
[15.333s] [34mcolcon.colcon_core.environment[0m [1;30mLevel 1[0m checking 'C:\ws\techical_test_ROS\install\rl_pkg\bin'
[15.333s] [34mcolcon.colcon_core.environment[0m [1;30mLevel 1[0m checking 'C:\ws\techical_test_ROS\install\rl_pkg\bin'
[15.333s] [34mcolcon.colcon_core.shell[0m [1;30mLevel 1[0m create_environment_hook('rl_pkg', 'path')
[15.341s] [34mcolcon.colcon_core.shell[0m [1;30mINFO[0m Creating environment hook 'C:\ws\techical_test_ROS\install\rl_pkg\share\rl_pkg\hook\path.ps1'
[15.342s] [34mcolcon.colcon_core.shell[0m [1;30mINFO[0m Creating environment hook 'C:\ws\techical_test_ROS\install\rl_pkg\share\rl_pkg\hook\path.bat'
[15.343s] [34mcolcon.colcon_core.shell[0m [1;30mINFO[0m Creating environment descriptor 'C:\ws\techical_test_ROS\install\rl_pkg\share\rl_pkg\hook\path.dsv'
[15.344s] [34mcolcon.colcon_core.environment[0m [1;30mLevel 1[0m checking 'C:\ws\techical_test_ROS\install\rl_pkg\Scripts'
[15.345s] [34mcolcon.colcon_core.environment[0m [1;30mLevel 1[0m checking 'C:\ws\techical_test_ROS\install\rl_pkg\lib\pkgconfig\rl_pkg.pc'
[15.345s] [34mcolcon.colcon_core.environment[0m [1;30mLevel 1[0m checking 'C:\ws\techical_test_ROS\install\rl_pkg\Lib\site-packages'
[15.353s] [34mcolcon.colcon_core.shell[0m [1;30mINFO[0m Creating package script 'C:\ws\techical_test_ROS\install\rl_pkg\share\rl_pkg\package.ps1'
[15.355s] [34mcolcon.colcon_core.shell[0m [1;30mINFO[0m Creating package script 'C:\ws\techical_test_ROS\install\rl_pkg\share\rl_pkg\package.bat'
[15.357s] [34mcolcon.colcon_core.shell[0m [1;30mINFO[0m Creating package descriptor 'C:\ws\techical_test_ROS\install\rl_pkg\share\rl_pkg\package.dsv'
[15.359s] [34mcolcon.colcon_core.environment[0m [1;30mLevel 1[0m create_file_with_runtime_dependencies(C:\ws\techical_test_ROS\install\rl_pkg\share\colcon-core\packages\rl_pkg)
[15.368s] [34mcolcon.colcon_core.environment[0m [1;30mLevel 1[0m create_environment_scripts_only(rl_pkg)
[15.381s] [34mcolcon.colcon_core.environment[0m [1;30mLevel 1[0m checking 'C:\ws\techical_test_ROS\install\rl_pkg' for CMake module files
[15.383s] [34mcolcon.colcon_core.environment[0m [1;30mLevel 1[0m checking 'C:\ws\techical_test_ROS\install\rl_pkg' for CMake config files
[15.384s] [34mcolcon.colcon_core.shell[0m [1;30mLevel 1[0m create_environment_hook('rl_pkg', 'cmake_prefix_path')
[15.393s] [34mcolcon.colcon_core.shell[0m [1;30mINFO[0m Creating environment hook 'C:\ws\techical_test_ROS\install\rl_pkg\share\rl_pkg\hook\cmake_prefix_path.ps1'
[15.395s] [34mcolcon.colcon_core.shell[0m [1;30mINFO[0m Creating environment hook 'C:\ws\techical_test_ROS\install\rl_pkg\share\rl_pkg\hook\cmake_prefix_path.bat'
[15.396s] [34mcolcon.colcon_core.shell[0m [1;30mINFO[0m Creating environment descriptor 'C:\ws\techical_test_ROS\install\rl_pkg\share\rl_pkg\hook\cmake_prefix_path.dsv'
[15.397s] [34mcolcon.colcon_core.environment[0m [1;30mLevel 1[0m checking 'C:\ws\techical_test_ROS\install\rl_pkg\bin'
[15.397s] [34mcolcon.colcon_core.environment[0m [1;30mLevel 1[0m checking 'C:\ws\techical_test_ROS\install\rl_pkg\bin'
[15.397s] [34mcolcon.colcon_core.shell[0m [1;30mLevel 1[0m create_environment_hook('rl_pkg', 'path')
[15.410s] [34mcolcon.colcon_core.shell[0m [1;30mINFO[0m Creating environment hook 'C:\ws\techical_test_ROS\install\rl_pkg\share\rl_pkg\hook\path.ps1'
[15.411s] [34mcolcon.colcon_core.shell[0m [1;30mINFO[0m Creating environment hook 'C:\ws\techical_test_ROS\install\rl_pkg\share\rl_pkg\hook\path.bat'
[15.412s] [34mcolcon.colcon_core.shell[0m [1;30mINFO[0m Creating environment descriptor 'C:\ws\techical_test_ROS\install\rl_pkg\share\rl_pkg\hook\path.dsv'
[15.413s] [34mcolcon.colcon_core.environment[0m [1;30mLevel 1[0m checking 'C:\ws\techical_test_ROS\install\rl_pkg\Scripts'
[15.413s] [34mcolcon.colcon_core.environment[0m [1;30mLevel 1[0m checking 'C:\ws\techical_test_ROS\install\rl_pkg\lib\pkgconfig\rl_pkg.pc'
[15.414s] [34mcolcon.colcon_core.environment[0m [1;30mLevel 1[0m checking 'C:\ws\techical_test_ROS\install\rl_pkg\Lib\site-packages'
[15.423s] [34mcolcon.colcon_core.shell[0m [1;30mINFO[0m Creating package script 'C:\ws\techical_test_ROS\install\rl_pkg\share\rl_pkg\package.ps1'
[15.424s] [34mcolcon.colcon_core.shell[0m [1;30mINFO[0m Creating package script 'C:\ws\techical_test_ROS\install\rl_pkg\share\rl_pkg\package.bat'
[15.425s] [34mcolcon.colcon_core.shell[0m [1;30mINFO[0m Creating package descriptor 'C:\ws\techical_test_ROS\install\rl_pkg\share\rl_pkg\package.dsv'
[15.428s] [34mcolcon.colcon_core.environment[0m [1;30mLevel 1[0m create_file_with_runtime_dependencies(C:\ws\techical_test_ROS\install\rl_pkg\share\colcon-core\packages\rl_pkg)
[15.429s] [34mcolcon.colcon_core.environment[0m [1;30mLevel 1[0m create_environment_scripts_only(radar_pkg)
[15.441s] [34mcolcon.colcon_core.environment[0m [1;30mLevel 1[0m checking 'C:\ws\techical_test_ROS\install\radar_pkg' for CMake module files
[15.443s] [34mcolcon.colcon_core.event_handler.log_command[0m [1;30mDEBUG[0m [32mInvoked command in 'C:\ws\techical_test_ROS\build\radar_pkg' returned '0': C:\opt\ros\foxy\x64\Scripts\cmake.EXE --install C:\ws\techical_test_ROS\build\radar_pkg --config Release[0m
[15.444s] [34mcolcon.colcon_core.environment[0m [1;30mLevel 1[0m checking 'C:\ws\techical_test_ROS\install\radar_pkg' for CMake config files
[15.446s] [34mcolcon.colcon_core.shell[0m [1;30mLevel 1[0m create_environment_hook('radar_pkg', 'cmake_prefix_path')
[15.453s] [34mcolcon.colcon_core.shell[0m [1;30mINFO[0m Creating environment hook 'C:\ws\techical_test_ROS\install\radar_pkg\share\radar_pkg\hook\cmake_prefix_path.ps1'
[15.455s] [34mcolcon.colcon_core.shell[0m [1;30mINFO[0m Creating environment hook 'C:\ws\techical_test_ROS\install\radar_pkg\share\radar_pkg\hook\cmake_prefix_path.bat'
[15.456s] [34mcolcon.colcon_core.shell[0m [1;30mINFO[0m Creating environment descriptor 'C:\ws\techical_test_ROS\install\radar_pkg\share\radar_pkg\hook\cmake_prefix_path.dsv'
[15.458s] [34mcolcon.colcon_core.environment[0m [1;30mLevel 1[0m checking 'C:\ws\techical_test_ROS\install\radar_pkg\bin'
[15.458s] [34mcolcon.colcon_core.environment[0m [1;30mLevel 1[0m checking 'C:\ws\techical_test_ROS\install\radar_pkg\bin'
[15.459s] [34mcolcon.colcon_core.shell[0m [1;30mLevel 1[0m create_environment_hook('radar_pkg', 'path')
[15.467s] [34mcolcon.colcon_core.shell[0m [1;30mINFO[0m Creating environment hook 'C:\ws\techical_test_ROS\install\radar_pkg\share\radar_pkg\hook\path.ps1'
[15.469s] [34mcolcon.colcon_core.shell[0m [1;30mINFO[0m Creating environment hook 'C:\ws\techical_test_ROS\install\radar_pkg\share\radar_pkg\hook\path.bat'
[15.470s] [34mcolcon.colcon_core.shell[0m [1;30mINFO[0m Creating environment descriptor 'C:\ws\techical_test_ROS\install\radar_pkg\share\radar_pkg\hook\path.dsv'
[15.471s] [34mcolcon.colcon_core.environment[0m [1;30mLevel 1[0m checking 'C:\ws\techical_test_ROS\install\radar_pkg\Scripts'
[15.472s] [34mcolcon.colcon_core.environment[0m [1;30mLevel 1[0m checking 'C:\ws\techical_test_ROS\install\radar_pkg\lib\pkgconfig\radar_pkg.pc'
[15.472s] [34mcolcon.colcon_core.environment[0m [1;30mLevel 1[0m checking 'C:\ws\techical_test_ROS\install\radar_pkg\Lib\site-packages'
[15.480s] [34mcolcon.colcon_core.shell[0m [1;30mINFO[0m Creating package script 'C:\ws\techical_test_ROS\install\radar_pkg\share\radar_pkg\package.ps1'
[15.482s] [34mcolcon.colcon_core.shell[0m [1;30mINFO[0m Creating package script 'C:\ws\techical_test_ROS\install\radar_pkg\share\radar_pkg\package.bat'
[15.483s] [34mcolcon.colcon_core.shell[0m [1;30mINFO[0m Creating package descriptor 'C:\ws\techical_test_ROS\install\radar_pkg\share\radar_pkg\package.dsv'
[15.484s] [34mcolcon.colcon_core.environment[0m [1;30mLevel 1[0m create_file_with_runtime_dependencies(C:\ws\techical_test_ROS\install\radar_pkg\share\colcon-core\packages\radar_pkg)
[15.494s] [34mcolcon.colcon_core.environment[0m [1;30mLevel 1[0m create_environment_scripts_only(radar_pkg)
[15.507s] [34mcolcon.colcon_core.environment[0m [1;30mLevel 1[0m checking 'C:\ws\techical_test_ROS\install\radar_pkg' for CMake module files
[15.509s] [34mcolcon.colcon_core.environment[0m [1;30mLevel 1[0m checking 'C:\ws\techical_test_ROS\install\radar_pkg' for CMake config files
[15.511s] [34mcolcon.colcon_core.shell[0m [1;30mLevel 1[0m create_environment_hook('radar_pkg', 'cmake_prefix_path')
[15.519s] [34mcolcon.colcon_core.shell[0m [1;30mINFO[0m Creating environment hook 'C:\ws\techical_test_ROS\install\radar_pkg\share\radar_pkg\hook\cmake_prefix_path.ps1'
[15.520s] [34mcolcon.colcon_core.shell[0m [1;30mINFO[0m Creating environment hook 'C:\ws\techical_test_ROS\install\radar_pkg\share\radar_pkg\hook\cmake_prefix_path.bat'
[15.521s] [34mcolcon.colcon_core.shell[0m [1;30mINFO[0m Creating environment descriptor 'C:\ws\techical_test_ROS\install\radar_pkg\share\radar_pkg\hook\cmake_prefix_path.dsv'
[15.522s] [34mcolcon.colcon_core.environment[0m [1;30mLevel 1[0m checking 'C:\ws\techical_test_ROS\install\radar_pkg\bin'
[15.522s] [34mcolcon.colcon_core.environment[0m [1;30mLevel 1[0m checking 'C:\ws\techical_test_ROS\install\radar_pkg\bin'
[15.523s] [34mcolcon.colcon_core.shell[0m [1;30mLevel 1[0m create_environment_hook('radar_pkg', 'path')
[15.530s] [34mcolcon.colcon_core.shell[0m [1;30mINFO[0m Creating environment hook 'C:\ws\techical_test_ROS\install\radar_pkg\share\radar_pkg\hook\path.ps1'
[15.532s] [34mcolcon.colcon_core.shell[0m [1;30mINFO[0m Creating environment hook 'C:\ws\techical_test_ROS\install\radar_pkg\share\radar_pkg\hook\path.bat'
[15.533s] [34mcolcon.colcon_core.shell[0m [1;30mINFO[0m Creating environment descriptor 'C:\ws\techical_test_ROS\install\radar_pkg\share\radar_pkg\hook\path.dsv'
[15.533s] [34mcolcon.colcon_core.environment[0m [1;30mLevel 1[0m checking 'C:\ws\techical_test_ROS\install\radar_pkg\Scripts'
[15.534s] [34mcolcon.colcon_core.environment[0m [1;30mLevel 1[0m checking 'C:\ws\techical_test_ROS\install\radar_pkg\lib\pkgconfig\radar_pkg.pc'
[15.534s] [34mcolcon.colcon_core.environment[0m [1;30mLevel 1[0m checking 'C:\ws\techical_test_ROS\install\radar_pkg\Lib\site-packages'
[15.542s] [34mcolcon.colcon_core.shell[0m [1;30mINFO[0m Creating package script 'C:\ws\techical_test_ROS\install\radar_pkg\share\radar_pkg\package.ps1'
[15.544s] [34mcolcon.colcon_core.shell[0m [1;30mINFO[0m Creating package script 'C:\ws\techical_test_ROS\install\radar_pkg\share\radar_pkg\package.bat'
[15.545s] [34mcolcon.colcon_core.shell[0m [1;30mINFO[0m Creating package descriptor 'C:\ws\techical_test_ROS\install\radar_pkg\share\radar_pkg\package.dsv'
[15.546s] [34mcolcon.colcon_core.environment[0m [1;30mLevel 1[0m create_file_with_runtime_dependencies(C:\ws\techical_test_ROS\install\radar_pkg\share\colcon-core\packages\radar_pkg)
[15.547s] [34mcolcon.colcon_parallel_executor.executor.parallel[0m [1;30mDEBUG[0m [32mrun_until_complete finished with '0'[0m
[15.547s] [34mcolcon.colcon_core.event_reactor[0m [1;30mDEBUG[0m [32mjoining thread[0m
[15.562s] [34mcolcon.colcon_core.plugin_system[0m [1;30mINFO[0m Skipping extension 'colcon_notification.desktop_notification.notify2': 'notify2' not found
[15.562s] [34mcolcon.colcon_core.plugin_system[0m [1;30mINFO[0m Skipping extension 'colcon_notification.desktop_notification.notify_send': Not used on non-Linux systems
[15.563s] [34mcolcon.colcon_core.plugin_system[0m [1;30mINFO[0m Skipping extension 'colcon_notification.desktop_notification.terminal_notifier': Not used on non-Darwin systems
[15.563s] [34mcolcon.colcon_notification.desktop_notification[0m [1;30mINFO[0m Sending desktop notification using 'win32'
[20.626s] [34mcolcon.colcon_core.event_reactor[0m [1;30mDEBUG[0m [32mjoined thread[0m
[20.636s] [34mcolcon.colcon_core.shell[0m [1;30mINFO[0m Creating prefix script 'C:\ws\techical_test_ROS\install\local_setup.ps1'
[20.638s] [34mcolcon.colcon_core.shell[0m [1;30mINFO[0m Creating prefix util module 'C:\ws\techical_test_ROS\install\_local_setup_util_ps1.py'
[20.641s] [34mcolcon.colcon_core.shell[0m [1;30mINFO[0m Creating prefix chain script 'C:\ws\techical_test_ROS\install\setup.ps1'
[20.651s] [34mcolcon.colcon_core.shell[0m [1;30mINFO[0m Creating prefix script 'C:\ws\techical_test_ROS\install\local_setup.bat'
[20.654s] [34mcolcon.colcon_core.shell[0m [1;30mINFO[0m Creating prefix util module 'C:\ws\techical_test_ROS\install\_local_setup_util_bat.py'
[20.656s] [34mcolcon.colcon_core.shell[0m [1;30mINFO[0m Creating prefix chain script 'C:\ws\techical_test_ROS\install\setup.bat'
