[0.109s] Invoking command in 'C:\ws\techical_test_ROS\build\rl_pkg': C:\opt\ros\foxy\x64\Scripts\cmake.EXE C:\ws\techical_test_ROS\rl_ws\src\rl_pkg -DCMAKE_INSTALL_PREFIX=C:\ws\techical_test_ROS\install\rl_pkg
[0.234s] -- Selecting Windows SDK version 10.0.22621.0 to target Windows 10.0.19045.
[0.265s] -- Found ament_cmake: 0.9.9 (C:/opt/ros/foxy/x64/share/ament_cmake/cmake)
[0.343s] -- Using PYTHON_EXECUTABLE: C:/msys64/mingw64/bin/python3.exe
[0.890s] -- Found rclcpp: 2.4.0 (C:/opt/ros/foxy/x64/share/rclcpp/cmake)
[1.156s] -- Using all available rosidl_typesupport_c: rosidl_typesupport_fastrtps_c;rosidl_typesupport_introspection_c
[1.218s] -- Found rosidl_adapter: 1.2.1 (C:/opt/ros/foxy/x64/share/rosidl_adapter/cmake)
[1.687s] -- Found OpenSSL: C:/opt/ros/foxy/x64/Lib/libcrypto.lib (found version "1.1.1g")  
[1.953s] -- Found FastRTPS: C:/opt/ros/foxy/x64/include  
[2.625s] -- Using all available rosidl_typesupport_cpp: rosidl_typesupport_fastrtps_cpp;rosidl_typesupport_introspection_cpp
[2.875s] -- Found rmw_implementation_cmake: 1.0.3 (C:/opt/ros/foxy/x64/share/rmw_implementation_cmake/cmake)
[2.875s] -- Using RMW implementation 'rmw_fastrtps_cpp' as default
[2.890s] -- Looking for pthread.h
[3.984s] -- Looking for pthread.h - not found
[4.000s] -- Found Threads: TRUE  
[4.343s] -- Found ament_lint_auto: 0.9.6 (C:/opt/ros/foxy/x64/share/ament_lint_auto/cmake)
[4.546s] -- Added test 'copyright' to check source files copyright and LICENSE
[4.546s] -- Added test 'cppcheck' to perform static code analysis on C / C++ code
[4.546s] -- Configured cppcheck include dirs: C:/ws/techical_test_ROS/rl_ws/src/rl_pkg/include
[4.546s] -- Configured cppcheck exclude dirs and/or files: 
[4.562s] -- Added test 'cpplint' to check C / C++ code against the Google style
[4.562s] -- Configured cpplint exclude dirs and/or files: 
[4.562s] -- Added test 'lint_cmake' to check CMake code style
[4.578s] -- Added test 'uncrustify' to check C / C++ code style
[4.578s] -- Configured uncrustify additional arguments: 
[4.578s] -- Added test 'xmllint' to check XML markup files
[4.656s] -- Configuring done
[4.937s] -- Generating done
[4.953s] -- Build files have been written to: C:/ws/techical_test_ROS/build/rl_pkg
[4.968s] Invoked command in 'C:\ws\techical_test_ROS\build\rl_pkg' returned '0': C:\opt\ros\foxy\x64\Scripts\cmake.EXE C:\ws\techical_test_ROS\rl_ws\src\rl_pkg -DCMAKE_INSTALL_PREFIX=C:\ws\techical_test_ROS\install\rl_pkg
[4.984s] Invoking command in 'C:\ws\techical_test_ROS\build\rl_pkg': CL=/MP C:\opt\ros\foxy\x64\Scripts\cmake.EXE --build C:\ws\techical_test_ROS\build\rl_pkg --config Release
[5.250s] Microsoft (R) Build Engine version 16.11.2+f32259642 for .NET Framework
[5.250s] Copyright (C) Microsoft Corporation. All rights reserved.
[5.250s] 
[5.843s]   Checking Build System
[6.078s]   Building Custom Rule C:/ws/techical_test_ROS/rl_ws/src/rl_pkg/CMakeLists.txt
[6.296s]   main.cpp
[6.656s] C:\ws\techical_test_ROS\rl_ws\src\rl_pkg\src\main.cpp(19,24): warning C4267: 'initialisation'ÿ: conversion de 'size_t' en 'int', perte possible de donn‚es [C:\ws\techical_test_ROS\build\rl_pkg\main.vcxproj]
[7.250s]   main.vcxproj -> C:\ws\techical_test_ROS\build\rl_pkg\Release\main.exe
[7.328s]   Building Custom Rule C:/ws/techical_test_ROS/rl_ws/src/rl_pkg/CMakeLists.txt
[7.437s] Invoked command in 'C:\ws\techical_test_ROS\build\rl_pkg' returned '0': CL=/MP C:\opt\ros\foxy\x64\Scripts\cmake.EXE --build C:\ws\techical_test_ROS\build\rl_pkg --config Release
[7.578s] Invoking command in 'C:\ws\techical_test_ROS\build\rl_pkg': C:\opt\ros\foxy\x64\Scripts\cmake.EXE --install C:\ws\techical_test_ROS\build\rl_pkg --config Release
[7.718s] -- Installing: C:/ws/techical_test_ROS/install/rl_pkg/bin/main.exe
[7.718s] -- Installing: C:/ws/techical_test_ROS/install/rl_pkg/lib/rl_pkg/main.exe
[7.718s] -- Up-to-date: C:/ws/techical_test_ROS/install/rl_pkg/share/ament_index/resource_index/package_run_dependencies/rl_pkg
[7.718s] -- Up-to-date: C:/ws/techical_test_ROS/install/rl_pkg/share/ament_index/resource_index/parent_prefix_path/rl_pkg
[7.718s] -- Up-to-date: C:/ws/techical_test_ROS/install/rl_pkg/share/rl_pkg/environment/ament_prefix_path.bat
[7.718s] -- Installing: C:/ws/techical_test_ROS/install/rl_pkg/share/rl_pkg/environment/ament_prefix_path.dsv
[7.734s] -- Up-to-date: C:/ws/techical_test_ROS/install/rl_pkg/share/rl_pkg/environment/path.bat
[7.734s] -- Installing: C:/ws/techical_test_ROS/install/rl_pkg/share/rl_pkg/environment/path.dsv
[7.734s] -- Up-to-date: C:/ws/techical_test_ROS/install/rl_pkg/share/rl_pkg/local_setup.bat
[7.750s] -- Installing: C:/ws/techical_test_ROS/install/rl_pkg/share/rl_pkg/local_setup.dsv
[7.765s] -- Installing: C:/ws/techical_test_ROS/install/rl_pkg/share/rl_pkg/package.dsv
[7.765s] -- Up-to-date: C:/ws/techical_test_ROS/install/rl_pkg/share/ament_index/resource_index/packages/rl_pkg
[7.765s] -- Up-to-date: C:/ws/techical_test_ROS/install/rl_pkg/share/rl_pkg/cmake/rl_pkgConfig.cmake
[7.765s] -- Up-to-date: C:/ws/techical_test_ROS/install/rl_pkg/share/rl_pkg/cmake/rl_pkgConfig-version.cmake
[7.765s] -- Installing: C:/ws/techical_test_ROS/install/rl_pkg/share/rl_pkg/package.xml
[7.781s] Invoked command in 'C:\ws\techical_test_ROS\build\rl_pkg' returned '0': C:\opt\ros\foxy\x64\Scripts\cmake.EXE --install C:\ws\techical_test_ROS\build\rl_pkg --config Release
